GitLens v15.6.1 activating in Visual Studio Code (1.94.2) on the desktop; language='en', logLevel='warn', defaultDateLocale='null' (3237e22383950695e2285d27ae51a90155d0bf935d2ef78f8266e5b153f5dd01|2519544b-0afc-4f22-bcca-44fc8131b8451729173279513)
To enable debug logging, set `"gitlens.outputLevel: "debug"` or run "GitLens: Enable Debug Logging" from the Command Palette
[2024-10-17 13:54:43.262] [GIT          ] [/opt/lampp/htdocs] git rev-parse --show-toplevel • Command failed: /usr/bin/git -c core.quotepath=false -c color.ui=false rev-parse --show-toplevel • not a git repository (or any of the parent directories): .git [65ms]

[2024-10-17 13:54:43.441] [GIT          ] [/opt/lampp/htdocs/web1] git rev-parse --show-toplevel • Command failed: /usr/bin/git -c core.quotepath=false -c color.ui=false rev-parse --show-toplevel • not a git repository (or any of the parent directories): .git [41ms]
[2024-10-17 14:28:55.209] getLocalWorkspaceData
EntryNotFound (FileSystemError): Error: ENOENT: no such file or directory, open '/home/hplat/.gitkraken/workspaces/workspaces.json'[2024-10-17 14:38:08.084] [GIT          ] [/opt/lampp/htdocs/web1] git rev-parse --show-toplevel • Command failed: /usr/bin/git -c core.quotepath=false -c color.ui=false rev-parse --show-toplevel • not a git repository (or any of the parent directories): .git [13ms]
[2024-10-17 15:24:45.484] [GIT          ] [/home/hplat/.vscode/extensions/bmewburn.vscode-intelephense-client-1.12.6/node_modules/intelephense/lib/stub/superglobals] git rev-parse --show-toplevel • Command failed: /usr/bin/git -c core.quotepath=false -c color.ui=false rev-parse --show-toplevel • not a git repository (or any of the parent directories): .git [17ms]
[2024-10-17 23:19:12.117] [GIT          ] [/opt/lampp/htdocs/ktra] git rev-parse --show-toplevel • Command failed: /usr/bin/git -c core.quotepath=false -c color.ui=false rev-parse --show-toplevel • not a git repository (or any of the parent directories): .git [14ms]
[2024-10-17 23:32:54.495] [GIT          ] [/opt/lampp/htdocs/ktra/src] git rev-parse --show-toplevel • Command failed: /usr/bin/git -c core.quotepath=false -c color.ui=false rev-parse --show-toplevel • not a git repository (or any of the parent directories): .git [40ms]

[2024-10-17 23:32:54.844] [GIT          ] [/opt/lampp/htdocs/ktra/src] git rev-parse --show-toplevel • Command failed: /usr/bin/git -c core.quotepath=false -c color.ui=false rev-parse --show-toplevel • not a git repository (or any of the parent directories): .git [12ms]
[2024-10-17 23:37:49.751] [GIT          ] [/opt/lampp/htdocs/ktra] git rev-parse --show-toplevel • Command failed: /usr/bin/git -c core.quotepath=false -c color.ui=false rev-parse --show-toplevel • not a git repository (or any of the parent directories): .git [15ms]
[2024-10-17 23:37:50.543] [GIT          ] [/opt/lampp/htdocs/ktra] git rev-parse --show-toplevel • Command failed: /usr/bin/git -c core.quotepath=false -c color.ui=false rev-parse --show-toplevel • not a git repository (or any of the parent directories): .git [13ms]
[2024-10-17 23:37:50.875] [GIT          ] [/opt/lampp/htdocs/ktra] git rev-parse --show-toplevel • Command failed: /usr/bin/git -c core.quotepath=false -c color.ui=false rev-parse --show-toplevel • not a git repository (or any of the parent directories): .git [16ms]
[2024-10-17 23:37:56.013] [GIT          ] [/opt/lampp/htdocs/ktra] git rev-parse --show-toplevel • Command failed: /usr/bin/git -c core.quotepath=false -c color.ui=false rev-parse --show-toplevel • not a git repository (or any of the parent directories): .git [50ms]
[2024-10-17 23:37:56.552] [GIT          ] [/opt/lampp/htdocs/ktra] git rev-parse --show-toplevel • Command failed: /usr/bin/git -c core.quotepath=false -c color.ui=false rev-parse --show-toplevel • not a git repository (or any of the parent directories): .git [15ms]
[2024-10-17 23:37:56.932] [GIT          ] [/opt/lampp/htdocs/ktra] git rev-parse --show-toplevel • Command failed: /usr/bin/git -c core.quotepath=false -c color.ui=false rev-parse --show-toplevel • not a git repository (or any of the parent directories): .git [12ms]
[2024-10-17 23:55:55.394] [GIT          ] [/opt/lampp/htdocs/ktra/src] git rev-parse --show-toplevel • Command failed: /usr/bin/git -c core.quotepath=false -c color.ui=false rev-parse --show-toplevel • not a git repository (or any of the parent directories): .git [13ms]
[2024-10-17 23:57:43.828] [GIT          ] [/opt/lampp/htdocs/ktra/src] git rev-parse --show-toplevel • Command failed: /usr/bin/git -c core.quotepath=false -c color.ui=false rev-parse --show-toplevel • not a git repository (or any of the parent directories): .git [13ms]
[2024-10-17 23:57:55.282] [GIT          ] [/opt/lampp/htdocs/ktra/src] git rev-parse --show-toplevel • Command failed: /usr/bin/git -c core.quotepath=false -c color.ui=false rev-parse --show-toplevel • not a git repository (or any of the parent directories): .git [14ms]
[2024-10-18 00:04:11.176] [GIT          ] [/opt/lampp/htdocs/ktra/src] git rev-parse --show-toplevel • Command failed: /usr/bin/git -c core.quotepath=false -c color.ui=false rev-parse --show-toplevel • not a git repository (or any of the parent directories): .git [12ms]
[2024-10-18 00:04:13.712] [GIT          ] [/opt/lampp/htdocs/ktra/src] git rev-parse --show-toplevel • Command failed: /usr/bin/git -c core.quotepath=false -c color.ui=false rev-parse --show-toplevel • not a git repository (or any of the parent directories): .git [13ms]
