["INFO" - 8:54:43 PM] Extension Name: esbenp.prettier-vscode.
["INFO" - 8:54:43 PM] Extension Version: 11.0.0.
["INFO" - 6:33:10 AM] Formatting file:///opt/lampp/htdocs/ktra/src/styles.css
["ERROR" - 6:33:10 AM] Error resolving prettier configuration for /opt/lampp/htdocs/ktra/src/styles.css
["ERROR" - 6:33:10 AM] JSON Error in /opt/lampp/htdocs/ktra/package.json:
Expected ',' or '}' after property value in JSON at position 329 (line 18 column 1) while parsing '{  "name": "ktra",  "version": "1.0.0"'
JSONError: JSON Error in /opt/lampp/htdocs/ktra/package.json:
Expected ',' or '}' after property value in JSON at position 329 (line 18 column 1) while parsing '{  "name": "ktra",  "version": "1.0.0"'
Expected ',' or '}' after property value in JSON at position 329 (line 18 column 1) while parsing '{  "name": "ktra",  "version": "1.0.0"'
    at parseJson (/home/hplat/.vscode/extensions/esbenp.prettier-vscode-11.0.0/node_modules/prettier/third-party.js:2397:27)
    at Object.loadJson2 [as loadJson] (/home/hplat/.vscode/extensions/esbenp.prettier-vscode-11.0.0/node_modules/prettier/third-party.js:8059:24)
    at Explorer.loadPackageProp (/home/hplat/.vscode/extensions/esbenp.prettier-vscode-11.0.0/node_modules/prettier/third-party.js:8182:48)
    at Explorer.loadFileContent (/home/hplat/.vscode/extensions/esbenp.prettier-vscode-11.0.0/node_modules/prettier/third-party.js:8449:36)
    at Explorer.createCosmiconfigResult (/home/hplat/.vscode/extensions/esbenp.prettier-vscode-11.0.0/node_modules/prettier/third-party.js:8453:40)
    at Explorer.loadSearchPlace (/home/hplat/.vscode/extensions/esbenp.prettier-vscode-11.0.0/node_modules/prettier/third-party.js:8438:35)
    at Explorer.searchDirectory (/home/hplat/.vscode/extensions/esbenp.prettier-vscode-11.0.0/node_modules/prettier/third-party.js:8428:31)
    at run (/home/hplat/.vscode/extensions/esbenp.prettier-vscode-11.0.0/node_modules/prettier/third-party.js:8413:26)
    at Explorer.search (/home/hplat/.vscode/extensions/esbenp.prettier-vscode-11.0.0/node_modules/prettier/third-party.js:8407:24)
    at Object.resolveConfigFile (/home/hplat/.vscode/extensions/esbenp.prettier-vscode-11.0.0/node_modules/prettier/index.js:18499:22)
    at t.ModuleResolver.resolveConfig (/home/hplat/.vscode/extensions/esbenp.prettier-vscode-11.0.0/dist/extension.js:1:6786)
    at t.ModuleResolver.getResolvedConfig (/home/hplat/.vscode/extensions/esbenp.prettier-vscode-11.0.0/dist/extension.js:1:7676)
    at t.default.format (/home/hplat/.vscode/extensions/esbenp.prettier-vscode-11.0.0/dist/extension.js:1:14818)
    at t.PrettierEditProvider.provideEdits (/home/hplat/.vscode/extensions/esbenp.prettier-vscode-11.0.0/dist/extension.js:1:12927)
    at RS.provideDocumentFormattingEdits (file:///opt/visual-studio-code/resources/app/out/vs/workbench/api/node/extensionHostProcess.js:137:130818)
["INFO" - 6:39:28 AM] Formatting file:///opt/lampp/htdocs/ktra/package.json
["ERROR" - 6:39:28 AM] Error resolving prettier configuration for /opt/lampp/htdocs/ktra/package.json
["ERROR" - 6:39:28 AM] JSON Error in /opt/lampp/htdocs/ktra/package.json:
Expected ',' or '}' after property value in JSON at position 329 (line 18 column 1) while parsing '{  "name": "ktra",  "version": "1.0.0"'
JSONError: JSON Error in /opt/lampp/htdocs/ktra/package.json:
Expected ',' or '}' after property value in JSON at position 329 (line 18 column 1) while parsing '{  "name": "ktra",  "version": "1.0.0"'
Expected ',' or '}' after property value in JSON at position 329 (line 18 column 1) while parsing '{  "name": "ktra",  "version": "1.0.0"'
    at parseJson (/home/hplat/.vscode/extensions/esbenp.prettier-vscode-11.0.0/node_modules/prettier/third-party.js:2397:27)
    at Object.loadJson2 [as loadJson] (/home/hplat/.vscode/extensions/esbenp.prettier-vscode-11.0.0/node_modules/prettier/third-party.js:8059:24)
    at Explorer.loadPackageProp (/home/hplat/.vscode/extensions/esbenp.prettier-vscode-11.0.0/node_modules/prettier/third-party.js:8182:48)
    at Explorer.loadFileContent (/home/hplat/.vscode/extensions/esbenp.prettier-vscode-11.0.0/node_modules/prettier/third-party.js:8449:36)
    at Explorer.createCosmiconfigResult (/home/hplat/.vscode/extensions/esbenp.prettier-vscode-11.0.0/node_modules/prettier/third-party.js:8453:40)
    at Explorer.loadSearchPlace (/home/hplat/.vscode/extensions/esbenp.prettier-vscode-11.0.0/node_modules/prettier/third-party.js:8438:35)
    at Explorer.searchDirectory (/home/hplat/.vscode/extensions/esbenp.prettier-vscode-11.0.0/node_modules/prettier/third-party.js:8428:31)
    at run (/home/hplat/.vscode/extensions/esbenp.prettier-vscode-11.0.0/node_modules/prettier/third-party.js:8413:26)
    at Explorer.search (/home/hplat/.vscode/extensions/esbenp.prettier-vscode-11.0.0/node_modules/prettier/third-party.js:8407:24)
    at Object.resolveConfigFile (/home/hplat/.vscode/extensions/esbenp.prettier-vscode-11.0.0/node_modules/prettier/index.js:18499:22)
    at t.ModuleResolver.resolveConfig (/home/hplat/.vscode/extensions/esbenp.prettier-vscode-11.0.0/dist/extension.js:1:6786)
    at t.ModuleResolver.getResolvedConfig (/home/hplat/.vscode/extensions/esbenp.prettier-vscode-11.0.0/dist/extension.js:1:7676)
    at t.default.format (/home/hplat/.vscode/extensions/esbenp.prettier-vscode-11.0.0/dist/extension.js:1:14818)
    at t.PrettierEditProvider.provideEdits (/home/hplat/.vscode/extensions/esbenp.prettier-vscode-11.0.0/dist/extension.js:1:12927)
    at RS.provideDocumentFormattingEdits (file:///opt/visual-studio-code/resources/app/out/vs/workbench/api/node/extensionHostProcess.js:137:130818)
["INFO" - 6:42:31 AM] Formatting file:///opt/lampp/htdocs/ktra/tailwind.config.js
["INFO" - 6:42:31 AM] PrettierInstance:
{
  "doc": {
    "builders": {
      "line": {
        "type": "line"
      },
      "softline": {
        "type": "line",
        "soft": true
      },
      "hardline": {
        "type": "concat",
        "parts": [
          {
            "type": "line",
            "hard": true
          },
          {
            "type": "break-parent"
          }
        ]
      },
      "literalline": {
        "type": "concat",
        "parts": [
          {
            "type": "line",
            "hard": true,
            "literal": true
          },
          {
            "type": "break-parent"
          }
        ]
      },
      "lineSuffixBoundary": {
        "type": "line-suffix-boundary"
      },
      "cursor": {
        "type": "cursor"
      },
      "breakParent": {
        "type": "break-parent"
      },
      "trim": {
        "type": "trim"
      },
      "hardlineWithoutBreakParent": {
        "type": "line",
        "hard": true
      },
      "literallineWithoutBreakParent": {
        "type": "line",
        "hard": true,
        "literal": true
      }
    },
    "printer": {},
    "utils": {},
    "debug": {}
  },
  "version": "2.8.8",
  "util": {},
  "__internal": {
    "errors": {},
    "coreOptions": {
      "CATEGORY_CONFIG": "Config",
      "CATEGORY_EDITOR": "Editor",
      "CATEGORY_FORMAT": "Format",
      "CATEGORY_OTHER": "Other",
      "CATEGORY_OUTPUT": "Output",
      "CATEGORY_GLOBAL": "Global",
      "CATEGORY_SPECIAL": "Special",
      "options": {
        "cursorOffset": {
          "since": "1.4.0",
          "category": "Special",
          "type": "int",
          "default": -1,
          "range": {
            "start": -1,
            "end": null,
            "step": 1
          },
          "description": "Print (to stderr) where a cursor at the given position would move to after formatting.\nThis option cannot be used with --range-start and --range-end.",
          "cliCategory": "Editor"
        },
        "endOfLine": {
          "since": "1.15.0",
          "category": "Global",
          "type": "choice",
          "default": [
            {
              "since": "1.15.0",
              "value": "auto"
            },
            {
              "since": "2.0.0",
              "value": "lf"
            }
          ],
          "description": "Which end of line characters to apply.",
          "choices": [
            {
              "value": "lf",
              "description": "Line Feed only (\\n), common on Linux and macOS as well as inside git repos"
            },
            {
              "value": "crlf",
              "description": "Carriage Return + Line Feed characters (\\r\\n), common on Windows"
            },
            {
              "value": "cr",
              "description": "Carriage Return character only (\\r), used very rarely"
            },
            {
              "value": "auto",
              "description": "Maintain existing\n(mixed values within one file are normalised by looking at what's used after the first line)"
            }
          ]
        },
        "filepath": {
          "since": "1.4.0",
          "category": "Special",
          "type": "path",
          "description": "Specify the input filepath. This will be used to do parser inference.",
          "cliName": "stdin-filepath",
          "cliCategory": "Other",
          "cliDescription": "Path to the file to pretend that stdin comes from."
        },
        "insertPragma": {
          "since": "1.8.0",
          "category": "Special",
          "type": "boolean",
          "default": false,
          "description": "Insert @format pragma into file's first docblock comment.",
          "cliCategory": "Other"
        },
        "parser": {
          "since": "0.0.10",
          "category": "Global",
          "type": "choice",
          "default": [
            {
              "since": "0.0.10",
              "value": "babylon"
            },
            {
              "since": "1.13.0"
            }
          ],
          "description": "Which parser to use.",
          "choices": [
            {
              "value": "flow",
              "description": "Flow"
            },
            {
              "value": "babel",
              "since": "1.16.0",
              "description": "JavaScript"
            },
            {
              "value": "babel-flow",
              "since": "1.16.0",
              "description": "Flow"
            },
            {
              "value": "babel-ts",
              "since": "2.0.0",
              "description": "TypeScript"
            },
            {
              "value": "typescript",
              "since": "1.4.0",
              "description": "TypeScript"
            },
            {
              "value": "acorn",
              "since": "2.6.0",
              "description": "JavaScript"
            },
            {
              "value": "espree",
              "since": "2.2.0",
              "description": "JavaScript"
            },
            {
              "value": "meriyah",
              "since": "2.2.0",
              "description": "JavaScript"
            },
            {
              "value": "css",
              "since": "1.7.1",
              "description": "CSS"
            },
            {
              "value": "less",
              "since": "1.7.1",
              "description": "Less"
            },
            {
              "value": "scss",
              "since": "1.7.1",
              "description": "SCSS"
            },
            {
              "value": "json",
              "since": "1.5.0",
              "description": "JSON"
            },
            {
              "value": "json5",
              "since": "1.13.0",
              "description": "JSON5"
            },
            {
              "value": "json-stringify",
              "since": "1.13.0",
              "description": "JSON.stringify"
            },
            {
              "value": "graphql",
              "since": "1.5.0",
              "description": "GraphQL"
            },
            {
              "value": "markdown",
              "since": "1.8.0",
              "description": "Markdown"
            },
            {
              "value": "mdx",
              "since": "1.15.0",
              "description": "MDX"
            },
            {
              "value": "vue",
              "since": "1.10.0",
              "description": "Vue"
            },
            {
              "value": "yaml",
              "since": "1.14.0",
              "description": "YAML"
            },
            {
              "value": "glimmer",
              "since": "2.3.0",
              "description": "Ember / Handlebars"
            },
            {
              "value": "html",
              "since": "1.15.0",
              "description": "HTML"
            },
            {
              "value": "angular",
              "since": "1.15.0",
              "description": "Angular"
            },
            {
              "value": "lwc",
              "since": "1.17.0",
              "description": "Lightning Web Components"
            }
          ]
        },
        "plugins": {
          "since": "1.10.0",
          "type": "path",
          "array": true,
          "default": [
            {
              "value": []
            }
          ],
          "category": "Global",
          "description": "Add a plugin. Multiple plugins can be passed as separate `--plugin`s.",
          "cliName": "plugin",
          "cliCategory": "Config"
        },
        "pluginSearchDirs": {
          "since": "1.13.0",
          "type": "path",
          "array": true,
          "default": [
            {
              "value": []
            }
          ],
          "category": "Global",
          "description": "Custom directory that contains prettier plugins in node_modules subdirectory.\nOverrides default behavior when plugins are searched relatively to the location of Prettier.\nMultiple values are accepted.",
          "cliName": "plugin-search-dir",
          "cliCategory": "Config"
        },
        "printWidth": {
          "since": "0.0.0",
          "category": "Global",
          "type": "int",
          "default": 80,
          "description": "The line length where Prettier will try wrap.",
          "range": {
            "start": 0,
            "end": null,
            "step": 1
          }
        },
        "rangeEnd": {
          "since": "1.4.0",
          "category": "Special",
          "type": "int",
          "default": null,
          "range": {
            "start": 0,
            "end": null,
            "step": 1
          },
          "description": "Format code ending at a given character offset (exclusive).\nThe range will extend forwards to the end of the selected statement.\nThis option cannot be used with --cursor-offset.",
          "cliCategory": "Editor"
        },
        "rangeStart": {
          "since": "1.4.0",
          "category": "Special",
          "type": "int",
          "default": 0,
          "range": {
            "start": 0,
            "end": null,
            "step": 1
          },
          "description": "Format code starting at a given character offset.\nThe range will extend backwards to the start of the first line containing the selected statement.\nThis option cannot be used with --cursor-offset.",
          "cliCategory": "Editor"
        },
        "requirePragma": {
          "since": "1.7.0",
          "category": "Special",
          "type": "boolean",
          "default": false,
          "description": "Require either '@prettier' or '@format' to be present in the file's first docblock comment\nin order for it to be formatted.",
          "cliCategory": "Other"
        },
        "tabWidth": {
          "type": "int",
          "category": "Global",
          "default": 2,
          "description": "Number of spaces per indentation level.",
          "range": {
            "start": 0,
            "end": null,
            "step": 1
          }
        },
        "useTabs": {
          "since": "1.0.0",
          "category": "Global",
          "type": "boolean",
          "default": false,
          "description": "Indent with tabs instead of spaces."
        },
        "embeddedLanguageFormatting": {
          "since": "2.1.0",
          "category": "Global",
          "type": "choice",
          "default": [
            {
              "since": "2.1.0",
              "value": "auto"
            }
          ],
          "description": "Control how Prettier formats quoted code embedded in the file.",
          "choices": [
            {
              "value": "auto",
              "description": "Format embedded code if Prettier can automatically identify it."
            },
            {
              "value": "off",
              "description": "Never automatically format embedded code."
            }
          ]
        }
      }
    },
    "optionsModule": {
      "hiddenDefaults": {
        "astFormat": "estree",
        "printer": {},
        "locStart": null,
        "locEnd": null
      }
    },
    "optionsNormalizer": {},
    "utils": {}
  },
  "__debug": {}
}
["INFO" - 6:42:31 AM] Using ignore file (if present) at /opt/lampp/htdocs/.prettierignore
["INFO" - 6:42:31 AM] File Info:
{
  "ignored": false,
  "inferredParser": "babel"
}
["INFO" - 6:42:31 AM] No local configuration (i.e. .prettierrc or .editorconfig) detected, falling back to VS Code configuration
["INFO" - 6:42:31 AM] Prettier Options:
{
  "arrowParens": "always",
  "bracketSpacing": true,
  "endOfLine": "lf",
  "htmlWhitespaceSensitivity": "css",
  "insertPragma": false,
  "singleAttributePerLine": false,
  "bracketSameLine": false,
  "jsxBracketSameLine": false,
  "jsxSingleQuote": false,
  "printWidth": 80,
  "proseWrap": "preserve",
  "quoteProps": "as-needed",
  "requirePragma": false,
  "semi": true,
  "singleQuote": false,
  "tabWidth": 2,
  "trailingComma": "es5",
  "useTabs": false,
  "embeddedLanguageFormatting": "auto",
  "vueIndentScriptAndStyle": false,
  "experimentalTernaries": false,
  "filepath": "/opt/lampp/htdocs/ktra/tailwind.config.js",
  "parser": "babel"
}
["INFO" - 6:42:31 AM] Formatting completed in 58ms.
["INFO" - 6:55:49 AM] Formatting file:///opt/lampp/htdocs/ktra/tailwind.config.js
["INFO" - 6:55:49 AM] PrettierInstance:
{
  "doc": {
    "builders": {
      "line": {
        "type": "line"
      },
      "softline": {
        "type": "line",
        "soft": true
      },
      "hardline": {
        "type": "concat",
        "parts": [
          {
            "type": "line",
            "hard": true
          },
          {
            "type": "break-parent"
          }
        ]
      },
      "literalline": {
        "type": "concat",
        "parts": [
          {
            "type": "line",
            "hard": true,
            "literal": true
          },
          {
            "type": "break-parent"
          }
        ]
      },
      "lineSuffixBoundary": {
        "type": "line-suffix-boundary"
      },
      "cursor": {
        "type": "cursor"
      },
      "breakParent": {
        "type": "break-parent"
      },
      "trim": {
        "type": "trim"
      },
      "hardlineWithoutBreakParent": {
        "type": "line",
        "hard": true
      },
      "literallineWithoutBreakParent": {
        "type": "line",
        "hard": true,
        "literal": true
      }
    },
    "printer": {},
    "utils": {},
    "debug": {}
  },
  "version": "2.8.8",
  "util": {},
  "__internal": {
    "errors": {},
    "coreOptions": {
      "CATEGORY_CONFIG": "Config",
      "CATEGORY_EDITOR": "Editor",
      "CATEGORY_FORMAT": "Format",
      "CATEGORY_OTHER": "Other",
      "CATEGORY_OUTPUT": "Output",
      "CATEGORY_GLOBAL": "Global",
      "CATEGORY_SPECIAL": "Special",
      "options": {
        "cursorOffset": {
          "since": "1.4.0",
          "category": "Special",
          "type": "int",
          "default": -1,
          "range": {
            "start": -1,
            "end": null,
            "step": 1
          },
          "description": "Print (to stderr) where a cursor at the given position would move to after formatting.\nThis option cannot be used with --range-start and --range-end.",
          "cliCategory": "Editor"
        },
        "endOfLine": {
          "since": "1.15.0",
          "category": "Global",
          "type": "choice",
          "default": [
            {
              "since": "1.15.0",
              "value": "auto"
            },
            {
              "since": "2.0.0",
              "value": "lf"
            }
          ],
          "description": "Which end of line characters to apply.",
          "choices": [
            {
              "value": "lf",
              "description": "Line Feed only (\\n), common on Linux and macOS as well as inside git repos"
            },
            {
              "value": "crlf",
              "description": "Carriage Return + Line Feed characters (\\r\\n), common on Windows"
            },
            {
              "value": "cr",
              "description": "Carriage Return character only (\\r), used very rarely"
            },
            {
              "value": "auto",
              "description": "Maintain existing\n(mixed values within one file are normalised by looking at what's used after the first line)"
            }
          ]
        },
        "filepath": {
          "since": "1.4.0",
          "category": "Special",
          "type": "path",
          "description": "Specify the input filepath. This will be used to do parser inference.",
          "cliName": "stdin-filepath",
          "cliCategory": "Other",
          "cliDescription": "Path to the file to pretend that stdin comes from."
        },
        "insertPragma": {
          "since": "1.8.0",
          "category": "Special",
          "type": "boolean",
          "default": false,
          "description": "Insert @format pragma into file's first docblock comment.",
          "cliCategory": "Other"
        },
        "parser": {
          "since": "0.0.10",
          "category": "Global",
          "type": "choice",
          "default": [
            {
              "since": "0.0.10",
              "value": "babylon"
            },
            {
              "since": "1.13.0"
            }
          ],
          "description": "Which parser to use.",
          "choices": [
            {
              "value": "flow",
              "description": "Flow"
            },
            {
              "value": "babel",
              "since": "1.16.0",
              "description": "JavaScript"
            },
            {
              "value": "babel-flow",
              "since": "1.16.0",
              "description": "Flow"
            },
            {
              "value": "babel-ts",
              "since": "2.0.0",
              "description": "TypeScript"
            },
            {
              "value": "typescript",
              "since": "1.4.0",
              "description": "TypeScript"
            },
            {
              "value": "acorn",
              "since": "2.6.0",
              "description": "JavaScript"
            },
            {
              "value": "espree",
              "since": "2.2.0",
              "description": "JavaScript"
            },
            {
              "value": "meriyah",
              "since": "2.2.0",
              "description": "JavaScript"
            },
            {
              "value": "css",
              "since": "1.7.1",
              "description": "CSS"
            },
            {
              "value": "less",
              "since": "1.7.1",
              "description": "Less"
            },
            {
              "value": "scss",
              "since": "1.7.1",
              "description": "SCSS"
            },
            {
              "value": "json",
              "since": "1.5.0",
              "description": "JSON"
            },
            {
              "value": "json5",
              "since": "1.13.0",
              "description": "JSON5"
            },
            {
              "value": "json-stringify",
              "since": "1.13.0",
              "description": "JSON.stringify"
            },
            {
              "value": "graphql",
              "since": "1.5.0",
              "description": "GraphQL"
            },
            {
              "value": "markdown",
              "since": "1.8.0",
              "description": "Markdown"
            },
            {
              "value": "mdx",
              "since": "1.15.0",
              "description": "MDX"
            },
            {
              "value": "vue",
              "since": "1.10.0",
              "description": "Vue"
            },
            {
              "value": "yaml",
              "since": "1.14.0",
              "description": "YAML"
            },
            {
              "value": "glimmer",
              "since": "2.3.0",
              "description": "Ember / Handlebars"
            },
            {
              "value": "html",
              "since": "1.15.0",
              "description": "HTML"
            },
            {
              "value": "angular",
              "since": "1.15.0",
              "description": "Angular"
            },
            {
              "value": "lwc",
              "since": "1.17.0",
              "description": "Lightning Web Components"
            }
          ]
        },
        "plugins": {
          "since": "1.10.0",
          "type": "path",
          "array": true,
          "default": [
            {
              "value": []
            }
          ],
          "category": "Global",
          "description": "Add a plugin. Multiple plugins can be passed as separate `--plugin`s.",
          "cliName": "plugin",
          "cliCategory": "Config"
        },
        "pluginSearchDirs": {
          "since": "1.13.0",
          "type": "path",
          "array": true,
          "default": [
            {
              "value": []
            }
          ],
          "category": "Global",
          "description": "Custom directory that contains prettier plugins in node_modules subdirectory.\nOverrides default behavior when plugins are searched relatively to the location of Prettier.\nMultiple values are accepted.",
          "cliName": "plugin-search-dir",
          "cliCategory": "Config"
        },
        "printWidth": {
          "since": "0.0.0",
          "category": "Global",
          "type": "int",
          "default": 80,
          "description": "The line length where Prettier will try wrap.",
          "range": {
            "start": 0,
            "end": null,
            "step": 1
          }
        },
        "rangeEnd": {
          "since": "1.4.0",
          "category": "Special",
          "type": "int",
          "default": null,
          "range": {
            "start": 0,
            "end": null,
            "step": 1
          },
          "description": "Format code ending at a given character offset (exclusive).\nThe range will extend forwards to the end of the selected statement.\nThis option cannot be used with --cursor-offset.",
          "cliCategory": "Editor"
        },
        "rangeStart": {
          "since": "1.4.0",
          "category": "Special",
          "type": "int",
          "default": 0,
          "range": {
            "start": 0,
            "end": null,
            "step": 1
          },
          "description": "Format code starting at a given character offset.\nThe range will extend backwards to the start of the first line containing the selected statement.\nThis option cannot be used with --cursor-offset.",
          "cliCategory": "Editor"
        },
        "requirePragma": {
          "since": "1.7.0",
          "category": "Special",
          "type": "boolean",
          "default": false,
          "description": "Require either '@prettier' or '@format' to be present in the file's first docblock comment\nin order for it to be formatted.",
          "cliCategory": "Other"
        },
        "tabWidth": {
          "type": "int",
          "category": "Global",
          "default": 2,
          "description": "Number of spaces per indentation level.",
          "range": {
            "start": 0,
            "end": null,
            "step": 1
          }
        },
        "useTabs": {
          "since": "1.0.0",
          "category": "Global",
          "type": "boolean",
          "default": false,
          "description": "Indent with tabs instead of spaces."
        },
        "embeddedLanguageFormatting": {
          "since": "2.1.0",
          "category": "Global",
          "type": "choice",
          "default": [
            {
              "since": "2.1.0",
              "value": "auto"
            }
          ],
          "description": "Control how Prettier formats quoted code embedded in the file.",
          "choices": [
            {
              "value": "auto",
              "description": "Format embedded code if Prettier can automatically identify it."
            },
            {
              "value": "off",
              "description": "Never automatically format embedded code."
            }
          ]
        }
      }
    },
    "optionsModule": {
      "hiddenDefaults": {
        "astFormat": "estree",
        "printer": {},
        "locStart": null,
        "locEnd": null
      }
    },
    "optionsNormalizer": {},
    "utils": {}
  },
  "__debug": {}
}
["INFO" - 6:55:49 AM] Using ignore file (if present) at /opt/lampp/htdocs/.prettierignore
["INFO" - 6:55:49 AM] File Info:
{
  "ignored": false,
  "inferredParser": "babel"
}
["INFO" - 6:55:49 AM] No local configuration (i.e. .prettierrc or .editorconfig) detected, falling back to VS Code configuration
["INFO" - 6:55:49 AM] Prettier Options:
{
  "arrowParens": "always",
  "bracketSpacing": true,
  "endOfLine": "lf",
  "htmlWhitespaceSensitivity": "css",
  "insertPragma": false,
  "singleAttributePerLine": false,
  "bracketSameLine": false,
  "jsxBracketSameLine": false,
  "jsxSingleQuote": false,
  "printWidth": 80,
  "proseWrap": "preserve",
  "quoteProps": "as-needed",
  "requirePragma": false,
  "semi": true,
  "singleQuote": false,
  "tabWidth": 2,
  "trailingComma": "es5",
  "useTabs": false,
  "embeddedLanguageFormatting": "auto",
  "vueIndentScriptAndStyle": false,
  "experimentalTernaries": false,
  "filepath": "/opt/lampp/htdocs/ktra/tailwind.config.js",
  "parser": "babel"
}
["INFO" - 6:55:49 AM] Formatting completed in 19ms.
["INFO" - 6:57:09 AM] Formatting file:///opt/lampp/htdocs/ktra/tailwind.config.js
["INFO" - 6:57:09 AM] PrettierInstance:
{
  "doc": {
    "builders": {
      "line": {
        "type": "line"
      },
      "softline": {
        "type": "line",
        "soft": true
      },
      "hardline": {
        "type": "concat",
        "parts": [
          {
            "type": "line",
            "hard": true
          },
          {
            "type": "break-parent"
          }
        ]
      },
      "literalline": {
        "type": "concat",
        "parts": [
          {
            "type": "line",
            "hard": true,
            "literal": true
          },
          {
            "type": "break-parent"
          }
        ]
      },
      "lineSuffixBoundary": {
        "type": "line-suffix-boundary"
      },
      "cursor": {
        "type": "cursor"
      },
      "breakParent": {
        "type": "break-parent"
      },
      "trim": {
        "type": "trim"
      },
      "hardlineWithoutBreakParent": {
        "type": "line",
        "hard": true
      },
      "literallineWithoutBreakParent": {
        "type": "line",
        "hard": true,
        "literal": true
      }
    },
    "printer": {},
    "utils": {},
    "debug": {}
  },
  "version": "2.8.8",
  "util": {},
  "__internal": {
    "errors": {},
    "coreOptions": {
      "CATEGORY_CONFIG": "Config",
      "CATEGORY_EDITOR": "Editor",
      "CATEGORY_FORMAT": "Format",
      "CATEGORY_OTHER": "Other",
      "CATEGORY_OUTPUT": "Output",
      "CATEGORY_GLOBAL": "Global",
      "CATEGORY_SPECIAL": "Special",
      "options": {
        "cursorOffset": {
          "since": "1.4.0",
          "category": "Special",
          "type": "int",
          "default": -1,
          "range": {
            "start": -1,
            "end": null,
            "step": 1
          },
          "description": "Print (to stderr) where a cursor at the given position would move to after formatting.\nThis option cannot be used with --range-start and --range-end.",
          "cliCategory": "Editor"
        },
        "endOfLine": {
          "since": "1.15.0",
          "category": "Global",
          "type": "choice",
          "default": [
            {
              "since": "1.15.0",
              "value": "auto"
            },
            {
              "since": "2.0.0",
              "value": "lf"
            }
          ],
          "description": "Which end of line characters to apply.",
          "choices": [
            {
              "value": "lf",
              "description": "Line Feed only (\\n), common on Linux and macOS as well as inside git repos"
            },
            {
              "value": "crlf",
              "description": "Carriage Return + Line Feed characters (\\r\\n), common on Windows"
            },
            {
              "value": "cr",
              "description": "Carriage Return character only (\\r), used very rarely"
            },
            {
              "value": "auto",
              "description": "Maintain existing\n(mixed values within one file are normalised by looking at what's used after the first line)"
            }
          ]
        },
        "filepath": {
          "since": "1.4.0",
          "category": "Special",
          "type": "path",
          "description": "Specify the input filepath. This will be used to do parser inference.",
          "cliName": "stdin-filepath",
          "cliCategory": "Other",
          "cliDescription": "Path to the file to pretend that stdin comes from."
        },
        "insertPragma": {
          "since": "1.8.0",
          "category": "Special",
          "type": "boolean",
          "default": false,
          "description": "Insert @format pragma into file's first docblock comment.",
          "cliCategory": "Other"
        },
        "parser": {
          "since": "0.0.10",
          "category": "Global",
          "type": "choice",
          "default": [
            {
              "since": "0.0.10",
              "value": "babylon"
            },
            {
              "since": "1.13.0"
            }
          ],
          "description": "Which parser to use.",
          "choices": [
            {
              "value": "flow",
              "description": "Flow"
            },
            {
              "value": "babel",
              "since": "1.16.0",
              "description": "JavaScript"
            },
            {
              "value": "babel-flow",
              "since": "1.16.0",
              "description": "Flow"
            },
            {
              "value": "babel-ts",
              "since": "2.0.0",
              "description": "TypeScript"
            },
            {
              "value": "typescript",
              "since": "1.4.0",
              "description": "TypeScript"
            },
            {
              "value": "acorn",
              "since": "2.6.0",
              "description": "JavaScript"
            },
            {
              "value": "espree",
              "since": "2.2.0",
              "description": "JavaScript"
            },
            {
              "value": "meriyah",
              "since": "2.2.0",
              "description": "JavaScript"
            },
            {
              "value": "css",
              "since": "1.7.1",
              "description": "CSS"
            },
            {
              "value": "less",
              "since": "1.7.1",
              "description": "Less"
            },
            {
              "value": "scss",
              "since": "1.7.1",
              "description": "SCSS"
            },
            {
              "value": "json",
              "since": "1.5.0",
              "description": "JSON"
            },
            {
              "value": "json5",
              "since": "1.13.0",
              "description": "JSON5"
            },
            {
              "value": "json-stringify",
              "since": "1.13.0",
              "description": "JSON.stringify"
            },
            {
              "value": "graphql",
              "since": "1.5.0",
              "description": "GraphQL"
            },
            {
              "value": "markdown",
              "since": "1.8.0",
              "description": "Markdown"
            },
            {
              "value": "mdx",
              "since": "1.15.0",
              "description": "MDX"
            },
            {
              "value": "vue",
              "since": "1.10.0",
              "description": "Vue"
            },
            {
              "value": "yaml",
              "since": "1.14.0",
              "description": "YAML"
            },
            {
              "value": "glimmer",
              "since": "2.3.0",
              "description": "Ember / Handlebars"
            },
            {
              "value": "html",
              "since": "1.15.0",
              "description": "HTML"
            },
            {
              "value": "angular",
              "since": "1.15.0",
              "description": "Angular"
            },
            {
              "value": "lwc",
              "since": "1.17.0",
              "description": "Lightning Web Components"
            }
          ]
        },
        "plugins": {
          "since": "1.10.0",
          "type": "path",
          "array": true,
          "default": [
            {
              "value": []
            }
          ],
          "category": "Global",
          "description": "Add a plugin. Multiple plugins can be passed as separate `--plugin`s.",
          "cliName": "plugin",
          "cliCategory": "Config"
        },
        "pluginSearchDirs": {
          "since": "1.13.0",
          "type": "path",
          "array": true,
          "default": [
            {
              "value": []
            }
          ],
          "category": "Global",
          "description": "Custom directory that contains prettier plugins in node_modules subdirectory.\nOverrides default behavior when plugins are searched relatively to the location of Prettier.\nMultiple values are accepted.",
          "cliName": "plugin-search-dir",
          "cliCategory": "Config"
        },
        "printWidth": {
          "since": "0.0.0",
          "category": "Global",
          "type": "int",
          "default": 80,
          "description": "The line length where Prettier will try wrap.",
          "range": {
            "start": 0,
            "end": null,
            "step": 1
          }
        },
        "rangeEnd": {
          "since": "1.4.0",
          "category": "Special",
          "type": "int",
          "default": null,
          "range": {
            "start": 0,
            "end": null,
            "step": 1
          },
          "description": "Format code ending at a given character offset (exclusive).\nThe range will extend forwards to the end of the selected statement.\nThis option cannot be used with --cursor-offset.",
          "cliCategory": "Editor"
        },
        "rangeStart": {
          "since": "1.4.0",
          "category": "Special",
          "type": "int",
          "default": 0,
          "range": {
            "start": 0,
            "end": null,
            "step": 1
          },
          "description": "Format code starting at a given character offset.\nThe range will extend backwards to the start of the first line containing the selected statement.\nThis option cannot be used with --cursor-offset.",
          "cliCategory": "Editor"
        },
        "requirePragma": {
          "since": "1.7.0",
          "category": "Special",
          "type": "boolean",
          "default": false,
          "description": "Require either '@prettier' or '@format' to be present in the file's first docblock comment\nin order for it to be formatted.",
          "cliCategory": "Other"
        },
        "tabWidth": {
          "type": "int",
          "category": "Global",
          "default": 2,
          "description": "Number of spaces per indentation level.",
          "range": {
            "start": 0,
            "end": null,
            "step": 1
          }
        },
        "useTabs": {
          "since": "1.0.0",
          "category": "Global",
          "type": "boolean",
          "default": false,
          "description": "Indent with tabs instead of spaces."
        },
        "embeddedLanguageFormatting": {
          "since": "2.1.0",
          "category": "Global",
          "type": "choice",
          "default": [
            {
              "since": "2.1.0",
              "value": "auto"
            }
          ],
          "description": "Control how Prettier formats quoted code embedded in the file.",
          "choices": [
            {
              "value": "auto",
              "description": "Format embedded code if Prettier can automatically identify it."
            },
            {
              "value": "off",
              "description": "Never automatically format embedded code."
            }
          ]
        }
      }
    },
    "optionsModule": {
      "hiddenDefaults": {
        "astFormat": "estree",
        "printer": {},
        "locStart": null,
        "locEnd": null
      }
    },
    "optionsNormalizer": {},
    "utils": {}
  },
  "__debug": {}
}
["INFO" - 6:57:09 AM] Using ignore file (if present) at /opt/lampp/htdocs/.prettierignore
["INFO" - 6:57:09 AM] File Info:
{
  "ignored": false,
  "inferredParser": "babel"
}
["INFO" - 6:57:09 AM] No local configuration (i.e. .prettierrc or .editorconfig) detected, falling back to VS Code configuration
["INFO" - 6:57:09 AM] Prettier Options:
{
  "arrowParens": "always",
  "bracketSpacing": true,
  "endOfLine": "lf",
  "htmlWhitespaceSensitivity": "css",
  "insertPragma": false,
  "singleAttributePerLine": false,
  "bracketSameLine": false,
  "jsxBracketSameLine": false,
  "jsxSingleQuote": false,
  "printWidth": 80,
  "proseWrap": "preserve",
  "quoteProps": "as-needed",
  "requirePragma": false,
  "semi": true,
  "singleQuote": false,
  "tabWidth": 2,
  "trailingComma": "es5",
  "useTabs": false,
  "embeddedLanguageFormatting": "auto",
  "vueIndentScriptAndStyle": false,
  "experimentalTernaries": false,
  "filepath": "/opt/lampp/htdocs/ktra/tailwind.config.js",
  "parser": "babel"
}
["INFO" - 6:57:09 AM] Formatting completed in 10ms.
["INFO" - 7:07:18 AM] Formatting vscode-userdata:/home/hplat/.config/Code/User/profiles/-2382b5f8/settings.json
["INFO" - 7:07:18 AM] PrettierInstance:
{
  "doc": {
    "builders": {
      "line": {
        "type": "line"
      },
      "softline": {
        "type": "line",
        "soft": true
      },
      "hardline": {
        "type": "concat",
        "parts": [
          {
            "type": "line",
            "hard": true
          },
          {
            "type": "break-parent"
          }
        ]
      },
      "literalline": {
        "type": "concat",
        "parts": [
          {
            "type": "line",
            "hard": true,
            "literal": true
          },
          {
            "type": "break-parent"
          }
        ]
      },
      "lineSuffixBoundary": {
        "type": "line-suffix-boundary"
      },
      "cursor": {
        "type": "cursor"
      },
      "breakParent": {
        "type": "break-parent"
      },
      "trim": {
        "type": "trim"
      },
      "hardlineWithoutBreakParent": {
        "type": "line",
        "hard": true
      },
      "literallineWithoutBreakParent": {
        "type": "line",
        "hard": true,
        "literal": true
      }
    },
    "printer": {},
    "utils": {},
    "debug": {}
  },
  "version": "2.8.8",
  "util": {},
  "__internal": {
    "errors": {},
    "coreOptions": {
      "CATEGORY_CONFIG": "Config",
      "CATEGORY_EDITOR": "Editor",
      "CATEGORY_FORMAT": "Format",
      "CATEGORY_OTHER": "Other",
      "CATEGORY_OUTPUT": "Output",
      "CATEGORY_GLOBAL": "Global",
      "CATEGORY_SPECIAL": "Special",
      "options": {
        "cursorOffset": {
          "since": "1.4.0",
          "category": "Special",
          "type": "int",
          "default": -1,
          "range": {
            "start": -1,
            "end": null,
            "step": 1
          },
          "description": "Print (to stderr) where a cursor at the given position would move to after formatting.\nThis option cannot be used with --range-start and --range-end.",
          "cliCategory": "Editor"
        },
        "endOfLine": {
          "since": "1.15.0",
          "category": "Global",
          "type": "choice",
          "default": [
            {
              "since": "1.15.0",
              "value": "auto"
            },
            {
              "since": "2.0.0",
              "value": "lf"
            }
          ],
          "description": "Which end of line characters to apply.",
          "choices": [
            {
              "value": "lf",
              "description": "Line Feed only (\\n), common on Linux and macOS as well as inside git repos"
            },
            {
              "value": "crlf",
              "description": "Carriage Return + Line Feed characters (\\r\\n), common on Windows"
            },
            {
              "value": "cr",
              "description": "Carriage Return character only (\\r), used very rarely"
            },
            {
              "value": "auto",
              "description": "Maintain existing\n(mixed values within one file are normalised by looking at what's used after the first line)"
            }
          ]
        },
        "filepath": {
          "since": "1.4.0",
          "category": "Special",
          "type": "path",
          "description": "Specify the input filepath. This will be used to do parser inference.",
          "cliName": "stdin-filepath",
          "cliCategory": "Other",
          "cliDescription": "Path to the file to pretend that stdin comes from."
        },
        "insertPragma": {
          "since": "1.8.0",
          "category": "Special",
          "type": "boolean",
          "default": false,
          "description": "Insert @format pragma into file's first docblock comment.",
          "cliCategory": "Other"
        },
        "parser": {
          "since": "0.0.10",
          "category": "Global",
          "type": "choice",
          "default": [
            {
              "since": "0.0.10",
              "value": "babylon"
            },
            {
              "since": "1.13.0"
            }
          ],
          "description": "Which parser to use.",
          "choices": [
            {
              "value": "flow",
              "description": "Flow"
            },
            {
              "value": "babel",
              "since": "1.16.0",
              "description": "JavaScript"
            },
            {
              "value": "babel-flow",
              "since": "1.16.0",
              "description": "Flow"
            },
            {
              "value": "babel-ts",
              "since": "2.0.0",
              "description": "TypeScript"
            },
            {
              "value": "typescript",
              "since": "1.4.0",
              "description": "TypeScript"
            },
            {
              "value": "acorn",
              "since": "2.6.0",
              "description": "JavaScript"
            },
            {
              "value": "espree",
              "since": "2.2.0",
              "description": "JavaScript"
            },
            {
              "value": "meriyah",
              "since": "2.2.0",
              "description": "JavaScript"
            },
            {
              "value": "css",
              "since": "1.7.1",
              "description": "CSS"
            },
            {
              "value": "less",
              "since": "1.7.1",
              "description": "Less"
            },
            {
              "value": "scss",
              "since": "1.7.1",
              "description": "SCSS"
            },
            {
              "value": "json",
              "since": "1.5.0",
              "description": "JSON"
            },
            {
              "value": "json5",
              "since": "1.13.0",
              "description": "JSON5"
            },
            {
              "value": "json-stringify",
              "since": "1.13.0",
              "description": "JSON.stringify"
            },
            {
              "value": "graphql",
              "since": "1.5.0",
              "description": "GraphQL"
            },
            {
              "value": "markdown",
              "since": "1.8.0",
              "description": "Markdown"
            },
            {
              "value": "mdx",
              "since": "1.15.0",
              "description": "MDX"
            },
            {
              "value": "vue",
              "since": "1.10.0",
              "description": "Vue"
            },
            {
              "value": "yaml",
              "since": "1.14.0",
              "description": "YAML"
            },
            {
              "value": "glimmer",
              "since": "2.3.0",
              "description": "Ember / Handlebars"
            },
            {
              "value": "html",
              "since": "1.15.0",
              "description": "HTML"
            },
            {
              "value": "angular",
              "since": "1.15.0",
              "description": "Angular"
            },
            {
              "value": "lwc",
              "since": "1.17.0",
              "description": "Lightning Web Components"
            }
          ]
        },
        "plugins": {
          "since": "1.10.0",
          "type": "path",
          "array": true,
          "default": [
            {
              "value": []
            }
          ],
          "category": "Global",
          "description": "Add a plugin. Multiple plugins can be passed as separate `--plugin`s.",
          "cliName": "plugin",
          "cliCategory": "Config"
        },
        "pluginSearchDirs": {
          "since": "1.13.0",
          "type": "path",
          "array": true,
          "default": [
            {
              "value": []
            }
          ],
          "category": "Global",
          "description": "Custom directory that contains prettier plugins in node_modules subdirectory.\nOverrides default behavior when plugins are searched relatively to the location of Prettier.\nMultiple values are accepted.",
          "cliName": "plugin-search-dir",
          "cliCategory": "Config"
        },
        "printWidth": {
          "since": "0.0.0",
          "category": "Global",
          "type": "int",
          "default": 80,
          "description": "The line length where Prettier will try wrap.",
          "range": {
            "start": 0,
            "end": null,
            "step": 1
          }
        },
        "rangeEnd": {
          "since": "1.4.0",
          "category": "Special",
          "type": "int",
          "default": null,
          "range": {
            "start": 0,
            "end": null,
            "step": 1
          },
          "description": "Format code ending at a given character offset (exclusive).\nThe range will extend forwards to the end of the selected statement.\nThis option cannot be used with --cursor-offset.",
          "cliCategory": "Editor"
        },
        "rangeStart": {
          "since": "1.4.0",
          "category": "Special",
          "type": "int",
          "default": 0,
          "range": {
            "start": 0,
            "end": null,
            "step": 1
          },
          "description": "Format code starting at a given character offset.\nThe range will extend backwards to the start of the first line containing the selected statement.\nThis option cannot be used with --cursor-offset.",
          "cliCategory": "Editor"
        },
        "requirePragma": {
          "since": "1.7.0",
          "category": "Special",
          "type": "boolean",
          "default": false,
          "description": "Require either '@prettier' or '@format' to be present in the file's first docblock comment\nin order for it to be formatted.",
          "cliCategory": "Other"
        },
        "tabWidth": {
          "type": "int",
          "category": "Global",
          "default": 2,
          "description": "Number of spaces per indentation level.",
          "range": {
            "start": 0,
            "end": null,
            "step": 1
          }
        },
        "useTabs": {
          "since": "1.0.0",
          "category": "Global",
          "type": "boolean",
          "default": false,
          "description": "Indent with tabs instead of spaces."
        },
        "embeddedLanguageFormatting": {
          "since": "2.1.0",
          "category": "Global",
          "type": "choice",
          "default": [
            {
              "since": "2.1.0",
              "value": "auto"
            }
          ],
          "description": "Control how Prettier formats quoted code embedded in the file.",
          "choices": [
            {
              "value": "auto",
              "description": "Format embedded code if Prettier can automatically identify it."
            },
            {
              "value": "off",
              "description": "Never automatically format embedded code."
            }
          ]
        }
      }
    },
    "optionsModule": {
      "hiddenDefaults": {
        "astFormat": "estree",
        "printer": {},
        "locStart": null,
        "locEnd": null
      }
    },
    "optionsNormalizer": {},
    "utils": {}
  },
  "__debug": {}
}
["INFO" - 7:07:18 AM] File Info:
{
  "ignored": false,
  "inferredParser": "json"
}
["INFO" - 7:07:18 AM] No local configuration (i.e. .prettierrc or .editorconfig) detected, falling back to VS Code configuration
["INFO" - 7:07:18 AM] Prettier Options:
{
  "arrowParens": "always",
  "bracketSpacing": true,
  "endOfLine": "lf",
  "htmlWhitespaceSensitivity": "css",
  "insertPragma": false,
  "singleAttributePerLine": false,
  "bracketSameLine": false,
  "jsxBracketSameLine": false,
  "jsxSingleQuote": false,
  "printWidth": 80,
  "proseWrap": "preserve",
  "quoteProps": "as-needed",
  "requirePragma": false,
  "semi": true,
  "singleQuote": false,
  "tabWidth": 2,
  "trailingComma": "es5",
  "useTabs": false,
  "embeddedLanguageFormatting": "auto",
  "vueIndentScriptAndStyle": false,
  "experimentalTernaries": false,
  "filepath": "/home/hplat/.config/Code/User/profiles/-2382b5f8/settings.json",
  "parser": "json"
}
["INFO" - 7:07:18 AM] Formatting completed in 38ms.
["INFO" - 7:12:48 AM] Forced formatting will not use ignore files.
["INFO" - 7:12:48 AM] Formatting file:///opt/lampp/htdocs/ktra/src/index.php
["INFO" - 7:12:48 AM] PrettierInstance:
{
  "doc": {
    "builders": {
      "line": {
        "type": "line"
      },
      "softline": {
        "type": "line",
        "soft": true
      },
      "hardline": {
        "type": "concat",
        "parts": [
          {
            "type": "line",
            "hard": true
          },
          {
            "type": "break-parent"
          }
        ]
      },
      "literalline": {
        "type": "concat",
        "parts": [
          {
            "type": "line",
            "hard": true,
            "literal": true
          },
          {
            "type": "break-parent"
          }
        ]
      },
      "lineSuffixBoundary": {
        "type": "line-suffix-boundary"
      },
      "cursor": {
        "type": "cursor"
      },
      "breakParent": {
        "type": "break-parent"
      },
      "trim": {
        "type": "trim"
      },
      "hardlineWithoutBreakParent": {
        "type": "line",
        "hard": true
      },
      "literallineWithoutBreakParent": {
        "type": "line",
        "hard": true,
        "literal": true
      }
    },
    "printer": {},
    "utils": {},
    "debug": {}
  },
  "version": "2.8.8",
  "util": {},
  "__internal": {
    "errors": {},
    "coreOptions": {
      "CATEGORY_CONFIG": "Config",
      "CATEGORY_EDITOR": "Editor",
      "CATEGORY_FORMAT": "Format",
      "CATEGORY_OTHER": "Other",
      "CATEGORY_OUTPUT": "Output",
      "CATEGORY_GLOBAL": "Global",
      "CATEGORY_SPECIAL": "Special",
      "options": {
        "cursorOffset": {
          "since": "1.4.0",
          "category": "Special",
          "type": "int",
          "default": -1,
          "range": {
            "start": -1,
            "end": null,
            "step": 1
          },
          "description": "Print (to stderr) where a cursor at the given position would move to after formatting.\nThis option cannot be used with --range-start and --range-end.",
          "cliCategory": "Editor"
        },
        "endOfLine": {
          "since": "1.15.0",
          "category": "Global",
          "type": "choice",
          "default": [
            {
              "since": "1.15.0",
              "value": "auto"
            },
            {
              "since": "2.0.0",
              "value": "lf"
            }
          ],
          "description": "Which end of line characters to apply.",
          "choices": [
            {
              "value": "lf",
              "description": "Line Feed only (\\n), common on Linux and macOS as well as inside git repos"
            },
            {
              "value": "crlf",
              "description": "Carriage Return + Line Feed characters (\\r\\n), common on Windows"
            },
            {
              "value": "cr",
              "description": "Carriage Return character only (\\r), used very rarely"
            },
            {
              "value": "auto",
              "description": "Maintain existing\n(mixed values within one file are normalised by looking at what's used after the first line)"
            }
          ]
        },
        "filepath": {
          "since": "1.4.0",
          "category": "Special",
          "type": "path",
          "description": "Specify the input filepath. This will be used to do parser inference.",
          "cliName": "stdin-filepath",
          "cliCategory": "Other",
          "cliDescription": "Path to the file to pretend that stdin comes from."
        },
        "insertPragma": {
          "since": "1.8.0",
          "category": "Special",
          "type": "boolean",
          "default": false,
          "description": "Insert @format pragma into file's first docblock comment.",
          "cliCategory": "Other"
        },
        "parser": {
          "since": "0.0.10",
          "category": "Global",
          "type": "choice",
          "default": [
            {
              "since": "0.0.10",
              "value": "babylon"
            },
            {
              "since": "1.13.0"
            }
          ],
          "description": "Which parser to use.",
          "choices": [
            {
              "value": "flow",
              "description": "Flow"
            },
            {
              "value": "babel",
              "since": "1.16.0",
              "description": "JavaScript"
            },
            {
              "value": "babel-flow",
              "since": "1.16.0",
              "description": "Flow"
            },
            {
              "value": "babel-ts",
              "since": "2.0.0",
              "description": "TypeScript"
            },
            {
              "value": "typescript",
              "since": "1.4.0",
              "description": "TypeScript"
            },
            {
              "value": "acorn",
              "since": "2.6.0",
              "description": "JavaScript"
            },
            {
              "value": "espree",
              "since": "2.2.0",
              "description": "JavaScript"
            },
            {
              "value": "meriyah",
              "since": "2.2.0",
              "description": "JavaScript"
            },
            {
              "value": "css",
              "since": "1.7.1",
              "description": "CSS"
            },
            {
              "value": "less",
              "since": "1.7.1",
              "description": "Less"
            },
            {
              "value": "scss",
              "since": "1.7.1",
              "description": "SCSS"
            },
            {
              "value": "json",
              "since": "1.5.0",
              "description": "JSON"
            },
            {
              "value": "json5",
              "since": "1.13.0",
              "description": "JSON5"
            },
            {
              "value": "json-stringify",
              "since": "1.13.0",
              "description": "JSON.stringify"
            },
            {
              "value": "graphql",
              "since": "1.5.0",
              "description": "GraphQL"
            },
            {
              "value": "markdown",
              "since": "1.8.0",
              "description": "Markdown"
            },
            {
              "value": "mdx",
              "since": "1.15.0",
              "description": "MDX"
            },
            {
              "value": "vue",
              "since": "1.10.0",
              "description": "Vue"
            },
            {
              "value": "yaml",
              "since": "1.14.0",
              "description": "YAML"
            },
            {
              "value": "glimmer",
              "since": "2.3.0",
              "description": "Ember / Handlebars"
            },
            {
              "value": "html",
              "since": "1.15.0",
              "description": "HTML"
            },
            {
              "value": "angular",
              "since": "1.15.0",
              "description": "Angular"
            },
            {
              "value": "lwc",
              "since": "1.17.0",
              "description": "Lightning Web Components"
            }
          ]
        },
        "plugins": {
          "since": "1.10.0",
          "type": "path",
          "array": true,
          "default": [
            {
              "value": []
            }
          ],
          "category": "Global",
          "description": "Add a plugin. Multiple plugins can be passed as separate `--plugin`s.",
          "cliName": "plugin",
          "cliCategory": "Config"
        },
        "pluginSearchDirs": {
          "since": "1.13.0",
          "type": "path",
          "array": true,
          "default": [
            {
              "value": []
            }
          ],
          "category": "Global",
          "description": "Custom directory that contains prettier plugins in node_modules subdirectory.\nOverrides default behavior when plugins are searched relatively to the location of Prettier.\nMultiple values are accepted.",
          "cliName": "plugin-search-dir",
          "cliCategory": "Config"
        },
        "printWidth": {
          "since": "0.0.0",
          "category": "Global",
          "type": "int",
          "default": 80,
          "description": "The line length where Prettier will try wrap.",
          "range": {
            "start": 0,
            "end": null,
            "step": 1
          }
        },
        "rangeEnd": {
          "since": "1.4.0",
          "category": "Special",
          "type": "int",
          "default": null,
          "range": {
            "start": 0,
            "end": null,
            "step": 1
          },
          "description": "Format code ending at a given character offset (exclusive).\nThe range will extend forwards to the end of the selected statement.\nThis option cannot be used with --cursor-offset.",
          "cliCategory": "Editor"
        },
        "rangeStart": {
          "since": "1.4.0",
          "category": "Special",
          "type": "int",
          "default": 0,
          "range": {
            "start": 0,
            "end": null,
            "step": 1
          },
          "description": "Format code starting at a given character offset.\nThe range will extend backwards to the start of the first line containing the selected statement.\nThis option cannot be used with --cursor-offset.",
          "cliCategory": "Editor"
        },
        "requirePragma": {
          "since": "1.7.0",
          "category": "Special",
          "type": "boolean",
          "default": false,
          "description": "Require either '@prettier' or '@format' to be present in the file's first docblock comment\nin order for it to be formatted.",
          "cliCategory": "Other"
        },
        "tabWidth": {
          "type": "int",
          "category": "Global",
          "default": 2,
          "description": "Number of spaces per indentation level.",
          "range": {
            "start": 0,
            "end": null,
            "step": 1
          }
        },
        "useTabs": {
          "since": "1.0.0",
          "category": "Global",
          "type": "boolean",
          "default": false,
          "description": "Indent with tabs instead of spaces."
        },
        "embeddedLanguageFormatting": {
          "since": "2.1.0",
          "category": "Global",
          "type": "choice",
          "default": [
            {
              "since": "2.1.0",
              "value": "auto"
            }
          ],
          "description": "Control how Prettier formats quoted code embedded in the file.",
          "choices": [
            {
              "value": "auto",
              "description": "Format embedded code if Prettier can automatically identify it."
            },
            {
              "value": "off",
              "description": "Never automatically format embedded code."
            }
          ]
        }
      }
    },
    "optionsModule": {
      "hiddenDefaults": {
        "astFormat": "estree",
        "printer": {},
        "locStart": null,
        "locEnd": null
      }
    },
    "optionsNormalizer": {},
    "utils": {}
  },
  "__debug": {}
}
["INFO" - 7:12:48 AM] Using ignore file (if present) at /opt/lampp/htdocs/.prettierignore
["INFO" - 7:12:48 AM] File Info:
{
  "ignored": false,
  "inferredParser": null
}
["WARN" - 7:12:48 AM] Parser not inferred, trying VS Code language.
["ERROR" - 7:12:48 AM] Failed to resolve a parser, skipping file. If you registered a custom file extension, be sure to configure the parser.
