[2024-10-17 20:54:41.615] Starting Git Graph ...
[2024-10-17 20:54:41.656] Using git (version: 2.47.0)
[2024-10-17 20:54:41.661] Started Git Graph - Ready to use!
[2024-10-17 20:54:41.663] Searching workspace for new repos ...
[2024-10-17 20:54:41.674] > git rev-parse --show-toplevel
[2024-10-17 20:54:41.759] Completed searching workspace for new repos
[2024-10-17 20:54:41.764] Successfully set Visual Studio Code Context "git-graph:codiconsSupported" to "true"
[2024-10-18 06:08:54.032] > git rev-parse --show-toplevel
[2024-10-18 06:16:32.145] > git rev-parse --show-toplevel
[2024-10-18 06:16:32.158] > git rev-parse --show-toplevel
[2024-10-18 06:16:32.172] > git rev-parse --show-toplevel
[2024-10-18 06:16:32.184] > git rev-parse --show-toplevel
[2024-10-18 06:16:32.195] > git rev-parse --show-toplevel
[2024-10-18 06:16:32.208] > git rev-parse --show-toplevel
[2024-10-18 06:16:32.221] > git rev-parse --show-toplevel
[2024-10-18 06:16:32.233] > git rev-parse --show-toplevel
[2024-10-18 06:16:32.247] > git rev-parse --show-toplevel
[2024-10-18 06:16:32.260] > git rev-parse --show-toplevel
[2024-10-18 06:16:32.272] > git rev-parse --show-toplevel
[2024-10-18 06:16:32.285] > git rev-parse --show-toplevel
[2024-10-18 06:16:32.297] > git rev-parse --show-toplevel
[2024-10-18 06:16:32.309] > git rev-parse --show-toplevel
[2024-10-18 06:16:32.321] > git rev-parse --show-toplevel
[2024-10-18 06:16:32.335] > git rev-parse --show-toplevel
[2024-10-18 06:16:32.346] > git rev-parse --show-toplevel
[2024-10-18 06:16:32.358] > git rev-parse --show-toplevel
[2024-10-18 06:16:32.370] > git rev-parse --show-toplevel
[2024-10-18 06:16:32.383] > git rev-parse --show-toplevel
[2024-10-18 06:16:32.396] > git rev-parse --show-toplevel
[2024-10-18 06:16:32.408] > git rev-parse --show-toplevel
[2024-10-18 06:16:32.420] > git rev-parse --show-toplevel
[2024-10-18 06:16:32.433] > git rev-parse --show-toplevel
[2024-10-18 06:16:32.446] > git rev-parse --show-toplevel
[2024-10-18 06:16:32.459] > git rev-parse --show-toplevel
[2024-10-18 06:16:32.470] > git rev-parse --show-toplevel
[2024-10-18 06:16:32.486] > git rev-parse --show-toplevel
[2024-10-18 06:16:32.499] > git rev-parse --show-toplevel
[2024-10-18 06:16:32.511] > git rev-parse --show-toplevel
[2024-10-18 06:16:32.525] > git rev-parse --show-toplevel
[2024-10-18 06:16:32.537] > git rev-parse --show-toplevel
[2024-10-18 06:16:32.549] > git rev-parse --show-toplevel
[2024-10-18 06:16:32.562] > git rev-parse --show-toplevel
[2024-10-18 06:16:32.573] > git rev-parse --show-toplevel
[2024-10-18 06:16:32.585] > git rev-parse --show-toplevel
[2024-10-18 06:16:32.597] > git rev-parse --show-toplevel
[2024-10-18 06:16:32.609] > git rev-parse --show-toplevel
[2024-10-18 06:16:32.621] > git rev-parse --show-toplevel
[2024-10-18 06:16:32.632] > git rev-parse --show-toplevel
[2024-10-18 06:16:32.645] > git rev-parse --show-toplevel
[2024-10-18 06:16:32.658] > git rev-parse --show-toplevel
[2024-10-18 06:16:32.669] > git rev-parse --show-toplevel
[2024-10-18 06:16:32.680] > git rev-parse --show-toplevel
[2024-10-18 06:16:32.693] > git rev-parse --show-toplevel
[2024-10-18 06:16:32.704] > git rev-parse --show-toplevel
[2024-10-18 06:16:32.716] > git rev-parse --show-toplevel
[2024-10-18 06:16:32.730] > git rev-parse --show-toplevel
[2024-10-18 06:16:32.743] > git rev-parse --show-toplevel
[2024-10-18 06:16:32.756] > git rev-parse --show-toplevel
[2024-10-18 06:16:32.770] > git rev-parse --show-toplevel
[2024-10-18 06:16:32.784] > git rev-parse --show-toplevel
[2024-10-18 06:16:32.798] > git rev-parse --show-toplevel
[2024-10-18 06:16:32.812] > git rev-parse --show-toplevel
[2024-10-18 06:16:32.826] > git rev-parse --show-toplevel
[2024-10-18 06:16:32.837] > git rev-parse --show-toplevel
[2024-10-18 06:16:32.848] > git rev-parse --show-toplevel
[2024-10-18 06:16:32.859] > git rev-parse --show-toplevel
[2024-10-18 06:16:32.871] > git rev-parse --show-toplevel
[2024-10-18 06:16:32.882] > git rev-parse --show-toplevel
[2024-10-18 06:16:32.894] > git rev-parse --show-toplevel
[2024-10-18 06:16:32.907] > git rev-parse --show-toplevel
[2024-10-18 06:16:32.918] > git rev-parse --show-toplevel
[2024-10-18 06:16:32.930] > git rev-parse --show-toplevel
[2024-10-18 06:16:32.941] > git rev-parse --show-toplevel
[2024-10-18 06:16:32.953] > git rev-parse --show-toplevel
[2024-10-18 06:16:32.965] > git rev-parse --show-toplevel
[2024-10-18 06:16:32.977] > git rev-parse --show-toplevel
[2024-10-18 06:16:32.989] > git rev-parse --show-toplevel
[2024-10-18 06:16:33.000] > git rev-parse --show-toplevel
[2024-10-18 06:16:33.011] > git rev-parse --show-toplevel
[2024-10-18 06:16:33.024] > git rev-parse --show-toplevel
[2024-10-18 06:16:33.035] > git rev-parse --show-toplevel
[2024-10-18 06:16:33.046] > git rev-parse --show-toplevel
[2024-10-18 06:16:33.058] > git rev-parse --show-toplevel
[2024-10-18 06:16:33.069] > git rev-parse --show-toplevel
[2024-10-18 06:16:33.080] > git rev-parse --show-toplevel
[2024-10-18 06:16:33.092] > git rev-parse --show-toplevel
[2024-10-18 06:16:33.104] > git rev-parse --show-toplevel
[2024-10-18 06:16:33.116] > git rev-parse --show-toplevel
[2024-10-18 06:16:33.128] > git rev-parse --show-toplevel
[2024-10-18 06:16:33.140] > git rev-parse --show-toplevel
[2024-10-18 06:16:33.152] > git rev-parse --show-toplevel
[2024-10-18 06:16:33.164] > git rev-parse --show-toplevel
[2024-10-18 06:16:33.175] > git rev-parse --show-toplevel
[2024-10-18 06:16:33.186] > git rev-parse --show-toplevel
[2024-10-18 06:16:33.199] > git rev-parse --show-toplevel
[2024-10-18 06:16:33.210] > git rev-parse --show-toplevel
[2024-10-18 06:16:33.222] > git rev-parse --show-toplevel
[2024-10-18 06:16:33.234] > git rev-parse --show-toplevel
[2024-10-18 06:16:33.246] > git rev-parse --show-toplevel
[2024-10-18 06:16:33.258] > git rev-parse --show-toplevel
[2024-10-18 06:16:33.270] > git rev-parse --show-toplevel
[2024-10-18 06:16:33.281] > git rev-parse --show-toplevel
[2024-10-18 06:16:33.293] > git rev-parse --show-toplevel
[2024-10-18 06:16:33.305] > git rev-parse --show-toplevel
[2024-10-18 06:16:33.316] > git rev-parse --show-toplevel
[2024-10-18 06:16:33.328] > git rev-parse --show-toplevel
[2024-10-18 06:16:33.339] > git rev-parse --show-toplevel
[2024-10-18 06:16:33.351] > git rev-parse --show-toplevel
[2024-10-18 06:16:33.362] > git rev-parse --show-toplevel
[2024-10-18 06:16:33.375] > git rev-parse --show-toplevel
[2024-10-18 06:16:33.386] > git rev-parse --show-toplevel
[2024-10-18 06:16:33.399] > git rev-parse --show-toplevel
[2024-10-18 06:16:33.410] > git rev-parse --show-toplevel
[2024-10-18 06:16:33.421] > git rev-parse --show-toplevel
[2024-10-18 06:16:33.433] > git rev-parse --show-toplevel
[2024-10-18 06:16:33.444] > git rev-parse --show-toplevel
[2024-10-18 06:16:33.457] > git rev-parse --show-toplevel
[2024-10-18 06:16:33.469] > git rev-parse --show-toplevel
[2024-10-18 06:16:33.481] > git rev-parse --show-toplevel
[2024-10-18 06:16:33.492] > git rev-parse --show-toplevel
[2024-10-18 06:16:33.505] > git rev-parse --show-toplevel
[2024-10-18 06:16:33.516] > git rev-parse --show-toplevel
[2024-10-18 06:16:33.527] > git rev-parse --show-toplevel
[2024-10-18 06:16:33.540] > git rev-parse --show-toplevel
[2024-10-18 06:16:33.552] > git rev-parse --show-toplevel
[2024-10-18 06:16:33.565] > git rev-parse --show-toplevel
[2024-10-18 06:16:33.577] > git rev-parse --show-toplevel
[2024-10-18 06:16:33.589] > git rev-parse --show-toplevel
[2024-10-18 06:16:33.600] > git rev-parse --show-toplevel
[2024-10-18 06:16:33.612] > git rev-parse --show-toplevel
[2024-10-18 06:16:33.625] > git rev-parse --show-toplevel
[2024-10-18 06:16:33.636] > git rev-parse --show-toplevel
[2024-10-18 06:16:33.648] > git rev-parse --show-toplevel
[2024-10-18 06:16:33.660] > git rev-parse --show-toplevel
[2024-10-18 06:16:33.671] > git rev-parse --show-toplevel
[2024-10-18 06:16:33.684] > git rev-parse --show-toplevel
[2024-10-18 06:16:33.695] > git rev-parse --show-toplevel
[2024-10-18 06:16:33.707] > git rev-parse --show-toplevel
[2024-10-18 06:16:33.719] > git rev-parse --show-toplevel
[2024-10-18 06:16:33.731] > git rev-parse --show-toplevel
[2024-10-18 06:16:33.743] > git rev-parse --show-toplevel
[2024-10-18 06:16:33.754] > git rev-parse --show-toplevel
[2024-10-18 06:16:33.766] > git rev-parse --show-toplevel
[2024-10-18 06:16:33.779] > git rev-parse --show-toplevel
[2024-10-18 06:16:33.792] > git rev-parse --show-toplevel
[2024-10-18 06:16:33.804] > git rev-parse --show-toplevel
[2024-10-18 06:16:33.817] > git rev-parse --show-toplevel
[2024-10-18 06:16:33.829] > git rev-parse --show-toplevel
[2024-10-18 06:16:33.841] > git rev-parse --show-toplevel
[2024-10-18 06:16:33.853] > git rev-parse --show-toplevel
[2024-10-18 06:16:33.865] > git rev-parse --show-toplevel
[2024-10-18 06:16:33.876] > git rev-parse --show-toplevel
[2024-10-18 06:16:33.889] > git rev-parse --show-toplevel
[2024-10-18 06:16:33.900] > git rev-parse --show-toplevel
[2024-10-18 06:16:33.911] > git rev-parse --show-toplevel
[2024-10-18 06:16:33.925] > git rev-parse --show-toplevel
[2024-10-18 06:16:33.937] > git rev-parse --show-toplevel
[2024-10-18 06:16:33.950] > git rev-parse --show-toplevel
[2024-10-18 06:16:33.962] > git rev-parse --show-toplevel
[2024-10-18 06:16:33.975] > git rev-parse --show-toplevel
[2024-10-18 06:16:33.990] > git rev-parse --show-toplevel
[2024-10-18 06:16:34.004] > git rev-parse --show-toplevel
[2024-10-18 06:16:34.016] > git rev-parse --show-toplevel
[2024-10-18 06:16:34.030] > git rev-parse --show-toplevel
[2024-10-18 06:16:34.042] > git rev-parse --show-toplevel
[2024-10-18 06:16:34.054] > git rev-parse --show-toplevel
[2024-10-18 06:16:34.066] > git rev-parse --show-toplevel
[2024-10-18 06:16:34.078] > git rev-parse --show-toplevel
[2024-10-18 06:16:34.090] > git rev-parse --show-toplevel
[2024-10-18 06:16:34.102] > git rev-parse --show-toplevel
[2024-10-18 06:16:34.114] > git rev-parse --show-toplevel
[2024-10-18 06:16:34.126] > git rev-parse --show-toplevel
[2024-10-18 06:16:34.139] > git rev-parse --show-toplevel
[2024-10-18 06:16:34.150] > git rev-parse --show-toplevel
[2024-10-18 06:16:34.161] > git rev-parse --show-toplevel
[2024-10-18 06:16:34.173] > git rev-parse --show-toplevel
[2024-10-18 06:16:34.185] > git rev-parse --show-toplevel
[2024-10-18 06:16:34.197] > git rev-parse --show-toplevel
[2024-10-18 06:16:34.209] > git rev-parse --show-toplevel
[2024-10-18 06:16:34.222] > git rev-parse --show-toplevel
[2024-10-18 06:16:34.234] > git rev-parse --show-toplevel
[2024-10-18 06:16:34.247] > git rev-parse --show-toplevel
[2024-10-18 06:16:34.259] > git rev-parse --show-toplevel
[2024-10-18 06:16:34.272] > git rev-parse --show-toplevel
[2024-10-18 06:16:34.284] > git rev-parse --show-toplevel
[2024-10-18 06:16:34.296] > git rev-parse --show-toplevel
[2024-10-18 06:16:34.308] > git rev-parse --show-toplevel
[2024-10-18 06:16:34.321] > git rev-parse --show-toplevel
[2024-10-18 06:16:34.334] > git rev-parse --show-toplevel
[2024-10-18 06:16:34.348] > git rev-parse --show-toplevel
[2024-10-18 06:16:34.363] > git rev-parse --show-toplevel
[2024-10-18 06:16:34.375] > git rev-parse --show-toplevel
[2024-10-18 06:16:34.386] > git rev-parse --show-toplevel
[2024-10-18 06:16:34.400] > git rev-parse --show-toplevel
[2024-10-18 06:16:34.412] > git rev-parse --show-toplevel
[2024-10-18 06:16:34.424] > git rev-parse --show-toplevel
[2024-10-18 06:16:34.435] > git rev-parse --show-toplevel
[2024-10-18 06:16:34.447] > git rev-parse --show-toplevel
[2024-10-18 06:16:34.460] > git rev-parse --show-toplevel
[2024-10-18 06:16:34.472] > git rev-parse --show-toplevel
[2024-10-18 06:16:34.483] > git rev-parse --show-toplevel
[2024-10-18 06:16:34.495] > git rev-parse --show-toplevel
[2024-10-18 06:16:34.508] > git rev-parse --show-toplevel
[2024-10-18 06:16:34.520] > git rev-parse --show-toplevel
[2024-10-18 06:16:34.533] > git rev-parse --show-toplevel
[2024-10-18 06:16:34.547] > git rev-parse --show-toplevel
[2024-10-18 06:16:34.559] > git rev-parse --show-toplevel
[2024-10-18 06:16:34.571] > git rev-parse --show-toplevel
[2024-10-18 06:16:34.584] > git rev-parse --show-toplevel
[2024-10-18 06:16:34.596] > git rev-parse --show-toplevel
[2024-10-18 06:16:34.608] > git rev-parse --show-toplevel
[2024-10-18 06:16:34.620] > git rev-parse --show-toplevel
[2024-10-18 06:16:34.631] > git rev-parse --show-toplevel
[2024-10-18 06:16:34.643] > git rev-parse --show-toplevel
[2024-10-18 06:16:34.655] > git rev-parse --show-toplevel
[2024-10-18 06:16:34.668] > git rev-parse --show-toplevel
[2024-10-18 06:16:34.681] > git rev-parse --show-toplevel
[2024-10-18 06:16:34.693] > git rev-parse --show-toplevel
[2024-10-18 06:16:34.704] > git rev-parse --show-toplevel
[2024-10-18 06:16:34.717] > git rev-parse --show-toplevel
[2024-10-18 06:16:34.730] > git rev-parse --show-toplevel
[2024-10-18 06:16:34.742] > git rev-parse --show-toplevel
[2024-10-18 06:16:34.754] > git rev-parse --show-toplevel
[2024-10-18 06:16:34.767] > git rev-parse --show-toplevel
[2024-10-18 06:16:34.781] > git rev-parse --show-toplevel
[2024-10-18 06:16:34.792] > git rev-parse --show-toplevel
[2024-10-18 06:16:34.805] > git rev-parse --show-toplevel
[2024-10-18 06:16:34.816] > git rev-parse --show-toplevel
[2024-10-18 06:16:34.827] > git rev-parse --show-toplevel
[2024-10-18 06:16:34.841] > git rev-parse --show-toplevel
[2024-10-18 06:16:34.853] > git rev-parse --show-toplevel
[2024-10-18 06:16:34.864] > git rev-parse --show-toplevel
[2024-10-18 06:16:34.875] > git rev-parse --show-toplevel
[2024-10-18 06:16:34.887] > git rev-parse --show-toplevel
[2024-10-18 06:16:34.898] > git rev-parse --show-toplevel
[2024-10-18 06:16:34.909] > git rev-parse --show-toplevel
[2024-10-18 06:16:34.921] > git rev-parse --show-toplevel
[2024-10-18 06:16:34.933] > git rev-parse --show-toplevel
[2024-10-18 06:16:34.944] > git rev-parse --show-toplevel
[2024-10-18 06:16:34.956] > git rev-parse --show-toplevel
[2024-10-18 06:16:34.968] > git rev-parse --show-toplevel
[2024-10-18 06:16:34.978] > git rev-parse --show-toplevel
[2024-10-18 06:16:34.991] > git rev-parse --show-toplevel
[2024-10-18 06:16:35.003] > git rev-parse --show-toplevel
[2024-10-18 06:16:35.014] > git rev-parse --show-toplevel
[2024-10-18 06:16:35.025] > git rev-parse --show-toplevel
[2024-10-18 06:16:35.036] > git rev-parse --show-toplevel
[2024-10-18 06:16:35.049] > git rev-parse --show-toplevel
[2024-10-18 06:16:35.060] > git rev-parse --show-toplevel
[2024-10-18 06:16:35.073] > git rev-parse --show-toplevel
[2024-10-18 06:16:35.087] > git rev-parse --show-toplevel
[2024-10-18 06:16:35.101] > git rev-parse --show-toplevel
[2024-10-18 06:16:35.113] > git rev-parse --show-toplevel
[2024-10-18 06:16:35.126] > git rev-parse --show-toplevel
[2024-10-18 06:16:35.139] > git rev-parse --show-toplevel
[2024-10-18 06:16:35.151] > git rev-parse --show-toplevel
[2024-10-18 06:16:35.163] > git rev-parse --show-toplevel
[2024-10-18 06:16:35.175] > git rev-parse --show-toplevel
[2024-10-18 06:16:35.188] > git rev-parse --show-toplevel
[2024-10-18 06:16:35.199] > git rev-parse --show-toplevel
[2024-10-18 06:16:35.213] > git rev-parse --show-toplevel
[2024-10-18 06:16:35.224] > git rev-parse --show-toplevel
[2024-10-18 06:16:35.236] > git rev-parse --show-toplevel
[2024-10-18 06:16:35.248] > git rev-parse --show-toplevel
[2024-10-18 06:16:35.260] > git rev-parse --show-toplevel
[2024-10-18 06:16:35.271] > git rev-parse --show-toplevel
[2024-10-18 06:16:35.283] > git rev-parse --show-toplevel
[2024-10-18 06:16:35.296] > git rev-parse --show-toplevel
[2024-10-18 06:16:35.309] > git rev-parse --show-toplevel
[2024-10-18 06:16:35.322] > git rev-parse --show-toplevel
[2024-10-18 06:16:35.336] > git rev-parse --show-toplevel
[2024-10-18 06:16:35.348] > git rev-parse --show-toplevel
[2024-10-18 06:16:35.361] > git rev-parse --show-toplevel
[2024-10-18 06:16:35.372] > git rev-parse --show-toplevel
[2024-10-18 06:16:35.384] > git rev-parse --show-toplevel
[2024-10-18 06:16:35.396] > git rev-parse --show-toplevel
[2024-10-18 06:16:35.409] > git rev-parse --show-toplevel
[2024-10-18 06:16:35.421] > git rev-parse --show-toplevel
[2024-10-18 06:16:35.433] > git rev-parse --show-toplevel
[2024-10-18 06:16:35.445] > git rev-parse --show-toplevel
[2024-10-18 06:16:35.456] > git rev-parse --show-toplevel
[2024-10-18 06:16:35.469] > git rev-parse --show-toplevel
[2024-10-18 06:16:35.481] > git rev-parse --show-toplevel
[2024-10-18 06:16:35.495] > git rev-parse --show-toplevel
[2024-10-18 06:16:35.507] > git rev-parse --show-toplevel
[2024-10-18 06:16:35.520] > git rev-parse --show-toplevel
[2024-10-18 06:16:35.532] > git rev-parse --show-toplevel
[2024-10-18 06:16:35.545] > git rev-parse --show-toplevel
[2024-10-18 06:16:35.558] > git rev-parse --show-toplevel
[2024-10-18 06:16:35.571] > git rev-parse --show-toplevel
[2024-10-18 06:16:35.582] > git rev-parse --show-toplevel
[2024-10-18 06:16:35.595] > git rev-parse --show-toplevel
[2024-10-18 06:16:35.607] > git rev-parse --show-toplevel
[2024-10-18 06:16:35.620] > git rev-parse --show-toplevel
[2024-10-18 06:16:35.632] > git rev-parse --show-toplevel
[2024-10-18 06:16:35.643] > git rev-parse --show-toplevel
[2024-10-18 06:16:35.657] > git rev-parse --show-toplevel
[2024-10-18 06:16:35.673] > git rev-parse --show-toplevel
[2024-10-18 06:16:35.685] > git rev-parse --show-toplevel
[2024-10-18 06:16:35.721] > git rev-parse --show-toplevel
[2024-10-18 06:16:35.742] > git rev-parse --show-toplevel
[2024-10-18 06:16:35.754] > git rev-parse --show-toplevel
[2024-10-18 06:16:35.766] > git rev-parse --show-toplevel
[2024-10-18 06:16:35.780] > git rev-parse --show-toplevel
[2024-10-18 06:16:35.792] > git rev-parse --show-toplevel
[2024-10-18 06:16:35.803] > git rev-parse --show-toplevel
[2024-10-18 06:16:35.816] > git rev-parse --show-toplevel
[2024-10-18 06:16:35.829] > git rev-parse --show-toplevel
[2024-10-18 06:16:35.841] > git rev-parse --show-toplevel
[2024-10-18 06:16:35.853] > git rev-parse --show-toplevel
[2024-10-18 06:16:35.865] > git rev-parse --show-toplevel
[2024-10-18 06:16:35.877] > git rev-parse --show-toplevel
[2024-10-18 06:16:35.891] > git rev-parse --show-toplevel
[2024-10-18 06:16:35.902] > git rev-parse --show-toplevel
[2024-10-18 06:16:35.915] > git rev-parse --show-toplevel
[2024-10-18 06:16:35.927] > git rev-parse --show-toplevel
[2024-10-18 06:16:35.942] > git rev-parse --show-toplevel
[2024-10-18 06:16:35.955] > git rev-parse --show-toplevel
[2024-10-18 06:16:35.967] > git rev-parse --show-toplevel
[2024-10-18 06:16:35.979] > git rev-parse --show-toplevel
[2024-10-18 06:16:35.991] > git rev-parse --show-toplevel
[2024-10-18 06:16:36.003] > git rev-parse --show-toplevel
[2024-10-18 06:16:36.015] > git rev-parse --show-toplevel
[2024-10-18 06:16:36.029] > git rev-parse --show-toplevel
[2024-10-18 06:16:36.041] > git rev-parse --show-toplevel
[2024-10-18 06:16:36.053] > git rev-parse --show-toplevel
[2024-10-18 06:16:36.067] > git rev-parse --show-toplevel
[2024-10-18 06:16:36.078] > git rev-parse --show-toplevel
[2024-10-18 06:16:36.090] > git rev-parse --show-toplevel
[2024-10-18 06:16:36.102] > git rev-parse --show-toplevel
[2024-10-18 06:16:36.114] > git rev-parse --show-toplevel
[2024-10-18 06:16:36.125] > git rev-parse --show-toplevel
[2024-10-18 06:16:36.137] > git rev-parse --show-toplevel
[2024-10-18 06:16:36.149] > git rev-parse --show-toplevel
[2024-10-18 06:16:36.160] > git rev-parse --show-toplevel
[2024-10-18 06:16:36.174] > git rev-parse --show-toplevel
[2024-10-18 06:16:36.186] > git rev-parse --show-toplevel
[2024-10-18 06:16:36.197] > git rev-parse --show-toplevel
[2024-10-18 06:16:36.212] > git rev-parse --show-toplevel
[2024-10-18 06:16:36.225] > git rev-parse --show-toplevel
[2024-10-18 06:16:36.237] > git rev-parse --show-toplevel
[2024-10-18 06:16:36.248] > git rev-parse --show-toplevel
[2024-10-18 06:16:36.260] > git rev-parse --show-toplevel
[2024-10-18 06:16:36.272] > git rev-parse --show-toplevel
[2024-10-18 06:16:36.284] > git rev-parse --show-toplevel
[2024-10-18 06:16:36.296] > git rev-parse --show-toplevel
[2024-10-18 06:16:36.309] > git rev-parse --show-toplevel
[2024-10-18 06:16:36.320] > git rev-parse --show-toplevel
[2024-10-18 06:16:36.332] > git rev-parse --show-toplevel
[2024-10-18 06:16:36.343] > git rev-parse --show-toplevel
[2024-10-18 06:16:36.355] > git rev-parse --show-toplevel
[2024-10-18 06:16:36.368] > git rev-parse --show-toplevel
[2024-10-18 06:16:36.380] > git rev-parse --show-toplevel
[2024-10-18 06:16:36.393] > git rev-parse --show-toplevel
[2024-10-18 06:16:36.405] > git rev-parse --show-toplevel
[2024-10-18 06:16:36.419] > git rev-parse --show-toplevel
[2024-10-18 06:16:36.431] > git rev-parse --show-toplevel
[2024-10-18 06:16:36.444] > git rev-parse --show-toplevel
[2024-10-18 06:16:36.457] > git rev-parse --show-toplevel
[2024-10-18 06:16:36.468] > git rev-parse --show-toplevel
[2024-10-18 06:16:36.480] > git rev-parse --show-toplevel
[2024-10-18 06:16:36.492] > git rev-parse --show-toplevel
[2024-10-18 06:16:36.504] > git rev-parse --show-toplevel
[2024-10-18 06:16:36.517] > git rev-parse --show-toplevel
[2024-10-18 06:29:13.499] > git rev-parse --show-toplevel
[2024-10-18 06:31:12.481] > git rev-parse --show-toplevel
[2024-10-18 06:31:15.405] > git rev-parse --show-toplevel
[2024-10-18 06:55:54.481] > git rev-parse --show-toplevel
