[Info  - 8:54:41 PM] Initialising intelephense 1.12.6
[Info  - 8:54:42 PM] Initialised in 9 ms
[Info  - 8:54:43 PM] Searching file:///home/hplat/.vscode/extensions/bmewburn.vscode-intelephense-client-1.12.6/node_modules/intelephense/lib/stub for files to index.
[Info  - 8:54:43 PM] Searching file:///opt/lampp/htdocs for files to index.
[Info  - 8:54:43 PM] Indexing started.
[Info  - 8:54:44 PM] Indexing ended. 143 files indexed in 1s.
[Info  - 8:54:44 PM] Writing state to /home/hplat/.config/Code/User/workspaceStorage/0dff8024636214fa6f15b61a3f5bf946/bmewburn.vscode-intelephense-client/547dba56.
[Info  - 8:54:44 PM] Wrote state in 0.1s.
[Info  - 9:32:19 PM] Indexing started.
[Info  - 9:32:19 PM] Indexing ended. 1 files indexed in 0s.
[Info  - 9:32:39 PM] Indexing started.
[Info  - 9:32:40 PM] Indexing ended. 1 files indexed in 0s.
[Info  - 9:32:45 PM] Indexing started.
[Info  - 9:32:45 PM] Indexing ended. 1 files indexed in 0s.
[Info  - 6:08:53 AM] Searching file:///opt/lampp/htdocs/ktra for files to index.
[Info  - 6:16:31 AM] Searching file:///opt/lampp/htdocs/ktra/node_modules/balanced-match/.github for files to index.
[Info  - 6:16:31 AM] Searching file:///opt/lampp/htdocs/ktra/node_modules/brace-expansion/.github for files to index.
[Info  - 6:16:31 AM] Searching file:///opt/lampp/htdocs/ktra/node_modules/fastq/.github for files to index.
[Info  - 6:16:31 AM] Searching file:///opt/lampp/htdocs/ktra/node_modules/fastq/.github/workflows for files to index.
[Info  - 6:16:31 AM] Searching file:///opt/lampp/htdocs/ktra/node_modules/function-bind/.github for files to index.
[Info  - 6:16:31 AM] Searching file:///opt/lampp/htdocs/ktra/node_modules/hasown/.github for files to index.
[Info  - 6:16:31 AM] Searching file:///opt/lampp/htdocs/ktra/node_modules/supports-preserve-symlinks-flag/.github for files to index.
[Info  - 6:16:31 AM] Searching file:///opt/lampp/htdocs/ktra/node_modules/resolve/.github for files to index.
[Info  - 6:16:31 AM] Searching file:///opt/lampp/htdocs/ktra/node_modules/.bin for files to index.
[Info  - 6:17:14 AM] Indexing started.
[Info  - 6:17:14 AM] Indexing ended. 1 files indexed in 0s.
[Info  - 6:29:12 AM] Searching file:///opt/lampp/htdocs/ktra/src for files to index.
[Info  - 6:31:11 AM] Searching file:///opt/lampp/htdocs/ktra/public for files to index.
[Info  - 6:31:14 AM] Searching file:///opt/lampp/htdocs/ktra/public/css for files to index.
[Info  - 6:55:53 AM] Searching file:///opt/lampp/htdocs/ktra/src for files to index.
[Info  - 6:55:55 AM] Indexing started.
[Info  - 6:55:55 AM] Indexing ended. 1 files indexed in 0s.
[Info  - 6:57:55 AM] Indexing started.
[Info  - 6:57:55 AM] Indexing ended. 1 files indexed in 0s.
