[Info  - 8:54:42 PM] PHP Language Server Started (PID: 12340)
[Info  - 8:54:57 PM] 1 file system change(s) ...
[Info  - 8:55:22 PM] 1 file system change(s) ...
[Info  - 8:56:04 PM] 1 file system change(s) ...
[Info  - 8:57:59 PM] 1 file system change(s) ...
[Info  - 8:58:17 PM] 1 file system change(s) ...
[Info  - 8:59:54 PM] 1 file system change(s) ...
[Info  - 8:59:58 PM] 1 file system change(s) ...
[Info  - 9:08:50 PM] 1 file system change(s) ...
[Info  - 9:08:53 PM] 1 file system change(s) ...
[Info  - 9:09:00 PM] 1 file system change(s) ...
[Info  - 9:09:09 PM] 1 file system change(s) ...
[Info  - 9:09:12 PM] 1 file system change(s) ...
[Info  - 9:09:15 PM] 1 file system change(s) ...
[Info  - 9:11:13 PM] 1 file system change(s) ...
[Info  - 9:11:20 PM] 1 file system change(s) ...
[Info  - 9:11:27 PM] 1 file system change(s) ...
[Info  - 9:11:34 PM] 1 file system change(s) ...
[Info  - 9:11:39 PM] 2 file system change(s) ...
[Info  - 9:11:43 PM] 1 file system change(s) ...
[Info  - 9:27:04 PM] 1 file system change(s) ...
[Info  - 9:27:13 PM] 1 file system change(s) ...
[Info  - 9:27:20 PM] 2 file system change(s) ...
[Info  - 9:27:23 PM] 1 file system change(s) ...
[Info  - 9:32:20 PM] 1 file system change(s) ...
[Info  - 9:32:41 PM] 1 file system change(s) ...
[Info  - 9:32:47 PM] 1 file system change(s) ...
[Info  - 9:33:06 PM] 1 file system change(s) ...
[Info  - 9:38:33 PM] 1 file system change(s) ...
[Info  - 9:39:09 PM] 1 file system change(s) ...
[Info  - 9:42:46 PM] 1 file system change(s) ...
[Info  - 9:42:52 PM] 1 file system change(s) ...
[Info  - 9:42:58 PM] 1 file system change(s) ...
[Info  - 9:43:01 PM] 1 file system change(s) ...
[Info  - 9:43:11 PM] 1 file system change(s) ...
[Info  - 9:43:17 PM] 1 file system change(s) ...
[Info  - 9:43:29 PM] 1 file system change(s) ...
[Info  - 9:43:51 PM] 1 file system change(s) ...
[Info  - 9:44:06 PM] 1 file system change(s) ...
[Info  - 9:44:22 PM] 1 file system change(s) ...
[Info  - 9:44:31 PM] 1 file system change(s) ...
[Info  - 9:49:34 PM] 1 file system change(s) ...
[Info  - 9:49:59 PM] 1 file system change(s) ...
[Info  - 9:50:08 PM] 1 file system change(s) ...
[Info  - 9:50:12 PM] 1 file system change(s) ...
[Info  - 9:50:27 PM] 1 file system change(s) ...
[Info  - 9:51:18 PM] 1 file system change(s) ...
[Info  - 9:51:42 PM] 1 file system change(s) ...
[Info  - 9:52:37 PM] 1 file system change(s) ...
[Info  - 9:52:59 PM] 1 file system change(s) ...
[Info  - 10:19:51 PM] 1 file system change(s) ...
[Info  - 10:20:00 PM] 1 file system change(s) ...
[Info  - 10:24:54 PM] 1 file system change(s) ...
[Info  - 10:25:31 PM] 1 file system change(s) ...
[Info  - 10:26:08 PM] 1 file system change(s) ...
[Info  - 10:27:50 PM] 1 file system change(s) ...
[Info  - 10:27:59 PM] 1 file system change(s) ...
[Info  - 10:28:38 PM] 1 file system change(s) ...
[Info  - 10:28:42 PM] 1 file system change(s) ...
[Info  - 10:28:54 PM] 1 file system change(s) ...
[Info  - 10:29:39 PM] 1 file system change(s) ...
[Info  - 10:29:57 PM] 1 file system change(s) ...
[Info  - 10:30:06 PM] 1 file system change(s) ...
[Info  - 10:30:18 PM] 1 file system change(s) ...
[Info  - 10:30:36 PM] 1 file system change(s) ...
[Info  - 10:38:07 PM] 1 file system change(s) ...
[Info  - 10:38:26 PM] 1 file system change(s) ...
[Info  - 10:38:53 PM] 1 file system change(s) ...
[Info  - 10:39:24 PM] 1 file system change(s) ...
[Info  - 10:39:30 PM] 1 file system change(s) ...
[Info  - 10:40:54 PM] 1 file system change(s) ...
[Info  - 10:41:57 PM] 1 file system change(s) ...
[Info  - 10:42:34 PM] 1 file system change(s) ...
[Info  - 10:46:10 PM] 1 file system change(s) ...
[Info  - 10:46:34 PM] 1 file system change(s) ...
[Info  - 10:48:44 PM] 1 file system change(s) ...
[Info  - 10:48:54 PM] 1 file system change(s) ...
[Info  - 11:03:13 PM] 1 file system change(s) ...
[Info  - 11:03:31 PM] 1 file system change(s) ...
[Info  - 11:10:29 PM] 1 file system change(s) ...
[Info  - 6:08:54 AM] 1 file system change(s) ...
[Info  - 6:14:45 AM] 1 file system change(s) ...
[Info  - 6:15:28 AM] 1 file system change(s) ...
[Info  - 6:15:58 AM] 1 file system change(s) ...
[Info  - 6:16:04 AM] 1 file system change(s) ...
[Info  - 6:16:32 AM] 394 file system change(s) ...
[Info  - 6:17:15 AM] 1 file system change(s) ...
[Info  - 6:17:58 AM] 1 file system change(s) ...
[Info  - 6:18:19 AM] 1 file system change(s) ...
[Info  - 6:18:50 AM] 1 file system change(s) ...
[Info  - 6:18:59 AM] 1 file system change(s) ...
[Info  - 6:19:30 AM] 1 file system change(s) ...
[Info  - 6:19:37 AM] 2 file system change(s) ...
[Info  - 6:20:04 AM] 1 file system change(s) ...
[Info  - 6:20:40 AM] 1 file system change(s) ...
[Info  - 6:20:52 AM] 1 file system change(s) ...
[Info  - 6:21:04 AM] 1 file system change(s) ...
[Info  - 6:21:14 AM] 1 file system change(s) ...
[Info  - 6:22:05 AM] 1 file system change(s) ...
[Info  - 6:24:05 AM] 1 file system change(s) ...
[Info  - 6:25:30 AM] 1 file system change(s) ...
[Info  - 6:26:09 AM] 1 file system change(s) ...
[Info  - 6:28:00 AM] 1 file system change(s) ...
[Info  - 6:29:13 AM] 1 file system change(s) ...
[Info  - 6:31:13 AM] 1 file system change(s) ...
[Info  - 6:31:16 AM] 1 file system change(s) ...
[Info  - 6:31:47 AM] 1 file system change(s) ...
[Info  - 6:31:56 AM] 1 file system change(s) ...
[Info  - 6:32:08 AM] 1 file system change(s) ...
[Info  - 6:32:17 AM] 1 file system change(s) ...
[Info  - 6:32:32 AM] 1 file system change(s) ...
[Info  - 6:36:53 AM] 1 file system change(s) ...
[Info  - 6:37:41 AM] 1 file system change(s) ...
[Info  - 6:37:47 AM] 1 file system change(s) ...
[Info  - 6:40:03 AM] 1 file system change(s) ...
[Info  - 6:40:12 AM] 1 file system change(s) ...
[Info  - 6:40:43 AM] 1 file system change(s) ...
[Info  - 6:43:13 AM] 1 file system change(s) ...
[Info  - 6:45:14 AM] 1 file system change(s) ...
[Info  - 6:45:20 AM] 1 file system change(s) ...
[Info  - 6:45:45 AM] 1 file system change(s) ...
[Info  - 6:46:04 AM] 1 file system change(s) ...
[Info  - 6:46:10 AM] 1 file system change(s) ...
[Info  - 6:46:25 AM] 1 file system change(s) ...
[Info  - 6:48:19 AM] 1 file system change(s) ...
[Info  - 6:48:38 AM] 1 file system change(s) ...
[Info  - 6:55:55 AM] 1 file system change(s) ...
[Error - 6:55:55 AM] File file:///opt/lampp/htdocs/ktra/chuyen.php could not be read.
[Info  - 6:55:58 AM] 1 file system change(s) ...
[Info  - 6:57:37 AM] 1 file system change(s) ...
[Info  - 6:57:46 AM] 1 file system change(s) ...
[Error - 6:57:55 AM] File file:///opt/lampp/htdocs/ktra/src/chuyen.php could not be read.
[Info  - 6:57:58 AM] 1 file system change(s) ...
[Info  - 6:58:40 AM] 1 file system change(s) ...
[Info  - 6:58:49 AM] 1 file system change(s) ...
[Info  - 6:59:16 AM] 2 file system change(s) ...
[Info  - 6:59:28 AM] 1 file system change(s) ...
[Info  - 6:59:37 AM] 1 file system change(s) ...
[Info  - 6:59:46 AM] 1 file system change(s) ...
[Info  - 6:59:49 AM] 1 file system change(s) ...
[Info  - 7:00:55 AM] 1 file system change(s) ...
[Info  - 7:01:14 AM] 1 file system change(s) ...
[Info  - 7:01:51 AM] 1 file system change(s) ...
[Info  - 7:04:13 AM] 1 file system change(s) ...
[Info  - 7:04:16 AM] 1 file system change(s) ...
[Info  - 7:06:46 AM] 1 file system change(s) ...
[Info  - 7:07:07 AM] 1 file system change(s) ...
[Info  - 7:09:08 AM] 1 file system change(s) ...
[Info  - 7:09:26 AM] 1 file system change(s) ...
[Info  - 7:10:08 AM] 1 file system change(s) ...
[Info  - 7:11:56 AM] 1 file system change(s) ...
[Info  - 7:12:11 AM] 1 file system change(s) ...
[Info  - 7:12:53 AM] 1 file system change(s) ...
[Info  - 7:12:57 AM] 1 file system change(s) ...
[Info  - 7:15:15 AM] 1 file system change(s) ...
[Info  - 7:15:42 AM] 1 file system change(s) ...
[Info  - 7:17:01 AM] 1 file system change(s) ...
[Info  - 7:18:38 AM] 1 file system change(s) ...
[Info  - 7:19:14 AM] 2 file system change(s) ...
[Info  - 7:19:20 AM] 2 file system change(s) ...
[Info  - 7:19:26 AM] 2 file system change(s) ...
[Info  - 7:19:42 AM] 2 file system change(s) ...
[Info  - 7:20:03 AM] 2 file system change(s) ...
[Info  - 7:20:09 AM] 1 file system change(s) ...
[Info  - 7:20:16 AM] 1 file system change(s) ...
[Info  - 7:20:19 AM] 1 file system change(s) ...
[Info  - 7:22:50 AM] 1 file system change(s) ...
[Info  - 7:23:05 AM] 1 file system change(s) ...
[Info  - 7:23:38 AM] 1 file system change(s) ...
[Info  - 7:24:26 AM] 1 file system change(s) ...
[Info  - 7:24:51 AM] 1 file system change(s) ...
[Info  - 7:24:58 AM] 1 file system change(s) ...
