2024-10-21 22:42:32.323 [info] Added views:workbench.view.search in workbench.view.search
2024-10-21 22:42:32.323 [info] Added views:workbench.scm in workbench.view.scm
2024-10-21 22:42:32.323 [info] Added views:workbench.panel.markers.view in workbench.panel.markers
2024-10-21 22:42:32.323 [info] Added views:workbench.panel.output in workbench.panel.output
2024-10-21 22:42:32.323 [info] Added views:terminal in terminal
2024-10-21 22:42:32.323 [info] Added views:workbench.explorer.fileView in workbench.view.explorer
2024-10-21 22:42:32.499 [info] Added views:workbench.debug.welcome in workbench.view.debug
2024-10-21 22:42:33.165 [info] Added views:gitlens.views.home,gitlens.views.workspaces in workbench.view.extension.gitlens
2024-10-21 22:42:33.165 [info] Added views:gitlens.views.commitDetails,gitlens.views.lineHistory,gitlens.views.fileHistory,gitlens.views.searchAndCompare in workbench.view.extension.gitlensInspect
2024-10-21 22:42:33.166 [info] Added views:gitlens.views.commits,gitlens.views.branches,gitlens.views.remotes,gitlens.views.stashes,gitlens.views.tags,gitlens.views.contributors in workbench.view.scm
2024-10-21 22:42:33.166 [info] Added views:in-your-face.openview in workbench.view.extension.custom-activitybar
2024-10-21 22:42:33.443 [info] Added views:workbench.panel.repl.view in workbench.panel.repl
2024-10-21 22:42:34.109 [info] Added views:~remote.forwardedPorts in ~remote.forwardedPortsContainer
2024-10-21 22:42:35.030 [info] Added views:workbench.view.testing in workbench.view.extension.test
2024-10-21 22:42:36.104 [info] Removed views:gitlens.views.searchAndCompare,gitlens.views.fileHistory,gitlens.views.lineHistory,gitlens.views.commitDetails from workbench.view.extension.gitlensInspect
2024-10-21 22:42:36.106 [info] Removed views:gitlens.views.contributors,gitlens.views.tags,gitlens.views.stashes,gitlens.views.remotes,gitlens.views.branches,gitlens.views.commits from workbench.view.scm
2024-10-21 22:42:36.222 [info] Added views:petsView in workbench.view.explorer
2024-10-21 22:42:39.087 [info] Added views:gitlens.views.drafts in workbench.view.extension.gitlens
2024-10-21 22:42:39.828 [info] Removed views:workbench.view.testing from workbench.view.extension.test
2024-10-21 22:42:39.876 [info] Removed views:in-your-face.openview from workbench.view.extension.custom-activitybar
2024-10-21 22:42:39.891 [info] Added views:in-your-face.openview in workbench.view.explorer
2024-10-21 22:42:39.905 [info] Removed views:in-your-face.openview from workbench.view.explorer
2024-10-21 22:42:39.909 [info] Added views:in-your-face.openview in workbench.view.extension.custom-activitybar
2024-10-21 22:42:39.909 [info] Removed views:in-your-face.openview from workbench.view.extension.custom-activitybar
2024-10-21 22:42:39.912 [info] Added views:supermaven-view in workbench.view.extension.supermaven-chat
2024-10-21 22:42:39.913 [info] Added views:in-your-face.openview in workbench.view.extension.custom-activitybar
2024-10-21 22:42:40.071 [info] Removed views:supermaven-view from workbench.view.extension.supermaven-chat
2024-10-21 22:42:40.081 [info] Added views:supermaven-view in workbench.view.explorer
2024-10-21 22:42:40.083 [info] Removed views:in-your-face.openview from workbench.view.extension.custom-activitybar
2024-10-21 22:42:40.098 [info] Added views:in-your-face.openview in workbench.view.explorer
2024-10-21 22:42:40.109 [info] Removed views:in-your-face.openview,supermaven-view from workbench.view.explorer
2024-10-21 22:42:40.113 [info] Added views:dockerContainers,dockerImages,dockerRegistries,dockerNetworks,dockerVolumes,vscode-docker.views.dockerContexts,vscode-docker.views.help in workbench.view.extension.dockerView
2024-10-21 22:42:40.114 [info] Added views:targetsContainers,devVolumes in workbench.view.remote
2024-10-21 22:42:40.158 [info] Removed views:vscode-docker.views.help,vscode-docker.views.dockerContexts,dockerVolumes,dockerNetworks,dockerRegistries,dockerImages,dockerContainers from workbench.view.extension.dockerView
2024-10-21 22:42:40.222 [info] Added views:dockerContainers,dockerImages,dockerRegistries,dockerNetworks,dockerVolumes,vscode-docker.views.dockerContexts,vscode-docker.views.help in workbench.view.explorer
2024-10-21 22:42:40.250 [info] Removed views:vscode-docker.views.help,vscode-docker.views.dockerContexts,dockerVolumes,dockerNetworks,dockerRegistries,dockerImages,dockerContainers from workbench.view.explorer
2024-10-21 22:42:40.253 [info] Removed views:devVolumes,targetsContainers from workbench.view.remote
2024-10-21 22:50:13.561 [info] Added views:workbench.views.extensions.installed,workbench.views.extensions.popular,extensions.recommendedList in workbench.view.extensions
2024-10-21 22:50:13.562 [info] Removed views:workbench.views.extensions.popular from workbench.view.extensions
