2024-10-17 20:42:47.492 [info] Configuration changed
2024-10-17 20:42:47.629 [info] /home/hplat/.config/Code/User/settings.json closed
2024-10-17 20:42:47.861 [info] Configuration changed
2024-10-17 20:42:47.879 [info] /home/hplat/.config/Code/User/settings.json closed
2024-10-17 20:42:47.881 [info] /home/hplat/.config/Code/User/settings.json closed
2024-10-17 20:42:47.882 [info] /home/hplat/.config/Code/User/settings.json closed
2024-10-17 20:42:48.209 [info] /home/hplat/.config/Code/User/settings.json closed
2024-10-17 20:42:50.274 [info] Configuration changed
2024-10-17 20:42:52.451 [info] /home/hplat/.config/Code/User/profiles/45db6ddc/settings.json closed
2024-10-17 20:42:52.466 [info] /home/hplat/.config/Code/User/profiles/5ecaf79e/settings.json closed
2024-10-17 20:42:52.471 [info] /home/hplat/.config/Code/User/profiles/-2382b5f8/settings.json closed
2024-10-17 20:42:52.702 [info] /home/hplat/.config/Code/User/settings.json closed
2024-10-17 20:42:52.949 [info] Configuration changed
2024-10-17 20:46:11.183 [info] Active editor: file:///opt/lampp/htdocs/web/web1/index.php
2024-10-17 20:46:22.440 [info] Active editor: vscode-userdata:/home/hplat/.config/Code/User/settings.json
2024-10-17 20:46:23.271 [info] Configuration changed
2024-10-17 20:47:36.889 [info] Configuration changed
2024-10-17 20:47:41.087 [info] /opt/lampp/htdocs/web/web1/index.php closed
2024-10-17 20:47:49.197 [info] Configuration changed
2024-10-17 20:47:51.393 [info] /home/hplat/.config/Code/User/profiles/-2382b5f8/settings.json closed
2024-10-17 20:47:59.674 [info] Active editor: vscode-userdata:/home/hplat/.config/Code/User/profiles/-2382b5f8/settings.json
2024-10-17 20:48:01.012 [info] Configuration changed
2024-10-17 20:48:11.275 [info] Active editor: vscode-userdata:/home/hplat/.config/Code/User/settings.json
2024-10-17 20:48:13.689 [info] Active editor: vscode-userdata:/home/hplat/.config/Code/User/profiles/-2382b5f8/settings.json
2024-10-17 20:48:17.958 [info] Configuration changed
2024-10-17 20:48:19.084 [info] Active editor: vscode-userdata:/home/hplat/.config/Code/User/settings.json
2024-10-17 20:48:23.313 [info] Active editor: file:///opt/lampp/htdocs/web/web1/index.php
2024-10-17 20:48:57.624 [info] Executing :w
2024-10-17 20:49:04.642 [info] Active editor: output:extension-output-brapifra.phpserver-%231-PHP%20Server
2024-10-17 20:49:07.363 [info] Active editor: file:///opt/lampp/htdocs/web/web1/index.php
2024-10-17 20:49:26.984 [info] Configuration changed
2024-10-17 20:49:42.399 [info] Configuration changed
2024-10-17 20:49:44.214 [info] Active editor: file:///opt/lampp/htdocs/web/web1/index.php
2024-10-17 20:50:48.547 [info] Active editor: file:///opt/lampp/htdocs/web/web1/index.php
2024-10-17 20:50:50.085 [info] tasks closed
2024-10-17 20:50:59.919 [info] Active editor: file:///opt/lampp/htdocs/web/web1/index.php
2024-10-17 20:51:10.420 [info] Configuration changed
2024-10-17 20:51:12.216 [info] Configuration changed
2024-10-17 20:51:14.397 [info] Configuration changed
2024-10-17 20:51:16.984 [info] Configuration changed
2024-10-17 20:51:18.219 [info] Active editor: file:///opt/lampp/htdocs/web/web1/index.php
2024-10-17 20:52:19.005 [info] Executing :w
2024-10-17 20:52:44.366 [info] /embeded.embeddedhtml closed
