2024-10-21 22:42:39.026 [info] /home/hplat/.config/Code/User/profiles/45db6ddc/settings.json closed
2024-10-21 22:42:39.127 [info] /home/hplat/.config/Code/User/profiles/5ecaf79e/settings.json closed
2024-10-21 22:42:39.232 [info] /home/hplat/.config/Code/User/profiles/-2382b5f8/settings.json closed
2024-10-21 22:42:39.820 [info] Configuration changed
2024-10-21 22:42:50.035 [info] Active editor: file:///opt/lampp/htdocs/ktra/src/index.php
2024-10-21 22:42:50.698 [info] /opt/lampp/htdocs/ktra/src/index.php closed
2024-10-21 22:42:51.039 [info] /opt/lampp/htdocs/ktra/src/create.php closed
2024-10-21 22:42:51.446 [info] Active editor: file:///opt/lampp/htdocs/ktra/src/edit.php
2024-10-21 22:42:51.665 [info] /opt/lampp/htdocs/ktra/src/edit.php closed
2024-10-21 22:42:51.690 [info] Active editor: file:///opt/lampp/htdocs/ktra/src/delete.php
2024-10-21 22:42:51.947 [info] /opt/lampp/htdocs/ktra/src/delete.php closed
2024-10-21 22:42:52.024 [info] Active editor: file:///opt/lampp/htdocs/ktra/tailwind.config.js
2024-10-21 22:42:52.785 [info] /opt/lampp/htdocs/ktra/tailwind.config.js closed
2024-10-21 22:50:27.457 [info] /home/hplat/.config/Code/User/settings.json closed
2024-10-21 22:50:27.669 [info] Configuration changed
2024-10-21 22:50:35.711 [info] /home/hplat/.config/Code/User/settings.json closed
2024-10-21 22:50:35.917 [info] Configuration changed
2024-10-21 22:51:04.416 [info] Active editor: vscode-userdata:/home/hplat/.config/Code/User/settings.json
2024-10-21 22:51:06.845 [info] /home/hplat/.config/Code/User/settings.json closed
2024-10-21 22:51:15.394 [info] /home/hplat/.config/Code/User/settings.json closed
2024-10-21 22:51:15.601 [info] Configuration changed
2024-10-21 22:51:16.438 [info] /home/hplat/.config/Code/User/settings.json closed
2024-10-21 22:51:16.650 [info] Configuration changed
2024-10-21 22:51:17.486 [info] /home/hplat/.config/Code/User/settings.json closed
2024-10-21 22:51:17.704 [info] Configuration changed
2024-10-21 22:51:17.966 [info] /home/hplat/.config/Code/User/settings.json closed
2024-10-21 22:51:18.159 [info] Configuration changed
2024-10-21 22:51:18.766 [info] /home/hplat/.config/Code/User/settings.json closed
2024-10-21 22:51:18.955 [info] Configuration changed
2024-10-21 22:51:22.169 [info] /home/hplat/.config/Code/User/settings.json closed
2024-10-21 22:51:22.367 [info] Configuration changed
