2024-10-16 12:20:02.923 [info] [main] Log level: Info
2024-10-16 12:20:02.923 [info] [main] Validating found git in: "git"
2024-10-16 12:20:02.923 [info] [main] Using git "2.47.0" from "git"
2024-10-16 12:20:02.923 [info] [Model][doInitialScan] Initial repository scan started
2024-10-16 12:20:02.923 [info] [Model][doInitialScan] Initial repository scan completed - repositories (0), closed repositories (0), parent repositories (0), unsafe repositories (0)
2024-10-16 12:20:48.046 [info] > git rev-parse --show-toplevel [15ms]
2024-10-16 12:20:48.046 [info] fatal: not a git repository (or any of the parent directories): .git
2024-10-16 12:21:03.387 [info] > git rev-parse --show-toplevel [2ms]
2024-10-16 12:21:03.387 [info] fatal: not a git repository (or any of the parent directories): .git
2024-10-16 12:21:03.399 [info] > git rev-parse --show-toplevel [2ms]
2024-10-16 12:21:03.399 [info] fatal: not a git repository (or any of the parent directories): .git
2024-10-16 12:22:11.093 [info] [main] Log level: Info
2024-10-16 12:22:11.093 [info] [main] Validating found git in: "git"
2024-10-16 12:22:11.093 [info] [main] Using git "2.47.0" from "git"
2024-10-16 12:22:11.093 [info] [Model][doInitialScan] Initial repository scan started
2024-10-16 12:22:11.093 [info] [Model][doInitialScan] Initial repository scan completed - repositories (0), closed repositories (0), parent repositories (0), unsafe repositories (0)
2024-10-16 12:22:57.280 [info] [main] Log level: Info
2024-10-16 12:22:57.280 [info] [main] Validating found git in: "git"
2024-10-16 12:22:57.280 [info] [main] Using git "2.47.0" from "git"
2024-10-16 12:22:57.280 [info] [Model][doInitialScan] Initial repository scan started
2024-10-16 12:22:57.280 [info] [Model][doInitialScan] Initial repository scan completed - repositories (0), closed repositories (0), parent repositories (0), unsafe repositories (0)
2024-10-16 12:22:58.953 [info] [main] Log level: Info
2024-10-16 12:22:58.953 [info] [main] Validating found git in: "git"
2024-10-16 12:22:58.953 [info] [main] Using git "2.47.0" from "git"
2024-10-16 12:22:58.953 [info] [Model][doInitialScan] Initial repository scan started
2024-10-16 12:22:58.953 [info] [Model][doInitialScan] Initial repository scan completed - repositories (0), closed repositories (0), parent repositories (0), unsafe repositories (0)
2024-10-16 12:23:07.669 [info] [main] Log level: Info
2024-10-16 12:23:07.669 [info] [main] Validating found git in: "git"
2024-10-16 12:23:07.669 [info] [main] Using git "2.47.0" from "git"
2024-10-16 12:23:07.669 [info] [Model][doInitialScan] Initial repository scan started
2024-10-16 12:23:07.669 [info] [Model][doInitialScan] Initial repository scan completed - repositories (0), closed repositories (0), parent repositories (0), unsafe repositories (0)
