2024-10-21 22:42:32.771 [info] Using settings sync service https://vscode-sync.trafficmanager.net/
2024-10-21 22:42:32.771 [info] Auto Sync is enabled.
2024-10-21 22:42:32.771 [info] Auto Sync: Suspended until auth token is available.
2024-10-21 22:42:34.641 [info] Auto Sync: Triggered by Interval
2024-10-21 22:42:34.641 [info] Sync started.
2024-10-21 22:42:35.402 [info] Settings: No changes found during synchronizing settings.
2024-10-21 22:42:35.410 [info] Keybindings: No changes found during synchronizing keybindings.
2024-10-21 22:42:35.413 [info] Snippets: No changes found during synchronizing snippets.
2024-10-21 22:42:35.417 [info] Tasks: No changes found during synchronizing tasks.
2024-10-21 22:42:36.775 [info] GlobalState: Updated remote ui state. Updated: java.2.lastSessionDate,java.2.sessionCount,csharp.1.lastSessionDate,csharp.1.sessionCount,nps/lastSessionDate,nps/sessionCount,cpp.1.lastSessionDate,cpp.1.sessionCount,javascript.1.lastSessionDate,javascript.1.sessionCount,typescript.1.lastSessionDate,typescript.1.sessionCount.
2024-10-21 22:42:36.780 [info] GlobalState: Updated last synchronized ui state
2024-10-21 22:42:38.990 [info] Extensions: Updated remote extensions. Updated: ["eamodio.gitlens"].
2024-10-21 22:42:39.005 [info] Extensions: Updated last synchronized extensions.
2024-10-21 22:42:39.017 [info] Profiles: No changes found during synchronizing profiles.
2024-10-21 22:42:39.019 [info] Syncing profile. C++
2024-10-21 22:42:39.071 [info] Settings (C++): No changes found during synchronizing settings.
2024-10-21 22:42:39.080 [info] Keybindings (C++): No changes found during synchronizing keybindings.
2024-10-21 22:42:39.082 [info] Snippets (C++): No changes found during synchronizing snippets.
2024-10-21 22:42:39.084 [info] Tasks (C++): No changes found during synchronizing tasks.
2024-10-21 22:42:39.094 [info] GlobalState (C++): No changes found during synchronizing ui state.
2024-10-21 22:42:39.120 [info] Extensions (C++): No changes found during synchronizing extensions.
2024-10-21 22:42:39.121 [info] Syncing profile. java
2024-10-21 22:42:39.166 [info] Settings (java): No changes found during synchronizing settings.
2024-10-21 22:42:39.172 [info] Keybindings (java): No changes found during synchronizing keybindings.
2024-10-21 22:42:39.174 [info] Snippets (java): No changes found during synchronizing snippets.
2024-10-21 22:42:39.176 [info] Tasks (java): No changes found during synchronizing tasks.
2024-10-21 22:42:39.186 [info] GlobalState (java): No changes found during synchronizing ui state.
2024-10-21 22:42:39.213 [info] Extensions (java): No changes found during synchronizing extensions.
2024-10-21 22:42:39.216 [info] Syncing profile. php
2024-10-21 22:42:39.288 [info] Settings (php): No changes found during synchronizing settings.
2024-10-21 22:42:39.295 [info] Keybindings (php): No changes found during synchronizing keybindings.
2024-10-21 22:42:39.306 [info] Snippets (php): No changes found during synchronizing snippets.
2024-10-21 22:42:39.309 [info] Tasks (php): No changes found during synchronizing tasks.
2024-10-21 22:42:39.314 [info] GlobalState (php): No changes found during synchronizing ui state.
2024-10-21 22:42:39.966 [info] Extensions (php): Updated remote extensions. Updated: ["eamodio.gitlens"].
2024-10-21 22:42:39.970 [info] Extensions (php): Updated last synchronized extensions.
2024-10-21 22:42:39.972 [info] Sync done. Took 5333ms
2024-10-21 22:42:42.547 [info] Auto Sync: Triggered by Activity
2024-10-21 22:42:42.548 [info] Sync started.
2024-10-21 22:42:42.640 [info] Settings: No changes found during synchronizing settings.
2024-10-21 22:42:42.647 [info] Keybindings: No changes found during synchronizing keybindings.
2024-10-21 22:42:42.649 [info] Snippets: No changes found during synchronizing snippets.
2024-10-21 22:42:42.651 [info] Tasks: No changes found during synchronizing tasks.
2024-10-21 22:42:44.031 [info] GlobalState: Updated remote ui state. Added: workbench.view.extension.supermaven-chat.state.hidden.
2024-10-21 22:42:44.047 [info] GlobalState: Updated last synchronized ui state
2024-10-21 22:42:45.034 [info] Extensions: Updated remote extensions. Updated: ["eamodio.gitlens"].
2024-10-21 22:42:45.067 [info] Extensions: Updated last synchronized extensions.
2024-10-21 22:42:45.095 [info] Profiles: No changes found during synchronizing profiles.
2024-10-21 22:42:45.113 [info] Syncing profile. C++
2024-10-21 22:42:45.139 [info] Settings (C++): No changes found during synchronizing settings.
2024-10-21 22:42:45.141 [info] Keybindings (C++): No changes found during synchronizing keybindings.
2024-10-21 22:42:45.143 [info] Snippets (C++): No changes found during synchronizing snippets.
2024-10-21 22:42:45.145 [info] Tasks (C++): No changes found during synchronizing tasks.
2024-10-21 22:42:45.146 [info] GlobalState (C++): No changes found during synchronizing ui state.
2024-10-21 22:42:45.170 [info] Extensions (C++): No changes found during synchronizing extensions.
2024-10-21 22:42:45.170 [info] Syncing profile. java
2024-10-21 22:42:45.186 [info] Settings (java): No changes found during synchronizing settings.
2024-10-21 22:42:45.188 [info] Keybindings (java): No changes found during synchronizing keybindings.
2024-10-21 22:42:45.189 [info] Snippets (java): No changes found during synchronizing snippets.
2024-10-21 22:42:45.191 [info] Tasks (java): No changes found during synchronizing tasks.
2024-10-21 22:42:45.192 [info] GlobalState (java): No changes found during synchronizing ui state.
2024-10-21 22:42:45.216 [info] Extensions (java): No changes found during synchronizing extensions.
2024-10-21 22:42:45.217 [info] Syncing profile. php
2024-10-21 22:42:45.246 [info] Settings (php): No changes found during synchronizing settings.
2024-10-21 22:42:45.248 [info] Keybindings (php): No changes found during synchronizing keybindings.
2024-10-21 22:42:45.250 [info] Snippets (php): No changes found during synchronizing snippets.
2024-10-21 22:42:45.252 [info] Tasks (php): No changes found during synchronizing tasks.
2024-10-21 22:42:45.254 [info] GlobalState (php): No changes found during synchronizing ui state.
2024-10-21 22:42:45.295 [info] Extensions (php): No changes found during synchronizing extensions.
2024-10-21 22:42:45.296 [info] Sync done. Took 2749ms
2024-10-21 22:42:47.086 [info] Auto Sync: Triggered by Activity
2024-10-21 22:42:47.086 [info] Sync started.
2024-10-21 22:42:47.171 [info] Settings: No changes found during synchronizing settings.
2024-10-21 22:42:47.173 [info] Keybindings: No changes found during synchronizing keybindings.
2024-10-21 22:42:47.175 [info] Snippets: No changes found during synchronizing snippets.
2024-10-21 22:42:47.178 [info] Tasks: No changes found during synchronizing tasks.
2024-10-21 22:42:47.180 [info] GlobalState: No changes found during synchronizing ui state.
2024-10-21 22:42:47.215 [info] Extensions: No changes found during synchronizing extensions.
2024-10-21 22:42:47.217 [info] Profiles: No changes found during synchronizing profiles.
2024-10-21 22:42:47.217 [info] Syncing profile. C++
2024-10-21 22:42:47.231 [info] Settings (C++): No changes found during synchronizing settings.
2024-10-21 22:42:47.233 [info] Keybindings (C++): No changes found during synchronizing keybindings.
2024-10-21 22:42:47.235 [info] Snippets (C++): No changes found during synchronizing snippets.
2024-10-21 22:42:47.236 [info] Tasks (C++): No changes found during synchronizing tasks.
2024-10-21 22:42:47.237 [info] GlobalState (C++): No changes found during synchronizing ui state.
2024-10-21 22:42:47.260 [info] Extensions (C++): No changes found during synchronizing extensions.
2024-10-21 22:42:47.261 [info] Syncing profile. java
2024-10-21 22:42:47.271 [info] Settings (java): No changes found during synchronizing settings.
2024-10-21 22:42:47.273 [info] Keybindings (java): No changes found during synchronizing keybindings.
2024-10-21 22:42:47.274 [info] Snippets (java): No changes found during synchronizing snippets.
2024-10-21 22:42:47.276 [info] Tasks (java): No changes found during synchronizing tasks.
2024-10-21 22:42:47.278 [info] GlobalState (java): No changes found during synchronizing ui state.
2024-10-21 22:42:47.302 [info] Extensions (java): No changes found during synchronizing extensions.
2024-10-21 22:42:47.303 [info] Syncing profile. php
2024-10-21 22:42:47.331 [info] Settings (php): No changes found during synchronizing settings.
2024-10-21 22:42:47.333 [info] Keybindings (php): No changes found during synchronizing keybindings.
2024-10-21 22:42:47.335 [info] Snippets (php): No changes found during synchronizing snippets.
2024-10-21 22:42:47.336 [info] Tasks (php): No changes found during synchronizing tasks.
2024-10-21 22:42:47.338 [info] GlobalState (php): No changes found during synchronizing ui state.
2024-10-21 22:42:47.379 [info] Extensions (php): No changes found during synchronizing extensions.
2024-10-21 22:42:47.380 [info] Sync done. Took 294ms
2024-10-21 22:47:47.381 [info] Auto Sync: Triggered by Interval
2024-10-21 22:47:47.381 [info] Sync started.
2024-10-21 22:47:47.614 [info] Settings: No changes found during synchronizing settings.
2024-10-21 22:47:47.618 [info] Keybindings: No changes found during synchronizing keybindings.
2024-10-21 22:47:47.621 [info] Snippets: No changes found during synchronizing snippets.
2024-10-21 22:47:47.622 [info] Tasks: No changes found during synchronizing tasks.
2024-10-21 22:47:47.625 [info] GlobalState: No changes found during synchronizing ui state.
2024-10-21 22:47:47.681 [info] Extensions: No changes found during synchronizing extensions.
2024-10-21 22:47:47.683 [info] Profiles: No changes found during synchronizing profiles.
2024-10-21 22:47:47.685 [info] Syncing profile. C++
2024-10-21 22:47:47.687 [info] Settings (C++): No changes found during synchronizing settings.
2024-10-21 22:47:47.690 [info] Keybindings (C++): No changes found during synchronizing keybindings.
2024-10-21 22:47:47.691 [info] Snippets (C++): No changes found during synchronizing snippets.
2024-10-21 22:47:47.693 [info] Tasks (C++): No changes found during synchronizing tasks.
2024-10-21 22:47:47.694 [info] GlobalState (C++): No changes found during synchronizing ui state.
2024-10-21 22:47:47.729 [info] Extensions (C++): No changes found during synchronizing extensions.
2024-10-21 22:47:47.732 [info] Syncing profile. java
2024-10-21 22:47:47.736 [info] Settings (java): No changes found during synchronizing settings.
2024-10-21 22:47:47.738 [info] Keybindings (java): No changes found during synchronizing keybindings.
2024-10-21 22:47:47.740 [info] Snippets (java): No changes found during synchronizing snippets.
2024-10-21 22:47:47.741 [info] Tasks (java): No changes found during synchronizing tasks.
2024-10-21 22:47:47.744 [info] GlobalState (java): No changes found during synchronizing ui state.
2024-10-21 22:47:47.778 [info] Extensions (java): No changes found during synchronizing extensions.
2024-10-21 22:47:47.778 [info] Syncing profile. php
2024-10-21 22:47:47.786 [info] Settings (php): No changes found during synchronizing settings.
2024-10-21 22:47:47.787 [info] Keybindings (php): No changes found during synchronizing keybindings.
2024-10-21 22:47:47.789 [info] Snippets (php): No changes found during synchronizing snippets.
2024-10-21 22:47:47.790 [info] Tasks (php): No changes found during synchronizing tasks.
2024-10-21 22:47:47.792 [info] GlobalState (php): No changes found during synchronizing ui state.
2024-10-21 22:47:47.840 [info] Extensions (php): No changes found during synchronizing extensions.
2024-10-21 22:47:47.841 [info] Sync done. Took 461ms
2024-10-21 22:50:15.625 [info] Auto Sync: Triggered by Activity
2024-10-21 22:50:15.625 [info] Sync started.
2024-10-21 22:50:15.889 [info] Settings: No changes found during synchronizing settings.
2024-10-21 22:50:15.891 [info] Keybindings: No changes found during synchronizing keybindings.
2024-10-21 22:50:15.893 [info] Snippets: No changes found during synchronizing snippets.
2024-10-21 22:50:15.895 [info] Tasks: No changes found during synchronizing tasks.
2024-10-21 22:50:15.897 [info] GlobalState: No changes found during synchronizing ui state.
2024-10-21 22:50:15.937 [info] Extensions: No changes found during synchronizing extensions.
2024-10-21 22:50:15.939 [info] Profiles: No changes found during synchronizing profiles.
2024-10-21 22:50:15.939 [info] Syncing profile. C++
2024-10-21 22:50:15.941 [info] Settings (C++): No changes found during synchronizing settings.
2024-10-21 22:50:15.943 [info] Keybindings (C++): No changes found during synchronizing keybindings.
2024-10-21 22:50:15.945 [info] Snippets (C++): No changes found during synchronizing snippets.
2024-10-21 22:50:15.946 [info] Tasks (C++): No changes found during synchronizing tasks.
2024-10-21 22:50:15.948 [info] GlobalState (C++): No changes found during synchronizing ui state.
2024-10-21 22:50:15.972 [info] Extensions (C++): No changes found during synchronizing extensions.
2024-10-21 22:50:15.972 [info] Syncing profile. java
2024-10-21 22:50:15.974 [info] Settings (java): No changes found during synchronizing settings.
2024-10-21 22:50:15.976 [info] Keybindings (java): No changes found during synchronizing keybindings.
2024-10-21 22:50:15.978 [info] Snippets (java): No changes found during synchronizing snippets.
2024-10-21 22:50:15.979 [info] Tasks (java): No changes found during synchronizing tasks.
2024-10-21 22:50:15.981 [info] GlobalState (java): No changes found during synchronizing ui state.
2024-10-21 22:50:16.008 [info] Extensions (java): No changes found during synchronizing extensions.
2024-10-21 22:50:16.008 [info] Syncing profile. php
2024-10-21 22:50:16.013 [info] Settings (php): No changes found during synchronizing settings.
2024-10-21 22:50:16.016 [info] Keybindings (php): No changes found during synchronizing keybindings.
2024-10-21 22:50:16.018 [info] Snippets (php): No changes found during synchronizing snippets.
2024-10-21 22:50:16.020 [info] Tasks (php): No changes found during synchronizing tasks.
2024-10-21 22:50:16.021 [info] GlobalState (php): No changes found during synchronizing ui state.
2024-10-21 22:50:16.065 [info] Extensions (php): No changes found during synchronizing extensions.
2024-10-21 22:50:16.066 [info] Sync done. Took 441ms
2024-10-21 22:50:27.580 [info] Auto Sync: Triggered by Activity
2024-10-21 22:50:27.580 [info] Sync started.
2024-10-21 22:50:28.686 [info] Settings: Updated remote settings
2024-10-21 22:50:28.700 [info] Settings: Updated last synchronized settings
2024-10-21 22:50:28.704 [info] Keybindings: No changes found during synchronizing keybindings.
2024-10-21 22:50:28.707 [info] Snippets: No changes found during synchronizing snippets.
2024-10-21 22:50:28.712 [info] Tasks: No changes found during synchronizing tasks.
2024-10-21 22:50:29.809 [info] GlobalState: Updated remote ui state. Updated: colorThemeData.
2024-10-21 22:50:29.824 [info] GlobalState: Updated last synchronized ui state
2024-10-21 22:50:29.871 [info] Extensions: No changes found during synchronizing extensions.
2024-10-21 22:50:29.872 [info] Profiles: No changes found during synchronizing profiles.
2024-10-21 22:50:29.873 [info] Syncing profile. C++
2024-10-21 22:50:29.875 [info] Settings (C++): No changes found during synchronizing settings.
2024-10-21 22:50:29.877 [info] Keybindings (C++): No changes found during synchronizing keybindings.
2024-10-21 22:50:29.878 [info] Snippets (C++): No changes found during synchronizing snippets.
2024-10-21 22:50:29.880 [info] Tasks (C++): No changes found during synchronizing tasks.
2024-10-21 22:50:29.880 [info] GlobalState (C++): No changes found during synchronizing ui state.
2024-10-21 22:50:29.908 [info] Extensions (C++): No changes found during synchronizing extensions.
2024-10-21 22:50:29.909 [info] Syncing profile. java
2024-10-21 22:50:29.911 [info] Settings (java): No changes found during synchronizing settings.
2024-10-21 22:50:29.913 [info] Keybindings (java): No changes found during synchronizing keybindings.
2024-10-21 22:50:29.915 [info] Snippets (java): No changes found during synchronizing snippets.
2024-10-21 22:50:29.916 [info] Tasks (java): No changes found during synchronizing tasks.
2024-10-21 22:50:29.918 [info] GlobalState (java): No changes found during synchronizing ui state.
2024-10-21 22:50:29.951 [info] Extensions (java): No changes found during synchronizing extensions.
2024-10-21 22:50:29.952 [info] Syncing profile. php
2024-10-21 22:50:29.959 [info] Settings (php): No changes found during synchronizing settings.
2024-10-21 22:50:29.966 [info] Keybindings (php): No changes found during synchronizing keybindings.
2024-10-21 22:50:29.969 [info] Snippets (php): No changes found during synchronizing snippets.
2024-10-21 22:50:29.971 [info] Tasks (php): No changes found during synchronizing tasks.
2024-10-21 22:50:29.972 [info] GlobalState (php): No changes found during synchronizing ui state.
2024-10-21 22:50:30.022 [info] Extensions (php): No changes found during synchronizing extensions.
2024-10-21 22:50:30.023 [info] Sync done. Took 2444ms
2024-10-21 22:50:30.024 [info] Auto Sync: Triggered by Activity
2024-10-21 22:50:30.024 [info] Sync started.
2024-10-21 22:50:30.124 [info] Settings: No changes found during synchronizing settings.
2024-10-21 22:50:30.128 [info] Keybindings: No changes found during synchronizing keybindings.
2024-10-21 22:50:30.130 [info] Snippets: No changes found during synchronizing snippets.
2024-10-21 22:50:30.131 [info] Tasks: No changes found during synchronizing tasks.
2024-10-21 22:50:30.134 [info] GlobalState: No changes found during synchronizing ui state.
2024-10-21 22:50:30.174 [info] Extensions: No changes found during synchronizing extensions.
2024-10-21 22:50:30.175 [info] Profiles: No changes found during synchronizing profiles.
2024-10-21 22:50:30.176 [info] Syncing profile. C++
2024-10-21 22:50:30.177 [info] Settings (C++): No changes found during synchronizing settings.
2024-10-21 22:50:30.179 [info] Keybindings (C++): No changes found during synchronizing keybindings.
2024-10-21 22:50:30.180 [info] Snippets (C++): No changes found during synchronizing snippets.
2024-10-21 22:50:30.182 [info] Tasks (C++): No changes found during synchronizing tasks.
2024-10-21 22:50:30.183 [info] GlobalState (C++): No changes found during synchronizing ui state.
2024-10-21 22:50:30.212 [info] Extensions (C++): No changes found during synchronizing extensions.
2024-10-21 22:50:30.212 [info] Syncing profile. java
2024-10-21 22:50:30.214 [info] Settings (java): No changes found during synchronizing settings.
2024-10-21 22:50:30.220 [info] Keybindings (java): No changes found during synchronizing keybindings.
2024-10-21 22:50:30.221 [info] Snippets (java): No changes found during synchronizing snippets.
2024-10-21 22:50:30.223 [info] Tasks (java): No changes found during synchronizing tasks.
2024-10-21 22:50:30.225 [info] GlobalState (java): No changes found during synchronizing ui state.
2024-10-21 22:50:30.247 [info] Extensions (java): No changes found during synchronizing extensions.
2024-10-21 22:50:30.247 [info] Syncing profile. php
2024-10-21 22:50:30.252 [info] Settings (php): No changes found during synchronizing settings.
2024-10-21 22:50:30.255 [info] Keybindings (php): No changes found during synchronizing keybindings.
2024-10-21 22:50:30.257 [info] Snippets (php): No changes found during synchronizing snippets.
2024-10-21 22:50:30.259 [info] Tasks (php): No changes found during synchronizing tasks.
2024-10-21 22:50:30.260 [info] GlobalState (php): No changes found during synchronizing ui state.
2024-10-21 22:50:30.301 [info] Extensions (php): No changes found during synchronizing extensions.
2024-10-21 22:50:30.302 [info] Sync done. Took 278ms
2024-10-21 22:50:37.942 [info] Auto Sync: Triggered by Activity
2024-10-21 22:50:37.943 [info] Sync started.
2024-10-21 22:50:39.184 [info] Settings: Updated remote settings
2024-10-21 22:50:39.189 [info] Settings: Updated last synchronized settings
2024-10-21 22:50:39.191 [info] Keybindings: No changes found during synchronizing keybindings.
2024-10-21 22:50:39.194 [info] Snippets: No changes found during synchronizing snippets.
2024-10-21 22:50:39.196 [info] Tasks: No changes found during synchronizing tasks.
2024-10-21 22:50:40.352 [info] GlobalState: Updated remote ui state. Updated: colorThemeData.
2024-10-21 22:50:40.368 [info] GlobalState: Updated last synchronized ui state
2024-10-21 22:50:40.408 [info] Extensions: No changes found during synchronizing extensions.
2024-10-21 22:50:40.409 [info] Profiles: No changes found during synchronizing profiles.
2024-10-21 22:50:40.410 [info] Syncing profile. C++
2024-10-21 22:50:40.412 [info] Settings (C++): No changes found during synchronizing settings.
2024-10-21 22:50:40.416 [info] Keybindings (C++): No changes found during synchronizing keybindings.
2024-10-21 22:50:40.417 [info] Snippets (C++): No changes found during synchronizing snippets.
2024-10-21 22:50:40.419 [info] Tasks (C++): No changes found during synchronizing tasks.
2024-10-21 22:50:40.419 [info] GlobalState (C++): No changes found during synchronizing ui state.
2024-10-21 22:50:40.444 [info] Extensions (C++): No changes found during synchronizing extensions.
2024-10-21 22:50:40.444 [info] Syncing profile. java
2024-10-21 22:50:40.446 [info] Settings (java): No changes found during synchronizing settings.
2024-10-21 22:50:40.448 [info] Keybindings (java): No changes found during synchronizing keybindings.
2024-10-21 22:50:40.450 [info] Snippets (java): No changes found during synchronizing snippets.
2024-10-21 22:50:40.452 [info] Tasks (java): No changes found during synchronizing tasks.
2024-10-21 22:50:40.453 [info] GlobalState (java): No changes found during synchronizing ui state.
2024-10-21 22:50:40.476 [info] Extensions (java): No changes found during synchronizing extensions.
2024-10-21 22:50:40.477 [info] Syncing profile. php
2024-10-21 22:50:40.480 [info] Settings (php): No changes found during synchronizing settings.
2024-10-21 22:50:40.482 [info] Keybindings (php): No changes found during synchronizing keybindings.
2024-10-21 22:50:40.485 [info] Snippets (php): No changes found during synchronizing snippets.
2024-10-21 22:50:40.487 [info] Tasks (php): No changes found during synchronizing tasks.
2024-10-21 22:50:40.488 [info] GlobalState (php): No changes found during synchronizing ui state.
2024-10-21 22:50:40.535 [info] Extensions (php): No changes found during synchronizing extensions.
2024-10-21 22:50:40.536 [info] Sync done. Took 2595ms
2024-10-21 22:51:06.431 [info] Auto Sync: Triggered by Activity
2024-10-21 22:51:06.431 [info] Sync started.
2024-10-21 22:51:06.636 [info] Settings: No changes found during synchronizing settings.
2024-10-21 22:51:06.638 [info] Keybindings: No changes found during synchronizing keybindings.
2024-10-21 22:51:06.640 [info] Snippets: No changes found during synchronizing snippets.
2024-10-21 22:51:06.642 [info] Tasks: No changes found during synchronizing tasks.
2024-10-21 22:51:06.644 [info] GlobalState: No changes found during synchronizing ui state.
2024-10-21 22:51:06.688 [info] Extensions: No changes found during synchronizing extensions.
2024-10-21 22:51:06.692 [info] Profiles: No changes found during synchronizing profiles.
2024-10-21 22:51:06.693 [info] Syncing profile. C++
2024-10-21 22:51:06.696 [info] Settings (C++): No changes found during synchronizing settings.
2024-10-21 22:51:06.698 [info] Keybindings (C++): No changes found during synchronizing keybindings.
2024-10-21 22:51:06.700 [info] Snippets (C++): No changes found during synchronizing snippets.
2024-10-21 22:51:06.703 [info] Tasks (C++): No changes found during synchronizing tasks.
2024-10-21 22:51:06.704 [info] GlobalState (C++): No changes found during synchronizing ui state.
2024-10-21 22:51:06.735 [info] Extensions (C++): No changes found during synchronizing extensions.
2024-10-21 22:51:06.737 [info] Syncing profile. java
2024-10-21 22:51:06.738 [info] Settings (java): No changes found during synchronizing settings.
2024-10-21 22:51:06.740 [info] Keybindings (java): No changes found during synchronizing keybindings.
2024-10-21 22:51:06.742 [info] Snippets (java): No changes found during synchronizing snippets.
2024-10-21 22:51:06.744 [info] Tasks (java): No changes found during synchronizing tasks.
2024-10-21 22:51:06.745 [info] GlobalState (java): No changes found during synchronizing ui state.
2024-10-21 22:51:06.773 [info] Extensions (java): No changes found during synchronizing extensions.
2024-10-21 22:51:06.774 [info] Syncing profile. php
2024-10-21 22:51:06.779 [info] Settings (php): No changes found during synchronizing settings.
2024-10-21 22:51:06.781 [info] Keybindings (php): No changes found during synchronizing keybindings.
2024-10-21 22:51:06.784 [info] Snippets (php): No changes found during synchronizing snippets.
2024-10-21 22:51:06.787 [info] Tasks (php): No changes found during synchronizing tasks.
2024-10-21 22:51:06.788 [info] GlobalState (php): No changes found during synchronizing ui state.
2024-10-21 22:51:06.837 [info] Extensions (php): No changes found during synchronizing extensions.
2024-10-21 22:51:06.838 [info] Sync done. Took 408ms
2024-10-21 22:51:21.001 [info] Auto Sync: Triggered by Activity
2024-10-21 22:51:21.001 [info] Sync started.
2024-10-21 22:51:22.161 [info] Settings: Updated remote settings
2024-10-21 22:51:22.167 [info] Settings: Updated last synchronized settings
2024-10-21 22:51:22.171 [info] Keybindings: No changes found during synchronizing keybindings.
2024-10-21 22:51:22.173 [info] Snippets: No changes found during synchronizing snippets.
2024-10-21 22:51:22.174 [info] Tasks: No changes found during synchronizing tasks.
2024-10-21 22:51:22.177 [info] GlobalState: No changes found during synchronizing ui state.
2024-10-21 22:51:22.214 [info] Extensions: No changes found during synchronizing extensions.
2024-10-21 22:51:22.215 [info] Profiles: No changes found during synchronizing profiles.
2024-10-21 22:51:22.216 [info] Syncing profile. C++
2024-10-21 22:51:22.218 [info] Settings (C++): No changes found during synchronizing settings.
2024-10-21 22:51:22.219 [info] Keybindings (C++): No changes found during synchronizing keybindings.
2024-10-21 22:51:22.221 [info] Snippets (C++): No changes found during synchronizing snippets.
2024-10-21 22:51:22.222 [info] Tasks (C++): No changes found during synchronizing tasks.
2024-10-21 22:51:22.223 [info] GlobalState (C++): No changes found during synchronizing ui state.
2024-10-21 22:51:22.251 [info] Extensions (C++): No changes found during synchronizing extensions.
2024-10-21 22:51:22.251 [info] Syncing profile. java
2024-10-21 22:51:22.253 [info] Settings (java): No changes found during synchronizing settings.
2024-10-21 22:51:22.254 [info] Keybindings (java): No changes found during synchronizing keybindings.
2024-10-21 22:51:22.256 [info] Snippets (java): No changes found during synchronizing snippets.
2024-10-21 22:51:22.257 [info] Tasks (java): No changes found during synchronizing tasks.
2024-10-21 22:51:22.259 [info] GlobalState (java): No changes found during synchronizing ui state.
2024-10-21 22:51:22.289 [info] Extensions (java): No changes found during synchronizing extensions.
2024-10-21 22:51:22.289 [info] Syncing profile. php
2024-10-21 22:51:22.296 [info] Settings (php): No changes found during synchronizing settings.
2024-10-21 22:51:22.303 [info] Keybindings (php): No changes found during synchronizing keybindings.
2024-10-21 22:51:22.304 [info] Snippets (php): No changes found during synchronizing snippets.
2024-10-21 22:51:22.306 [info] Tasks (php): No changes found during synchronizing tasks.
2024-10-21 22:51:22.308 [info] GlobalState (php): No changes found during synchronizing ui state.
2024-10-21 22:51:22.353 [info] Extensions (php): No changes found during synchronizing extensions.
2024-10-21 22:51:22.354 [info] Sync done. Took 1354ms
2024-10-21 22:51:24.401 [info] Auto Sync: Triggered by Activity
2024-10-21 22:51:24.401 [info] Sync started.
2024-10-21 22:51:25.529 [info] Settings: Updated remote settings
2024-10-21 22:51:25.545 [info] Settings: Updated last synchronized settings
2024-10-21 22:51:25.549 [info] Keybindings: No changes found during synchronizing keybindings.
2024-10-21 22:51:25.553 [info] Snippets: No changes found during synchronizing snippets.
2024-10-21 22:51:25.555 [info] Tasks: No changes found during synchronizing tasks.
2024-10-21 22:51:25.558 [info] GlobalState: No changes found during synchronizing ui state.
2024-10-21 22:51:25.602 [info] Extensions: No changes found during synchronizing extensions.
2024-10-21 22:51:25.605 [info] Profiles: No changes found during synchronizing profiles.
2024-10-21 22:51:25.606 [info] Syncing profile. C++
2024-10-21 22:51:25.610 [info] Settings (C++): No changes found during synchronizing settings.
2024-10-21 22:51:25.612 [info] Keybindings (C++): No changes found during synchronizing keybindings.
2024-10-21 22:51:25.614 [info] Snippets (C++): No changes found during synchronizing snippets.
2024-10-21 22:51:25.615 [info] Tasks (C++): No changes found during synchronizing tasks.
2024-10-21 22:51:25.616 [info] GlobalState (C++): No changes found during synchronizing ui state.
2024-10-21 22:51:25.643 [info] Extensions (C++): No changes found during synchronizing extensions.
2024-10-21 22:51:25.644 [info] Syncing profile. java
2024-10-21 22:51:25.646 [info] Settings (java): No changes found during synchronizing settings.
2024-10-21 22:51:25.648 [info] Keybindings (java): No changes found during synchronizing keybindings.
2024-10-21 22:51:25.651 [info] Snippets (java): No changes found during synchronizing snippets.
2024-10-21 22:51:25.653 [info] Tasks (java): No changes found during synchronizing tasks.
2024-10-21 22:51:25.654 [info] GlobalState (java): No changes found during synchronizing ui state.
2024-10-21 22:51:25.682 [info] Extensions (java): No changes found during synchronizing extensions.
2024-10-21 22:51:25.682 [info] Syncing profile. php
2024-10-21 22:51:25.688 [info] Settings (php): No changes found during synchronizing settings.
2024-10-21 22:51:25.694 [info] Keybindings (php): No changes found during synchronizing keybindings.
2024-10-21 22:51:25.696 [info] Snippets (php): No changes found during synchronizing snippets.
2024-10-21 22:51:25.698 [info] Tasks (php): No changes found during synchronizing tasks.
2024-10-21 22:51:25.701 [info] GlobalState (php): No changes found during synchronizing ui state.
2024-10-21 22:51:25.744 [info] Extensions (php): No changes found during synchronizing extensions.
2024-10-21 22:51:25.745 [info] Sync done. Took 1345ms
2024-10-21 22:51:38.946 [info] Auto Sync: Triggered by Activity
2024-10-21 22:51:38.947 [info] Sync started.
2024-10-21 22:51:39.042 [info] Settings: No changes found during synchronizing settings.
2024-10-21 22:51:39.046 [info] Keybindings: No changes found during synchronizing keybindings.
2024-10-21 22:51:39.048 [info] Snippets: No changes found during synchronizing snippets.
2024-10-21 22:51:39.050 [info] Tasks: No changes found during synchronizing tasks.
2024-10-21 22:51:39.052 [info] GlobalState: No changes found during synchronizing ui state.
2024-10-21 22:51:39.096 [info] Extensions: No changes found during synchronizing extensions.
2024-10-21 22:51:39.097 [info] Profiles: No changes found during synchronizing profiles.
2024-10-21 22:51:39.098 [info] Syncing profile. C++
2024-10-21 22:51:39.101 [info] Settings (C++): No changes found during synchronizing settings.
2024-10-21 22:51:39.106 [info] Keybindings (C++): No changes found during synchronizing keybindings.
2024-10-21 22:51:39.108 [info] Snippets (C++): No changes found during synchronizing snippets.
2024-10-21 22:51:39.110 [info] Tasks (C++): No changes found during synchronizing tasks.
2024-10-21 22:51:39.111 [info] GlobalState (C++): No changes found during synchronizing ui state.
2024-10-21 22:51:39.139 [info] Extensions (C++): No changes found during synchronizing extensions.
2024-10-21 22:51:39.140 [info] Syncing profile. java
2024-10-21 22:51:39.142 [info] Settings (java): No changes found during synchronizing settings.
2024-10-21 22:51:39.144 [info] Keybindings (java): No changes found during synchronizing keybindings.
2024-10-21 22:51:39.145 [info] Snippets (java): No changes found during synchronizing snippets.
2024-10-21 22:51:39.147 [info] Tasks (java): No changes found during synchronizing tasks.
2024-10-21 22:51:39.148 [info] GlobalState (java): No changes found during synchronizing ui state.
2024-10-21 22:51:39.178 [info] Extensions (java): No changes found during synchronizing extensions.
2024-10-21 22:51:39.179 [info] Syncing profile. php
2024-10-21 22:51:39.183 [info] Settings (php): No changes found during synchronizing settings.
2024-10-21 22:51:39.187 [info] Keybindings (php): No changes found during synchronizing keybindings.
2024-10-21 22:51:39.191 [info] Snippets (php): No changes found during synchronizing snippets.
2024-10-21 22:51:39.192 [info] Tasks (php): No changes found during synchronizing tasks.
2024-10-21 22:51:39.194 [info] GlobalState (php): No changes found during synchronizing ui state.
2024-10-21 22:51:39.243 [info] Extensions (php): No changes found during synchronizing extensions.
2024-10-21 22:51:39.243 [info] Sync done. Took 298ms
