2024-10-17 20:54:39.732 [info] Added views:workbench.view.search in workbench.view.search
2024-10-17 20:54:39.732 [info] Added views:workbench.scm in workbench.view.scm
2024-10-17 20:54:39.732 [info] Added views:workbench.panel.markers.view in workbench.panel.markers
2024-10-17 20:54:39.732 [info] Added views:workbench.panel.output in workbench.panel.output
2024-10-17 20:54:39.732 [info] Added views:terminal in terminal
2024-10-17 20:54:39.732 [info] Added views:workbench.explorer.fileView in workbench.view.explorer
2024-10-17 20:54:39.887 [info] Added views:workbench.debug.variablesView,workbench.debug.watchExpressionsView,workbench.debug.callStackView,workbench.debug.breakPointsView in workbench.view.debug
2024-10-17 20:54:40.410 [info] Added views:gitlens.views.home,gitlens.views.workspaces in workbench.view.extension.gitlens
2024-10-17 20:54:40.410 [info] Added views:gitlens.views.commitDetails,gitlens.views.lineHistory,gitlens.views.fileHistory,gitlens.views.searchAndCompare in workbench.view.extension.gitlensInspect
2024-10-17 20:54:40.411 [info] Added views:gitlens.views.commits,gitlens.views.branches,gitlens.views.remotes,gitlens.views.stashes,gitlens.views.tags,gitlens.views.contributors in workbench.view.scm
2024-10-17 20:54:40.411 [info] Added views:in-your-face.openview in workbench.view.extension.custom-activitybar
2024-10-17 20:54:40.617 [info] Added views:workbench.panel.repl.view in workbench.panel.repl
2024-10-17 20:54:40.623 [info] Removed views:workbench.debug.breakPointsView,workbench.debug.callStackView,workbench.debug.watchExpressionsView,workbench.debug.variablesView from workbench.view.debug
2024-10-17 20:54:40.625 [info] Added views:workbench.debug.welcome in workbench.view.debug
2024-10-17 20:54:41.106 [info] Added views:~remote.forwardedPorts in ~remote.forwardedPortsContainer
2024-10-17 20:54:41.355 [info] Added views:workbench.view.testing in workbench.view.extension.test
2024-10-17 20:54:42.940 [info] Removed views:gitlens.views.searchAndCompare,gitlens.views.fileHistory,gitlens.views.lineHistory,gitlens.views.commitDetails from workbench.view.extension.gitlensInspect
2024-10-17 20:54:42.941 [info] Removed views:gitlens.views.contributors,gitlens.views.tags,gitlens.views.stashes,gitlens.views.remotes,gitlens.views.branches,gitlens.views.commits from workbench.view.scm
2024-10-17 20:54:43.074 [info] Added views:gitlens.views.drafts in workbench.view.extension.gitlens
2024-10-17 20:54:43.140 [info] Added views:petsView in workbench.view.explorer
2024-10-17 21:27:38.585 [info] Added views:workbench.views.extensions.installed,workbench.views.extensions.popular,extensions.recommendedList in workbench.view.extensions
2024-10-17 21:27:38.586 [info] Removed views:workbench.views.extensions.popular from workbench.view.extensions
2024-10-17 21:27:40.359 [info] Removed views:extensions.recommendedList,workbench.views.extensions.installed from workbench.view.extensions
2024-10-17 21:27:40.366 [info] Added views:workbench.views.extensions.marketplace in workbench.view.extensions
2024-10-17 21:27:44.698 [info] Removed views:workbench.views.extensions.marketplace from workbench.view.extensions
2024-10-17 21:27:44.707 [info] Added views:workbench.views.extensions.installed,extensions.recommendedList in workbench.view.extensions
2024-10-18 07:01:59.892 [info] Removed views:extensions.recommendedList,workbench.views.extensions.installed from workbench.view.extensions
2024-10-18 07:01:59.900 [info] Added views:workbench.views.extensions.marketplace in workbench.view.extensions
2024-10-18 07:02:45.004 [info] Removed views:workbench.views.extensions.marketplace from workbench.view.extensions
2024-10-18 07:02:45.016 [info] Added views:workbench.views.extensions.installed,extensions.recommendedList in workbench.view.extensions
2024-10-18 07:02:46.665 [info] Removed views:extensions.recommendedList,workbench.views.extensions.installed from workbench.view.extensions
2024-10-18 07:02:46.673 [info] Added views:workbench.views.extensions.marketplace in workbench.view.extensions
2024-10-18 07:04:05.045 [info] Removed views:workbench.views.extensions.marketplace from workbench.view.extensions
2024-10-18 07:04:05.058 [info] Added views:workbench.views.extensions.installed,extensions.recommendedList in workbench.view.extensions
2024-10-18 07:27:43.106 [info] Removed views:workbench.view.testing from workbench.view.extension.test
