2024-10-16 12:20:02.925 [info] Reading sessions from keychain...
2024-10-16 12:20:02.925 [info] Getting sessions for all scopes...
2024-10-16 12:20:02.925 [info] Getting sessions for all scopes...
2024-10-16 12:20:02.925 [info] Getting sessions for all scopes...
2024-10-16 12:20:02.928 [info] Getting sessions for user:email...
2024-10-16 12:20:02.948 [info] Got stored sessions!
2024-10-16 12:20:02.948 [info] Got 1 verified sessions.
2024-10-16 12:20:02.948 [info] Got 1 sessions for ...
2024-10-16 12:20:02.948 [info] Got 1 sessions for ...
2024-10-16 12:20:02.948 [info] Got 1 sessions for ...
2024-10-16 12:20:02.948 [info] Got 1 sessions for user:email...
2024-10-16 12:20:04.793 [info] Getting sessions for all scopes...
2024-10-16 12:20:04.793 [info] Got 1 sessions for ...
2024-10-16 12:20:11.448 [info] Getting sessions for user:email...
2024-10-16 12:20:11.448 [info] Got 1 sessions for user:email...
2024-10-16 12:20:11.683 [info] Getting sessions for user:email...
2024-10-16 12:20:11.683 [info] Got 1 sessions for user:email...
2024-10-16 12:20:12.911 [info] Getting sessions for user:email...
2024-10-16 12:20:12.911 [info] Got 1 sessions for user:email...
2024-10-16 12:20:20.182 [info] Getting sessions for all scopes...
2024-10-16 12:20:20.182 [info] Got 1 sessions for ...
2024-10-16 12:20:20.983 [info] Logging out of 81bb5553999ac644
2024-10-16 12:20:20.984 [info] Storing 0 sessions...
2024-10-16 12:20:20.993 [info] Reading sessions from keychain...
2024-10-16 12:20:20.993 [info] Stored 0 sessions!
2024-10-16 12:20:20.998 [info] Got stored sessions!
2024-10-16 12:20:20.998 [info] Got 0 verified sessions.
2024-10-16 12:20:25.175 [info] Getting sessions for user:email...
2024-10-16 12:20:25.175 [info] Got 0 sessions for user:email...
2024-10-16 12:20:26.368 [info] Logging in with 'any' account...
2024-10-16 12:20:26.368 [info] Logging in for the following scopes: user:email
2024-10-16 12:20:26.370 [info] Trying without local server... (user:email)
2024-10-16 12:20:30.846 [info] Exchanging code for token...
2024-10-16 12:20:31.322 [info] Token exchange success!
2024-10-16 12:20:31.322 [info] Getting user info...
2024-10-16 12:20:31.785 [info] Got account info!
2024-10-16 12:20:31.785 [info] Storing 1 sessions...
2024-10-16 12:20:32.014 [info] Reading sessions from keychain...
2024-10-16 12:20:32.015 [info] Stored 1 sessions!
2024-10-16 12:20:32.015 [info] Login success!
2024-10-16 12:20:32.923 [info] Getting sessions for user:email...
2024-10-16 12:20:32.923 [info] Got stored sessions!
2024-10-16 12:20:32.923 [info] Got 1 verified sessions.
2024-10-16 12:20:32.923 [info] Got 1 sessions for user:email...
2024-10-16 12:20:33.102 [info] Getting sessions for read:user,repo,user:email...
2024-10-16 12:20:33.102 [info] Got 0 sessions for read:user,repo,user:email...
2024-10-16 12:22:10.588 [info] Reading sessions from keychain...
2024-10-16 12:22:10.589 [info] Got stored sessions!
2024-10-16 12:22:10.589 [info] Got 1 verified sessions.
2024-10-16 12:22:10.589 [info] Getting sessions for all scopes...
2024-10-16 12:22:10.589 [info] Got 1 sessions for ...
2024-10-16 12:22:10.589 [info] Getting sessions for all scopes...
2024-10-16 12:22:10.589 [info] Got 1 sessions for ...
2024-10-16 12:22:10.589 [info] Getting sessions for all scopes...
2024-10-16 12:22:10.589 [info] Got 1 sessions for ...
2024-10-16 12:22:10.589 [info] Getting sessions for user:email...
2024-10-16 12:22:10.589 [info] Got 1 sessions for user:email...
2024-10-16 12:22:10.834 [info] Getting sessions for user:email...
2024-10-16 12:22:10.834 [info] Got 1 sessions for user:email...
2024-10-16 12:22:12.025 [info] Getting sessions for read:user,repo,user:email...
2024-10-16 12:22:12.025 [info] Got 0 sessions for read:user,repo,user:email...
2024-10-16 12:22:56.102 [info] Reading sessions from keychain...
2024-10-16 12:22:56.102 [info] Got stored sessions!
2024-10-16 12:22:56.102 [info] Got 1 verified sessions.
2024-10-16 12:22:56.102 [info] Getting sessions for all scopes...
2024-10-16 12:22:56.102 [info] Got 1 sessions for ...
2024-10-16 12:22:56.102 [info] Getting sessions for all scopes...
2024-10-16 12:22:56.102 [info] Got 1 sessions for ...
2024-10-16 12:22:56.102 [info] Getting sessions for all scopes...
2024-10-16 12:22:56.102 [info] Got 1 sessions for ...
2024-10-16 12:22:56.102 [info] Getting sessions for user:email...
2024-10-16 12:22:56.102 [info] Got 1 sessions for user:email...
2024-10-16 12:22:56.215 [info] Getting sessions for user:email...
2024-10-16 12:22:56.215 [info] Got 1 sessions for user:email...
2024-10-16 12:22:57.491 [info] Reading sessions from keychain...
2024-10-16 12:22:57.491 [info] Getting sessions for all scopes...
2024-10-16 12:22:57.491 [info] Getting sessions for all scopes...
2024-10-16 12:22:57.491 [info] Getting sessions for all scopes...
2024-10-16 12:22:57.491 [info] Getting sessions for user:email...
2024-10-16 12:22:57.491 [info] Got stored sessions!
2024-10-16 12:22:57.491 [info] Got 1 verified sessions.
2024-10-16 12:22:57.491 [info] Got 1 sessions for ...
2024-10-16 12:22:57.491 [info] Got 1 sessions for ...
2024-10-16 12:22:57.491 [info] Got 1 sessions for ...
2024-10-16 12:22:57.491 [info] Got 1 sessions for user:email...
2024-10-16 12:22:57.696 [info] Getting sessions for user:email...
2024-10-16 12:22:57.696 [info] Got 1 sessions for user:email...
2024-10-16 12:22:59.042 [info] Getting sessions for read:user,repo,user:email...
2024-10-16 12:22:59.042 [info] Got 0 sessions for read:user,repo,user:email...
2024-10-16 12:23:06.495 [info] Reading sessions from keychain...
2024-10-16 12:23:06.495 [info] Got stored sessions!
2024-10-16 12:23:06.495 [info] Got 1 verified sessions.
2024-10-16 12:23:06.495 [info] Getting sessions for all scopes...
2024-10-16 12:23:06.495 [info] Got 1 sessions for ...
2024-10-16 12:23:06.495 [info] Getting sessions for all scopes...
2024-10-16 12:23:06.495 [info] Got 1 sessions for ...
2024-10-16 12:23:06.495 [info] Getting sessions for all scopes...
2024-10-16 12:23:06.495 [info] Got 1 sessions for ...
2024-10-16 12:23:06.495 [info] Getting sessions for user:email...
2024-10-16 12:23:06.495 [info] Got 1 sessions for user:email...
2024-10-16 12:23:07.952 [info] Getting sessions for user:email...
2024-10-16 12:23:07.952 [info] Got 1 sessions for user:email...
2024-10-16 12:23:08.481 [info] Getting sessions for read:user,repo,user:email...
2024-10-16 12:23:08.481 [info] Got 0 sessions for read:user,repo,user:email...
2024-10-16 12:23:08.481 [info] Getting sessions for read:user,repo,user:email,workflow...
2024-10-16 12:23:08.481 [info] Got 0 sessions for read:user,repo,user:email,workflow...
2024-10-16 12:23:08.481 [info] Getting sessions for all scopes...
2024-10-16 12:23:08.481 [info] Got 1 sessions for ...
2024-10-16 12:23:08.482 [info] Getting sessions for all scopes...
2024-10-16 12:23:08.482 [info] Got 1 sessions for ...
2024-10-16 12:23:08.521 [info] Getting sessions for read:user...
2024-10-16 12:23:08.521 [info] Got 0 sessions for read:user...
2024-10-16 12:23:08.521 [info] Getting sessions for read:user,repo,user:email,workflow...
2024-10-16 12:23:08.521 [info] Got 0 sessions for read:user,repo,user:email,workflow...
2024-10-16 12:23:08.522 [info] Getting sessions for user:email...
2024-10-16 12:23:08.522 [info] Got 1 sessions for user:email...
2024-10-16 12:23:08.522 [info] Getting sessions for user:email...
2024-10-16 12:23:08.522 [info] Got 1 sessions for user:email...
2024-10-16 12:23:08.527 [info] Getting sessions for all scopes...
2024-10-16 12:23:08.527 [info] Got 1 sessions for ...
2024-10-16 12:23:08.527 [info] Getting sessions for all scopes...
2024-10-16 12:23:08.527 [info] Got 1 sessions for ...
2024-10-16 12:23:08.541 [info] Getting sessions for read:user,repo,user:email,workflow...
2024-10-16 12:23:08.541 [info] Got 0 sessions for read:user,repo,user:email,workflow...
2024-10-16 12:23:09.495 [info] Getting sessions for user:email...
2024-10-16 12:23:09.495 [info] Got 1 sessions for user:email...
2024-10-16 12:23:09.990 [info] Getting sessions for all scopes...
2024-10-16 12:23:09.990 [info] Got 1 sessions for ...
2024-10-16 12:23:09.991 [info] Getting sessions for read:user,repo,user:email,workflow...
2024-10-16 12:23:09.991 [info] Got 0 sessions for read:user,repo,user:email,workflow...
2024-10-16 12:23:09.992 [info] Getting sessions for user:email...
2024-10-16 12:23:09.992 [info] Got 1 sessions for user:email...
2024-10-16 12:23:09.993 [info] Getting sessions for all scopes...
2024-10-16 12:23:09.993 [info] Got 1 sessions for ...
2024-10-16 12:23:09.994 [info] Getting sessions for read:user,repo,user:email,workflow...
2024-10-16 12:23:09.994 [info] Got 0 sessions for read:user,repo,user:email,workflow...
2024-10-16 12:23:09.995 [info] Getting sessions for user:email...
2024-10-16 12:23:09.995 [info] Got 1 sessions for user:email...
