[2024-10-18 00:37:18.850] [         50ms] [/opt/lampp/htdocs] git rev-parse --show-toplevel • FAILED

Error: Command failed: /usr/bin/git -c core.quotepath=false -c color.ui=false rev-parse --show-toplevel
fatal: not a git repository (or any of the parent directories): .git


[2024-10-18 00:37:18.983] [         11ms] [/opt/lampp/htdocs/ktra/src] git rev-parse --show-toplevel • FAILED

Error: Command failed: /usr/bin/git -c core.quotepath=false -c color.ui=false rev-parse --show-toplevel
fatal: not a git repository (or any of the parent directories): .git


[2024-10-18 00:40:41.947] [         18ms] [/opt/lampp/htdocs/ktra] git rev-parse --show-toplevel • FAILED

Error: Command failed: /usr/bin/git -c core.quotepath=false -c color.ui=false rev-parse --show-toplevel
fatal: not a git repository (or any of the parent directories): .git


[2024-10-18 00:40:44.488] [         15ms] [/opt/lampp/htdocs/ktra] git rev-parse --show-toplevel • FAILED

Error: Command failed: /usr/bin/git -c core.quotepath=false -c color.ui=false rev-parse --show-toplevel
fatal: not a git repository (or any of the parent directories): .git


[2024-10-18 00:40:51.566] [         52ms] [/opt/lampp/htdocs/ktra] git rev-parse --show-toplevel • FAILED

Error: Command failed: /usr/bin/git -c core.quotepath=false -c color.ui=false rev-parse --show-toplevel
fatal: not a git repository (or any of the parent directories): .git


[2024-10-18 00:41:05.824] [         20ms] [/opt/lampp/htdocs/ktra] git rev-parse --show-toplevel • FAILED

Error: Command failed: /usr/bin/git -c core.quotepath=false -c color.ui=false rev-parse --show-toplevel
fatal: not a git repository (or any of the parent directories): .git


[2024-10-18 00:41:33.702] [         19ms] [/opt/lampp/htdocs/ktra/src] git rev-parse --show-toplevel • FAILED

Error: Command failed: /usr/bin/git -c core.quotepath=false -c color.ui=false rev-parse --show-toplevel
fatal: not a git repository (or any of the parent directories): .git


[2024-10-18 00:42:30.175] [         21ms] [/opt/lampp/htdocs/ktra] git rev-parse --show-toplevel • FAILED

Error: Command failed: /usr/bin/git -c core.quotepath=false -c color.ui=false rev-parse --show-toplevel
fatal: not a git repository (or any of the parent directories): .git


[2024-10-18 00:54:34.022] [         11ms] [/opt/lampp/htdocs/ktra/src] git rev-parse --show-toplevel • FAILED

Error: Command failed: /usr/bin/git -c core.quotepath=false -c color.ui=false rev-parse --show-toplevel
fatal: not a git repository (or any of the parent directories): .git


[2024-10-18 01:31:32.775] [         12ms] [/opt/lampp/htdocs/ktra/src] git rev-parse --show-toplevel • FAILED

Error: Command failed: /usr/bin/git -c core.quotepath=false -c color.ui=false rev-parse --show-toplevel
fatal: not a git repository (or any of the parent directories): .git


[2024-10-18 02:01:37.898] [         14ms] [/opt/lampp/htdocs/web1] git rev-parse --show-toplevel • FAILED

Error: Command failed: /usr/bin/git -c core.quotepath=false -c color.ui=false rev-parse --show-toplevel
fatal: not a git repository (or any of the parent directories): .git


