2024-10-21 22:42:35.195 [info] Reading sessions from keychain...
2024-10-21 22:42:35.195 [info] Getting sessions for all scopes...
2024-10-21 22:42:35.195 [info] Getting sessions for all scopes...
2024-10-21 22:42:35.195 [info] Getting sessions for user:email...
2024-10-21 22:42:35.195 [info] Got stored sessions!
2024-10-21 22:42:35.195 [info] Got 1 verified sessions.
2024-10-21 22:42:35.195 [info] Got 1 sessions for ...
2024-10-21 22:42:35.195 [info] Got 1 sessions for ...
2024-10-21 22:42:35.195 [info] Got 1 sessions for user:email...
2024-10-21 22:42:35.195 [info] Getting sessions for all scopes...
2024-10-21 22:42:35.195 [info] Got 1 sessions for ...
2024-10-21 22:42:36.343 [info] Getting sessions for read:user,repo,user:email...
2024-10-21 22:42:36.343 [info] Got 0 sessions for read:user,repo,user:email...
2024-10-21 22:42:41.576 [info] Reading sessions from keychain...
2024-10-21 22:42:41.576 [info] Getting sessions for all scopes...
2024-10-21 22:42:41.576 [info] Getting sessions for all scopes...
2024-10-21 22:42:41.576 [info] Getting sessions for user:email...
2024-10-21 22:42:41.576 [info] Got stored sessions!
2024-10-21 22:42:41.576 [info] Got 1 verified sessions.
2024-10-21 22:42:41.576 [info] Got 1 sessions for ...
2024-10-21 22:42:41.576 [info] Got 1 sessions for ...
2024-10-21 22:42:41.576 [info] Got 1 sessions for user:email...
2024-10-21 22:42:42.959 [info] Getting sessions for read:user,repo,user:email...
2024-10-21 22:42:42.959 [info] Got 0 sessions for read:user,repo,user:email...
