2024-10-18 07:37:19.031 [info] /home/hplat/.config/Code/User/profiles/-2382b5f8/settings.json closed
2024-10-18 07:37:19.065 [info] Configuration changed
2024-10-18 07:37:19.121 [info] /home/hplat/.config/Code/User/profiles/-2382b5f8/settings.json closed
2024-10-18 07:37:19.199 [info] /home/hplat/.config/Code/User/profiles/-2382b5f8/settings.json closed
2024-10-18 07:37:19.207 [info] /home/hplat/.config/Code/User/profiles/-2382b5f8/settings.json closed
2024-10-18 07:37:19.336 [info] /home/hplat/.config/Code/User/settings.json closed
2024-10-18 07:37:20.915 [info] /home/hplat/.config/Code/User/profiles/45db6ddc/settings.json closed
2024-10-18 07:37:21.010 [info] /home/hplat/.config/Code/User/profiles/5ecaf79e/settings.json closed
2024-10-18 07:37:21.104 [info] /home/hplat/.config/Code/User/profiles/-2382b5f8/settings.json closed
2024-10-18 07:38:40.899 [info] Executing :
2024-10-18 07:39:56.834 [info] Executing :w
2024-10-18 07:40:19.768 [info] /embeded.embeddedhtml closed
2024-10-18 07:40:41.861 [info] Active editor: file:///opt/lampp/htdocs/ktra/postcss.config.js
2024-10-18 07:40:44.451 [info] Active editor: file:///opt/lampp/htdocs/ktra/tailwind.config.js
2024-10-18 07:40:51.456 [info] /opt/lampp/htdocs/ktra/postcss.config.js closed
2024-10-18 07:40:51.482 [info] Active editor: file:///opt/lampp/htdocs/ktra/input.css
2024-10-18 07:41:05.644 [info] /opt/lampp/htdocs/ktra/input.css closed
2024-10-18 07:41:05.695 [info] Active editor: file:///opt/lampp/htdocs/ktra/package.json
2024-10-18 07:41:33.649 [info] Active editor: file:///opt/lampp/htdocs/ktra/src/index.php
2024-10-18 07:42:28.538 [info] Active editor: file:///opt/lampp/htdocs/ktra/package.json
2024-10-18 07:42:30.069 [info] /opt/lampp/htdocs/ktra/package.json closed
2024-10-18 07:42:30.107 [info] Active editor: file:///opt/lampp/htdocs/ktra/package-lock.json
2024-10-18 07:42:31.790 [info] /opt/lampp/htdocs/ktra/package-lock.json closed
2024-10-18 07:42:31.815 [info] Active editor: file:///opt/lampp/htdocs/ktra/postcss.config.js
2024-10-18 07:42:36.424 [info] Active editor: file:///opt/lampp/htdocs/ktra/tailwind.config.js
2024-10-18 07:42:37.958 [info] /opt/lampp/htdocs/ktra/postcss.config.js closed
2024-10-18 07:42:37.982 [info] Active editor: file:///opt/lampp/htdocs/ktra/package.json
2024-10-18 07:44:33.756 [info] /embeded.embeddedhtml closed
2024-10-18 07:54:33.996 [info] Active editor: file:///opt/lampp/htdocs/ktra/src/delete.php
2024-10-18 07:54:34.955 [info] Active editor: file:///opt/lampp/htdocs/ktra/src/index.php
2024-10-18 07:57:34.197 [info] /embeded.embeddedhtml closed
2024-10-18 07:57:35.154 [info] /embeded.embeddedhtml closed
2024-10-18 08:00:18.667 [info] Executing :w
2024-10-18 08:00:28.005 [info] Executing :w
2024-10-18 08:00:36.489 [info] Executing :w
2024-10-18 08:00:55.700 [info] Executing :w
2024-10-18 08:01:12.049 [info] /embeded.embeddedhtml closed
2024-10-18 08:01:16.671 [info] Executing :w
2024-10-18 08:04:10.947 [info] Executing :w
2024-10-18 08:04:13.320 [info] /embeded.embeddedhtml closed
2024-10-18 08:04:26.093 [info] Active editor: file:///opt/lampp/htdocs/ktra/src/create.php
2024-10-18 08:04:47.912 [info] Executing :w
2024-10-18 08:04:54.453 [info] Executing :w
2024-10-18 08:05:05.679 [info] Executing :w
2024-10-18 08:05:12.654 [info] Active editor: file:///opt/lampp/htdocs/ktra/src/index.php
2024-10-18 08:06:31.031 [info] Active editor: file:///opt/lampp/htdocs/ktra/src/create.php
2024-10-18 08:06:53.657 [info] Executing :w
2024-10-18 08:07:26.282 [info] /embeded.embeddedhtml closed
2024-10-18 08:07:41.512 [info] Executing :w
2024-10-18 08:07:47.854 [info] Executing :w
2024-10-18 08:08:01.869 [info] Executing :w
2024-10-18 08:08:06.132 [info] Executing :w
2024-10-18 08:08:12.712 [info] /embeded.embeddedhtml closed
2024-10-18 08:08:46.067 [info] Executing :w
2024-10-18 08:09:59.361 [info] Executing :w
2024-10-18 08:10:31.773 [info] /embeded.embeddedhtml closed
2024-10-18 08:10:49.748 [info] Executing :w
2024-10-18 08:11:37.052 [info] Executing :w
2024-10-18 08:11:56.725 [info] Executing :w
2024-10-18 08:12:13.723 [info] Executing :w
2024-10-18 08:12:19.168 [info] Executing :w
2024-10-18 08:13:32.391 [info] /embeded.embeddedhtml closed
2024-10-18 08:13:36.834 [info] Executing :w
2024-10-18 08:14:31.607 [info] Executing :w
2024-10-18 08:16:15.588 [info] Executing :w
2024-10-18 08:16:32.888 [info] /embeded.embeddedhtml closed
2024-10-18 08:17:38.665 [info] Executing :w
2024-10-18 08:18:47.451 [info] Executing :w
2024-10-18 08:19:37.857 [info] /embeded.embeddedhtml closed
2024-10-18 08:20:59.792 [info] Executing :w
2024-10-18 08:21:35.655 [info] Executing :w
2024-10-18 08:22:36.705 [info] Executing :w
2024-10-18 08:23:11.125 [info] Executing :w
2024-10-18 08:23:28.088 [info] Executing :w
2024-10-18 08:23:44.333 [info] /embeded.embeddedhtml closed
2024-10-18 08:24:47.742 [info] Executing :w
2024-10-18 08:24:49.358 [info] Executing :w
2024-10-18 08:25:20.405 [info] Executing :w
2024-10-18 08:27:00.774 [info] /embeded.embeddedhtml closed
2024-10-18 08:28:05.160 [info] Executing :w
2024-10-18 08:28:08.091 [info] Executing :w
2024-10-18 08:28:36.997 [info] Executing :w
2024-10-18 08:29:12.274 [info] Executing :w
2024-10-18 08:29:19.246 [info] Executing :w
2024-10-18 08:30:06.700 [info] Executing :w
2024-10-18 08:30:18.993 [info] Executing :w
2024-10-18 08:30:46.359 [info] /embeded.embeddedhtml closed
2024-10-18 08:31:32.687 [info] Active editor: file:///opt/lampp/htdocs/ktra/src/edit.php
2024-10-18 08:32:05.524 [info] Executing :w
2024-10-18 08:32:22.076 [info] Executing :w
2024-10-18 08:32:23.889 [info] Executing :w
2024-10-18 08:32:30.703 [info] Executing :w
2024-10-18 08:33:04.479 [info] Executing :w
2024-10-18 08:34:11.534 [info] Executing :w
2024-10-18 08:34:28.118 [info] /embeded.embeddedhtml closed
2024-10-18 08:34:32.812 [info] /embeded.embeddedhtml closed
2024-10-18 08:35:01.834 [info] Executing :w
2024-10-18 08:35:06.565 [info] Executing :w
2024-10-18 08:35:21.641 [info] Executing :w
2024-10-18 08:35:37.511 [info] Executing :w
2024-10-18 08:36:48.235 [info] Executing :w
2024-10-18 08:37:32.895 [info] /embeded.embeddedhtml closed
2024-10-18 08:37:46.785 [info] Executing :w
2024-10-18 08:37:51.331 [info] Executing :w
2024-10-18 08:38:41.321 [info] Executing :w
2024-10-18 08:39:41.700 [info] Executing :w
2024-10-18 08:39:57.691 [info] Executing :w
2024-10-18 08:40:19.703 [info] Executing :w
2024-10-18 08:40:33.172 [info] /embeded.embeddedhtml closed
2024-10-18 08:41:12.554 [info] Executing :w
2024-10-18 08:43:33.775 [info] /embeded.embeddedhtml closed
2024-10-18 08:44:07.250 [info] Executing :w
2024-10-18 08:44:20.716 [warning] invalid cursor position. [[43, 96] | [43, 96]].
2024-10-18 08:44:20.716 [warning] invalid cursor position. [[43, 96] | [43, 96]].
2024-10-18 08:44:33.870 [info] Executing :w
2024-10-18 08:44:52.381 [info] Executing :w
2024-10-18 08:45:29.492 [info] Executing :w
2024-10-18 08:45:33.437 [info] Executing :w
2024-10-18 08:46:06.935 [info] Executing :w
2024-10-18 08:46:36.342 [info] /embeded.embeddedhtml closed
2024-10-18 08:47:42.826 [info] Executing :w
2024-10-18 08:47:45.492 [info] Executing :w
2024-10-18 08:48:02.962 [info] Active editor: file:///opt/lampp/htdocs/ktra/src/index.php
2024-10-18 08:48:47.276 [info] Active editor: file:///opt/lampp/htdocs/ktra/src/edit.php
2024-10-18 08:50:22.906 [info] Executing :w
2024-10-18 08:50:30.542 [info] /embeded.embeddedhtml closed
2024-10-18 08:50:51.113 [info] Executing :w
2024-10-18 08:51:03.089 [info] /embeded.embeddedhtml closed
2024-10-18 08:51:38.516 [info] Executing :w
2024-10-18 08:52:37.588 [info] Executing :w
2024-10-18 08:53:45.399 [info] Executing :w
2024-10-18 08:53:46.824 [info] /embeded.embeddedhtml closed
2024-10-18 08:55:46.304 [info] Executing :w
2024-10-18 08:56:12.743 [info] Executing :w
2024-10-18 08:56:52.206 [info] /embeded.embeddedhtml closed
2024-10-18 08:58:04.082 [info] Executing :w
2024-10-18 08:58:54.934 [info] Active editor: file:///opt/lampp/htdocs/ktra/src/delete.php
2024-10-18 08:59:28.878 [info] Active editor: file:///opt/lampp/htdocs/ktra/src/edit.php
2024-10-18 08:59:46.710 [info] Active editor: file:///opt/lampp/htdocs/ktra/src/delete.php
2024-10-18 08:59:53.166 [info] Executing :w
2024-10-18 08:59:58.114 [info] /embeded.embeddedhtml closed
2024-10-18 09:00:33.319 [info] Executing :w
2024-10-18 09:01:15.870 [info] Executing :w
2024-10-18 09:01:35.785 [info] Active editor: file:///opt/lampp/htdocs/ktra/src/create.php
2024-10-18 09:01:36.572 [info] Active editor: file:///opt/lampp/htdocs/ktra/src/index.php
2024-10-18 09:01:37.866 [info] Active editor: file:///opt/lampp/htdocs/web1/index.php
2024-10-18 09:01:38.817 [info] Active editor: file:///opt/lampp/htdocs/ktra/src/index.php
2024-10-18 09:01:40.802 [info] /opt/lampp/htdocs/web1/index.php closed
2024-10-18 09:01:55.106 [info] /embeded.embeddedhtml closed
2024-10-18 09:02:26.033 [info] Executing :w
2024-10-18 09:02:42.472 [info] Executing :w
2024-10-18 09:02:50.664 [info] Executing :w
2024-10-18 09:03:41.085 [info] Executing :w
2024-10-18 09:03:56.045 [info] Executing :w
2024-10-18 09:04:01.019 [info] Executing :w
2024-10-18 09:04:05.429 [info] Executing :w
2024-10-18 09:04:35.982 [info] /embeded.embeddedhtml closed
2024-10-18 09:04:36.619 [info] /embeded.embeddedhtml closed
2024-10-18 09:04:37.903 [info] /embeded.embeddedhtml closed
2024-10-18 09:04:47.929 [info] Executing :w
2024-10-18 09:05:07.527 [info] Executing :w
2024-10-18 09:05:20.059 [info] Executing :w
2024-10-18 09:05:34.385 [info] Executing :w
2024-10-18 09:05:56.123 [info] Executing :w
2024-10-18 09:06:00.056 [info] Executing :w
2024-10-18 09:06:40.400 [info] Executing :w
2024-10-18 09:06:48.353 [info] Executing :w
2024-10-18 09:07:21.502 [info] Executing :w
2024-10-18 09:07:37.179 [info] /embeded.embeddedhtml closed
2024-10-18 09:08:02.554 [info] Executing :w
2024-10-18 09:08:13.309 [info] Active editor: file:///opt/lampp/htdocs/ktra/src/create.php
2024-10-18 09:08:47.458 [info] Executing :w
2024-10-18 09:08:49.287 [info] Active editor: file:///opt/lampp/htdocs/ktra/src/edit.php
2024-10-18 09:09:16.918 [info] Executing :w
2024-10-18 09:09:28.684 [info] Active editor: file:///opt/lampp/htdocs/ktra/src/index.php
2024-10-18 09:09:50.405 [info] Executing :w
2024-10-18 09:09:58.393 [info] Executing :w
2024-10-18 09:10:03.832 [info] Executing :w
2024-10-18 09:10:07.210 [info] Executing :w
2024-10-18 09:10:15.076 [info] Executing :w
2024-10-18 09:10:22.351 [info] Executing :w
2024-10-18 09:10:31.317 [info] Executing :w
2024-10-18 09:10:34.354 [info] Executing :w
2024-10-18 09:10:37.257 [info] Executing :w
2024-10-18 09:10:44.333 [info] Executing :w
2024-10-18 09:10:48.942 [info] Executing :w
2024-10-18 09:10:52.678 [info] /embeded.embeddedhtml closed
2024-10-18 09:11:13.473 [info] /embeded.embeddedhtml closed
2024-10-18 09:11:49.492 [info] /embeded.embeddedhtml closed
2024-10-18 09:13:14.088 [info] Executing :w
2024-10-18 09:13:53.955 [info] /embeded.embeddedhtml closed
2024-10-18 09:18:58.729 [info] Active editor: file:///opt/lampp/htdocs/ktra/src/create.php
2024-10-18 09:21:55.723 [info] /embeded.embeddedhtml closed
2024-10-18 09:21:58.836 [info] /embeded.embeddedhtml closed
2024-10-18 09:22:28.995 [info] Active editor: file:///opt/lampp/htdocs/ktra/src/index.php
2024-10-18 09:22:31.471 [info] Executing :w
2024-10-18 09:22:50.240 [info] Executing :w
2024-10-18 09:25:29.065 [info] /embeded.embeddedhtml closed
2024-10-18 09:30:24.497 [info] Active editor: file:///opt/lampp/htdocs/ktra/src/create.php
2024-10-18 09:30:41.557 [info] Executing :wq
2024-10-18 09:30:41.794 [info] /opt/lampp/htdocs/ktra/src/create.php closed
2024-10-18 09:30:41.795 [warning] getLineLength() called with out-of-bounds line 132
2024-10-18 09:30:41.795 [warning] invalid cursor position. [[132, 6] | [132, 6]].
2024-10-18 09:30:41.800 [info] Active editor: file:///opt/lampp/htdocs/ktra/src/index.php
2024-10-18 09:31:39.417 [info] Executing :w
2024-10-18 09:31:52.059 [info] /opt/lampp/htdocs/ktra/package.json closed
2024-10-18 09:31:52.082 [info] Active editor: file:///opt/lampp/htdocs/ktra/src/create.php
2024-10-18 09:31:57.069 [info] Executing :w
2024-10-18 09:32:02.756 [info] Executing :w
2024-10-18 09:32:14.008 [info] Executing :w
2024-10-18 09:33:24.646 [info] /embeded.embeddedhtml closed
2024-10-18 09:33:41.877 [info] /embeded.embeddedhtml closed
