2024-10-21 22:42:33.127 [info] Extension host with pid 27595 started
2024-10-21 22:42:33.127 [info] Skipping acquiring lock for /home/hplat/.config/Code/User/workspaceStorage/0dff8024636214fa6f15b61a3f5bf946.
2024-10-21 22:42:33.438 [info] ExtensionService#_doActivateExtension vscode.emmet, startup: false, activationEvent: 'onLanguage'
2024-10-21 22:42:33.456 [info] ExtensionService#_doActivateExtension vscode.php-language-features, startup: false, activationEvent: 'onLanguage:php'
2024-10-21 22:42:33.469 [info] ExtensionService#_doActivateExtension anteprimorac.html-end-tag-labels, startup: false, activationEvent: 'onLanguage:php'
2024-10-21 22:42:33.741 [info] ExtensionService#_doActivateExtension bmewburn.vscode-intelephense-client, startup: false, activationEvent: 'onLanguage:php'
2024-10-21 22:42:33.776 [info] ExtensionService#_doActivateExtension DEVSENSE.intelli-php-vscode, startup: false, activationEvent: 'onLanguage:php'
2024-10-21 22:42:33.818 [info] ExtensionService#_doActivateExtension DEVSENSE.phptools-vscode, startup: false, activationEvent: 'onLanguage:php'
2024-10-21 22:42:33.923 [info] ExtensionService#_doActivateExtension zobo.php-intellisense, startup: false, activationEvent: 'onLanguage:php'
2024-10-21 22:42:34.291 [info] ExtensionService#_doActivateExtension vscode.github-authentication, startup: false, activationEvent: 'onAuthenticationRequest:github'
2024-10-21 22:42:34.331 [info] ExtensionService#_doActivateExtension vscode.git-base, startup: true, activationEvent: '*', root cause: vscode.git
2024-10-21 22:42:34.334 [info] ExtensionService#_doActivateExtension formulahendry.auto-close-tag, startup: true, activationEvent: '*'
2024-10-21 22:42:34.336 [info] ExtensionService#_doActivateExtension formulahendry.auto-rename-tag, startup: true, activationEvent: '*'
2024-10-21 22:42:34.363 [info] ExtensionService#_doActivateExtension mhutchie.git-graph, startup: true, activationEvent: '*'
2024-10-21 22:42:34.396 [info] ExtensionService#_doActivateExtension oderwat.indent-rainbow, startup: true, activationEvent: '*'
2024-10-21 22:42:34.398 [info] ExtensionService#_doActivateExtension rafamel.subtle-brackets, startup: true, activationEvent: '*'
2024-10-21 22:42:34.634 [info] ExtensionService#_doActivateExtension vscode.git, startup: true, activationEvent: '*'
2024-10-21 22:42:34.706 [info] ExtensionService#_doActivateExtension vscode.github, startup: true, activationEvent: '*'
2024-10-21 22:42:34.798 [info] ExtensionService#_doActivateExtension vscode.configuration-editing, startup: false, activationEvent: 'onLanguage:jsonc'
2024-10-21 22:42:34.839 [info] ExtensionService#_doActivateExtension vscode.json-language-features, startup: false, activationEvent: 'onLanguage:jsonc'
2024-10-21 22:42:34.897 [info] ExtensionService#_doActivateExtension vscode.typescript-language-features, startup: false, activationEvent: 'onLanguage:jsonc'
2024-10-21 22:42:35.219 [info] Eager extensions activated
2024-10-21 22:42:35.266 [info] ExtensionService#_doActivateExtension vscode.debug-auto-launch, startup: false, activationEvent: 'onStartupFinished'
2024-10-21 22:42:35.270 [info] ExtensionService#_doActivateExtension vscode.merge-conflict, startup: false, activationEvent: 'onStartupFinished'
2024-10-21 22:42:35.320 [info] ExtensionService#_doActivateExtension bradlc.vscode-tailwindcss, startup: false, activationEvent: 'onStartupFinished'
2024-10-21 22:42:35.382 [info] ExtensionService#_doActivateExtension dsznajder.es7-react-js-snippets, startup: false, activationEvent: 'onStartupFinished'
2024-10-21 22:42:35.766 [info] ExtensionService#_doActivateExtension eamodio.gitlens, startup: false, activationEvent: 'onStartupFinished'
2024-10-21 22:42:35.875 [info] ExtensionService#_doActivateExtension ecmel.vscode-html-css, startup: false, activationEvent: 'onStartupFinished'
2024-10-21 22:42:35.876 [info] ExtensionService#_doActivateExtension esbenp.prettier-vscode, startup: false, activationEvent: 'onStartupFinished'
2024-10-21 22:42:35.935 [info] ExtensionService#_doActivateExtension formulahendry.code-runner, startup: false, activationEvent: 'onStartupFinished'
2024-10-21 22:42:35.963 [info] ExtensionService#_doActivateExtension ritwickdey.LiveServer, startup: false, activationEvent: 'onStartupFinished'
2024-10-21 22:42:35.971 [info] ExtensionService#_doActivateExtension tonybaloney.vscode-pets, startup: false, activationEvent: 'onStartupFinished'
2024-10-21 22:42:35.985 [info] ExtensionService#_doActivateExtension vscodevim.vim, startup: false, activationEvent: 'onStartupFinished'
2024-10-21 22:42:39.836 [info] Extension host terminating: renderer closed the MessagePort
2024-10-21 22:42:39.855 [error] An error occurred when disposing the subscriptions for extension 'bmewburn.vscode-intelephense-client':
2024-10-21 22:42:39.855 [error] TypeError: Cannot read private member #e from an object whose class did not declare it
    at Object.dispose (file:///opt/visual-studio-code/resources/app/out/vs/workbench/api/node/extensionHostProcess.js:108:20068)
    at Si (file:///opt/visual-studio-code/resources/app/out/vs/workbench/api/node/extensionHostProcess.js:24:701)
    at file:///opt/visual-studio-code/resources/app/out/vs/workbench/api/node/extensionHostProcess.js:118:14995
    at file:///opt/visual-studio-code/resources/app/out/vs/workbench/api/node/extensionHostProcess.js:24:1011
    at Object.dispose (file:///opt/visual-studio-code/resources/app/out/vs/workbench/api/node/extensionHostProcess.js:7:2146)
    at hB.eb (file:///opt/visual-studio-code/resources/app/out/vs/workbench/api/node/extensionHostProcess.js:118:11922)
    at file:///opt/visual-studio-code/resources/app/out/vs/workbench/api/node/extensionHostProcess.js:118:9877
    at Array.map (<anonymous>)
    at hB.$ (file:///opt/visual-studio-code/resources/app/out/vs/workbench/api/node/extensionHostProcess.js:118:9865)
    at hB.terminate (file:///opt/visual-studio-code/resources/app/out/vs/workbench/api/node/extensionHostProcess.js:118:10108)
    at M3.terminate (file:///opt/visual-studio-code/resources/app/out/vs/workbench/api/node/extensionHostProcess.js:119:1424)
    at ps (file:///opt/visual-studio-code/resources/app/out/vs/workbench/api/node/extensionHostProcess.js:174:15058)
    at MessagePortMain.<anonymous> (file:///opt/visual-studio-code/resources/app/out/vs/workbench/api/node/extensionHostProcess.js:174:11603)
    at MessagePortMain.emit (node:events:519:28)
    at Object.MessagePortMain._internalPort.emit (node:electron/js2c/utility_init:2:2619)
2024-10-21 22:42:39.865 [error] An error occurred when deactivating the extension 'rafamel.subtle-brackets':
2024-10-21 22:42:39.865 [error] TypeError: Cannot read properties of undefined (reading 'subscriptions')
    at Object.deactivate (/home/hplat/.vscode/extensions/rafamel.subtle-brackets-3.0.0/out/extension.js:42:13)
    at hB.eb (file:///opt/visual-studio-code/resources/app/out/vs/workbench/api/node/extensionHostProcess.js:118:11727)
    at file:///opt/visual-studio-code/resources/app/out/vs/workbench/api/node/extensionHostProcess.js:118:9877
    at Array.map (<anonymous>)
    at hB.$ (file:///opt/visual-studio-code/resources/app/out/vs/workbench/api/node/extensionHostProcess.js:118:9865)
    at hB.terminate (file:///opt/visual-studio-code/resources/app/out/vs/workbench/api/node/extensionHostProcess.js:118:10108)
    at M3.terminate (file:///opt/visual-studio-code/resources/app/out/vs/workbench/api/node/extensionHostProcess.js:119:1424)
    at ps (file:///opt/visual-studio-code/resources/app/out/vs/workbench/api/node/extensionHostProcess.js:174:15058)
    at MessagePortMain.<anonymous> (file:///opt/visual-studio-code/resources/app/out/vs/workbench/api/node/extensionHostProcess.js:174:11603)
    at MessagePortMain.emit (node:events:519:28)
    at Object.MessagePortMain._internalPort.emit (node:electron/js2c/utility_init:2:2619)
2024-10-21 22:42:39.879 [error] Canceled: Canceled
    at new eA (file:///opt/visual-studio-code/resources/app/out/vs/workbench/api/node/extensionHostProcess.js:31:109321)
    at Zb.U (file:///opt/visual-studio-code/resources/app/out/vs/workbench/api/node/extensionHostProcess.js:31:113933)
    at Proxy.s.<computed>.n.charCodeAt.s.<computed> (file:///opt/visual-studio-code/resources/app/out/vs/workbench/api/node/extensionHostProcess.js:31:111427)
    at T0.g (file:///opt/visual-studio-code/resources/app/out/vs/workbench/api/node/extensionHostProcess.js:114:32325)
    at T0.executeCommand (file:///opt/visual-studio-code/resources/app/out/vs/workbench/api/node/extensionHostProcess.js:114:31826)
    at r.registerCommand.description (file:///opt/visual-studio-code/resources/app/out/vs/workbench/api/node/extensionHostProcess.js:114:31156)
    at T0.h (file:///opt/visual-studio-code/resources/app/out/vs/workbench/api/node/extensionHostProcess.js:114:32845)
    at T0.g (file:///opt/visual-studio-code/resources/app/out/vs/workbench/api/node/extensionHostProcess.js:114:31919)
    at T0.executeCommand (file:///opt/visual-studio-code/resources/app/out/vs/workbench/api/node/extensionHostProcess.js:114:31826)
    at Object.executeCommand (file:///opt/visual-studio-code/resources/app/out/vs/workbench/api/node/extensionHostProcess.js:156:37049)
    at f (/home/hplat/.vscode/extensions/eamodio.gitlens-15.6.2/dist/gitlens.js:1492:13980)
    at c (/home/hplat/.vscode/extensions/eamodio.gitlens-15.6.2/dist/gitlens.js:1492:18539)
    at ActionRunners._updateContextKeys (/home/hplat/.vscode/extensions/eamodio.gitlens-15.6.2/dist/gitlens.js:1107:65658)
    at s (/home/hplat/.vscode/extensions/eamodio.gitlens-15.6.2/dist/gitlens.js:1107:64102)
    at RegisteredActionRunner.unregister (/home/hplat/.vscode/extensions/eamodio.gitlens-15.6.2/dist/gitlens.js:1107:64245)
    at RegisteredActionRunner.dispose (/home/hplat/.vscode/extensions/eamodio.gitlens-15.6.2/dist/gitlens.js:1107:62899)
    at ActionRunners.dispose (/home/hplat/.vscode/extensions/eamodio.gitlens-15.6.2/dist/gitlens.js:1107:63685)
    at /home/hplat/.vscode/extensions/eamodio.gitlens-15.6.2/dist/gitlens.js:1448:19218
    at Array.forEach (<anonymous>)
    at Object.dispose (/home/hplat/.vscode/extensions/eamodio.gitlens-15.6.2/dist/gitlens.js:1448:19200)
    at Si (file:///opt/visual-studio-code/resources/app/out/vs/workbench/api/node/extensionHostProcess.js:24:701)
    at file:///opt/visual-studio-code/resources/app/out/vs/workbench/api/node/extensionHostProcess.js:118:14995
    at file:///opt/visual-studio-code/resources/app/out/vs/workbench/api/node/extensionHostProcess.js:24:1011
    at Object.dispose (file:///opt/visual-studio-code/resources/app/out/vs/workbench/api/node/extensionHostProcess.js:7:2146)
    at hB.eb (file:///opt/visual-studio-code/resources/app/out/vs/workbench/api/node/extensionHostProcess.js:118:11922)
    at file:///opt/visual-studio-code/resources/app/out/vs/workbench/api/node/extensionHostProcess.js:118:9877
    at Array.map (<anonymous>)
    at hB.$ (file:///opt/visual-studio-code/resources/app/out/vs/workbench/api/node/extensionHostProcess.js:118:9865)
    at hB.terminate (file:///opt/visual-studio-code/resources/app/out/vs/workbench/api/node/extensionHostProcess.js:118:10108)
    at M3.terminate (file:///opt/visual-studio-code/resources/app/out/vs/workbench/api/node/extensionHostProcess.js:119:1424)
    at ps (file:///opt/visual-studio-code/resources/app/out/vs/workbench/api/node/extensionHostProcess.js:174:15058)
    at MessagePortMain.<anonymous> (file:///opt/visual-studio-code/resources/app/out/vs/workbench/api/node/extensionHostProcess.js:174:11603)
    at MessagePortMain.emit (node:events:519:28)
    at Object.MessagePortMain._internalPort.emit (node:electron/js2c/utility_init:2:2619) setContext undefined
2024-10-21 22:42:39.879 [error] Canceled: Canceled
    at new eA (file:///opt/visual-studio-code/resources/app/out/vs/workbench/api/node/extensionHostProcess.js:31:109321)
    at Zb.U (file:///opt/visual-studio-code/resources/app/out/vs/workbench/api/node/extensionHostProcess.js:31:113933)
    at Proxy.s.<computed>.n.charCodeAt.s.<computed> (file:///opt/visual-studio-code/resources/app/out/vs/workbench/api/node/extensionHostProcess.js:31:111427)
    at T0.g (file:///opt/visual-studio-code/resources/app/out/vs/workbench/api/node/extensionHostProcess.js:114:32325)
    at T0.executeCommand (file:///opt/visual-studio-code/resources/app/out/vs/workbench/api/node/extensionHostProcess.js:114:31826)
    at r.registerCommand.description (file:///opt/visual-studio-code/resources/app/out/vs/workbench/api/node/extensionHostProcess.js:114:31156)
    at T0.h (file:///opt/visual-studio-code/resources/app/out/vs/workbench/api/node/extensionHostProcess.js:114:32845)
    at T0.g (file:///opt/visual-studio-code/resources/app/out/vs/workbench/api/node/extensionHostProcess.js:114:31919)
    at T0.executeCommand (file:///opt/visual-studio-code/resources/app/out/vs/workbench/api/node/extensionHostProcess.js:114:31826)
    at Object.executeCommand (file:///opt/visual-studio-code/resources/app/out/vs/workbench/api/node/extensionHostProcess.js:156:37049)
    at f (/home/hplat/.vscode/extensions/eamodio.gitlens-15.6.2/dist/gitlens.js:1492:13980)
    at c (/home/hplat/.vscode/extensions/eamodio.gitlens-15.6.2/dist/gitlens.js:1492:18539)
    at ActionRunners._updateContextKeys (/home/hplat/.vscode/extensions/eamodio.gitlens-15.6.2/dist/gitlens.js:1107:65658)
    at s (/home/hplat/.vscode/extensions/eamodio.gitlens-15.6.2/dist/gitlens.js:1107:64102)
    at RegisteredActionRunner.unregister (/home/hplat/.vscode/extensions/eamodio.gitlens-15.6.2/dist/gitlens.js:1107:64245)
    at RegisteredActionRunner.dispose (/home/hplat/.vscode/extensions/eamodio.gitlens-15.6.2/dist/gitlens.js:1107:62899)
    at ActionRunners.dispose (/home/hplat/.vscode/extensions/eamodio.gitlens-15.6.2/dist/gitlens.js:1107:63685)
    at /home/hplat/.vscode/extensions/eamodio.gitlens-15.6.2/dist/gitlens.js:1448:19218
    at Array.forEach (<anonymous>)
    at Object.dispose (/home/hplat/.vscode/extensions/eamodio.gitlens-15.6.2/dist/gitlens.js:1448:19200)
    at Si (file:///opt/visual-studio-code/resources/app/out/vs/workbench/api/node/extensionHostProcess.js:24:701)
    at file:///opt/visual-studio-code/resources/app/out/vs/workbench/api/node/extensionHostProcess.js:118:14995
    at file:///opt/visual-studio-code/resources/app/out/vs/workbench/api/node/extensionHostProcess.js:24:1011
    at Object.dispose (file:///opt/visual-studio-code/resources/app/out/vs/workbench/api/node/extensionHostProcess.js:7:2146)
    at hB.eb (file:///opt/visual-studio-code/resources/app/out/vs/workbench/api/node/extensionHostProcess.js:118:11922)
    at file:///opt/visual-studio-code/resources/app/out/vs/workbench/api/node/extensionHostProcess.js:118:9877
    at Array.map (<anonymous>)
    at hB.$ (file:///opt/visual-studio-code/resources/app/out/vs/workbench/api/node/extensionHostProcess.js:118:9865)
    at hB.terminate (file:///opt/visual-studio-code/resources/app/out/vs/workbench/api/node/extensionHostProcess.js:118:10108)
    at M3.terminate (file:///opt/visual-studio-code/resources/app/out/vs/workbench/api/node/extensionHostProcess.js:119:1424)
    at ps (file:///opt/visual-studio-code/resources/app/out/vs/workbench/api/node/extensionHostProcess.js:174:15058)
    at MessagePortMain.<anonymous> (file:///opt/visual-studio-code/resources/app/out/vs/workbench/api/node/extensionHostProcess.js:174:11603)
    at MessagePortMain.emit (node:events:519:28)
    at Object.MessagePortMain._internalPort.emit (node:electron/js2c/utility_init:2:2619) setContext undefined
2024-10-21 22:42:39.880 [error] Canceled: Canceled
    at new eA (file:///opt/visual-studio-code/resources/app/out/vs/workbench/api/node/extensionHostProcess.js:31:109321)
    at Zb.U (file:///opt/visual-studio-code/resources/app/out/vs/workbench/api/node/extensionHostProcess.js:31:113933)
    at Proxy.s.<computed>.n.charCodeAt.s.<computed> (file:///opt/visual-studio-code/resources/app/out/vs/workbench/api/node/extensionHostProcess.js:31:111427)
    at T0.g (file:///opt/visual-studio-code/resources/app/out/vs/workbench/api/node/extensionHostProcess.js:114:32325)
    at T0.executeCommand (file:///opt/visual-studio-code/resources/app/out/vs/workbench/api/node/extensionHostProcess.js:114:31826)
    at r.registerCommand.description (file:///opt/visual-studio-code/resources/app/out/vs/workbench/api/node/extensionHostProcess.js:114:31156)
    at T0.h (file:///opt/visual-studio-code/resources/app/out/vs/workbench/api/node/extensionHostProcess.js:114:32845)
    at T0.g (file:///opt/visual-studio-code/resources/app/out/vs/workbench/api/node/extensionHostProcess.js:114:31919)
    at T0.executeCommand (file:///opt/visual-studio-code/resources/app/out/vs/workbench/api/node/extensionHostProcess.js:114:31826)
    at Object.executeCommand (file:///opt/visual-studio-code/resources/app/out/vs/workbench/api/node/extensionHostProcess.js:156:37049)
    at f (/home/hplat/.vscode/extensions/eamodio.gitlens-15.6.2/dist/gitlens.js:1492:13980)
    at c (/home/hplat/.vscode/extensions/eamodio.gitlens-15.6.2/dist/gitlens.js:1492:18539)
    at ActionRunners._updateContextKeys (/home/hplat/.vscode/extensions/eamodio.gitlens-15.6.2/dist/gitlens.js:1107:65658)
    at s (/home/hplat/.vscode/extensions/eamodio.gitlens-15.6.2/dist/gitlens.js:1107:64102)
    at RegisteredActionRunner.unregister (/home/hplat/.vscode/extensions/eamodio.gitlens-15.6.2/dist/gitlens.js:1107:64245)
    at RegisteredActionRunner.dispose (/home/hplat/.vscode/extensions/eamodio.gitlens-15.6.2/dist/gitlens.js:1107:62899)
    at ActionRunners.dispose (/home/hplat/.vscode/extensions/eamodio.gitlens-15.6.2/dist/gitlens.js:1107:63685)
    at /home/hplat/.vscode/extensions/eamodio.gitlens-15.6.2/dist/gitlens.js:1448:19218
    at Array.forEach (<anonymous>)
    at Object.dispose (/home/hplat/.vscode/extensions/eamodio.gitlens-15.6.2/dist/gitlens.js:1448:19200)
    at Si (file:///opt/visual-studio-code/resources/app/out/vs/workbench/api/node/extensionHostProcess.js:24:701)
    at file:///opt/visual-studio-code/resources/app/out/vs/workbench/api/node/extensionHostProcess.js:118:14995
    at file:///opt/visual-studio-code/resources/app/out/vs/workbench/api/node/extensionHostProcess.js:24:1011
    at Object.dispose (file:///opt/visual-studio-code/resources/app/out/vs/workbench/api/node/extensionHostProcess.js:7:2146)
    at hB.eb (file:///opt/visual-studio-code/resources/app/out/vs/workbench/api/node/extensionHostProcess.js:118:11922)
    at file:///opt/visual-studio-code/resources/app/out/vs/workbench/api/node/extensionHostProcess.js:118:9877
    at Array.map (<anonymous>)
    at hB.$ (file:///opt/visual-studio-code/resources/app/out/vs/workbench/api/node/extensionHostProcess.js:118:9865)
    at hB.terminate (file:///opt/visual-studio-code/resources/app/out/vs/workbench/api/node/extensionHostProcess.js:118:10108)
    at M3.terminate (file:///opt/visual-studio-code/resources/app/out/vs/workbench/api/node/extensionHostProcess.js:119:1424)
    at ps (file:///opt/visual-studio-code/resources/app/out/vs/workbench/api/node/extensionHostProcess.js:174:15058)
    at MessagePortMain.<anonymous> (file:///opt/visual-studio-code/resources/app/out/vs/workbench/api/node/extensionHostProcess.js:174:11603)
    at MessagePortMain.emit (node:events:519:28)
    at Object.MessagePortMain._internalPort.emit (node:electron/js2c/utility_init:2:2619) setContext undefined
2024-10-21 22:42:39.884 [error] Canceled: Canceled
    at new eA (file:///opt/visual-studio-code/resources/app/out/vs/workbench/api/node/extensionHostProcess.js:31:109321)
    at Zb.U (file:///opt/visual-studio-code/resources/app/out/vs/workbench/api/node/extensionHostProcess.js:31:113933)
    at Proxy.s.<computed>.n.charCodeAt.s.<computed> (file:///opt/visual-studio-code/resources/app/out/vs/workbench/api/node/extensionHostProcess.js:31:111427)
    at T0.g (file:///opt/visual-studio-code/resources/app/out/vs/workbench/api/node/extensionHostProcess.js:114:32325)
    at T0.executeCommand (file:///opt/visual-studio-code/resources/app/out/vs/workbench/api/node/extensionHostProcess.js:114:31826)
    at r.registerCommand.description (file:///opt/visual-studio-code/resources/app/out/vs/workbench/api/node/extensionHostProcess.js:114:31156)
    at T0.h (file:///opt/visual-studio-code/resources/app/out/vs/workbench/api/node/extensionHostProcess.js:114:32845)
    at T0.g (file:///opt/visual-studio-code/resources/app/out/vs/workbench/api/node/extensionHostProcess.js:114:31919)
    at T0.executeCommand (file:///opt/visual-studio-code/resources/app/out/vs/workbench/api/node/extensionHostProcess.js:114:31826)
    at Object.executeCommand (file:///opt/visual-studio-code/resources/app/out/vs/workbench/api/node/extensionHostProcess.js:156:37049)
    at pE (/home/hplat/.vscode/extensions/bradlc.vscode-tailwindcss-0.12.11/dist/extension.js:40:8772)
    at Ne (/home/hplat/.vscode/extensions/bradlc.vscode-tailwindcss-0.12.11/dist/extension.js:4:1357)
    at me (/home/hplat/.vscode/extensions/bradlc.vscode-tailwindcss-0.12.11/dist/extension.js:3:6845)
    at Immediate.<anonymous> (/home/hplat/.vscode/extensions/bradlc.vscode-tailwindcss-0.12.11/dist/extension.js:3:6723)
    at processImmediate (node:internal/timers:483:21) setContext undefined
2024-10-21 22:42:40.788 [info] Extension host with pid 27898 started
2024-10-21 22:42:40.788 [info] Skipping acquiring lock for /home/hplat/.config/Code/User/workspaceStorage/0dff8024636214fa6f15b61a3f5bf946.
2024-10-21 22:42:40.857 [info] ExtensionService#_doActivateExtension vscode.git-base, startup: true, activationEvent: '*', root cause: vscode.git
2024-10-21 22:42:40.861 [info] ExtensionService#_doActivateExtension christian-kohler.path-intellisense, startup: true, activationEvent: '*'
2024-10-21 22:42:40.886 [info] ExtensionService#_doActivateExtension formulahendry.auto-close-tag, startup: true, activationEvent: '*'
2024-10-21 22:42:40.888 [info] ExtensionService#_doActivateExtension formulahendry.auto-rename-tag, startup: true, activationEvent: '*'
2024-10-21 22:42:40.889 [error] Error: write after end
    at _write (node:internal/streams/writable:487:11)
    at Socket.Writable.write (node:internal/streams/writable:508:10)
    at /home/hplat/.vscode/extensions/devsense.intelli-php-vscode-0.12.15062-linux-x64/out/src/extension.js:25:3101
    at new Promise (<anonymous>)
    at jg.write (/home/hplat/.vscode/extensions/devsense.intelli-php-vscode-0.12.15062-linux-x64/out/src/extension.js:25:3022)
    at mf.doWrite (/home/hplat/.vscode/extensions/devsense.intelli-php-vscode-0.12.15062-linux-x64/out/src/extension.js:26:1687)
    at /home/hplat/.vscode/extensions/devsense.intelli-php-vscode-0.12.15062-linux-x64/out/src/extension.js:26:1586
    at runNextTicks (node:internal/process/task_queues:60:5)
    at processImmediate (node:internal/timers:454:9)
2024-10-21 22:42:40.909 [info] ExtensionService#_doActivateExtension mhutchie.git-graph, startup: true, activationEvent: '*'
2024-10-21 22:42:40.916 [error] Error: write after end
    at _write (node:internal/streams/writable:487:11)
    at Socket.Writable.write (node:internal/streams/writable:508:10)
    at /home/hplat/.vscode/extensions/devsense.phptools-vscode-1.51.16099-linux-x64/out/src/extension.js:74:3107
    at new Promise (<anonymous>)
    at GR.write (/home/hplat/.vscode/extensions/devsense.phptools-vscode-1.51.16099-linux-x64/out/src/extension.js:74:3028)
    at qg.doWrite (/home/hplat/.vscode/extensions/devsense.phptools-vscode-1.51.16099-linux-x64/out/src/extension.js:75:1691)
    at /home/hplat/.vscode/extensions/devsense.phptools-vscode-1.51.16099-linux-x64/out/src/extension.js:75:1590
2024-10-21 22:42:40.920 [info] ExtensionService#_doActivateExtension oderwat.indent-rainbow, startup: true, activationEvent: '*'
2024-10-21 22:42:40.921 [info] ExtensionService#_doActivateExtension rafamel.subtle-brackets, startup: true, activationEvent: '*'
2024-10-21 22:42:40.934 [info] ExtensionService#_doActivateExtension vscode.emmet, startup: false, activationEvent: 'onLanguage'
2024-10-21 22:42:40.944 [info] ExtensionService#_doActivateExtension vscode.php-language-features, startup: false, activationEvent: 'onLanguage:php'
2024-10-21 22:42:40.954 [info] ExtensionService#_doActivateExtension anteprimorac.html-end-tag-labels, startup: false, activationEvent: 'onLanguage:php'
2024-10-21 22:42:41.094 [info] ExtensionService#_doActivateExtension vscode.github-authentication, startup: false, activationEvent: 'onAuthenticationRequest:github'
2024-10-21 22:42:41.118 [info] ExtensionService#_doActivateExtension vscode.configuration-editing, startup: false, activationEvent: 'onLanguage:jsonc'
2024-10-21 22:42:41.127 [info] ExtensionService#_doActivateExtension vscode.json-language-features, startup: false, activationEvent: 'onLanguage:jsonc'
2024-10-21 22:42:41.165 [info] ExtensionService#_doActivateExtension vscode.typescript-language-features, startup: false, activationEvent: 'onLanguage:jsonc'
2024-10-21 22:42:41.206 [info] ExtensionService#_doActivateExtension ecmel.vscode-html-css, startup: false, activationEvent: 'onCommand:vscode-html-css.validate'
2024-10-21 22:42:41.207 [info] ExtensionService#_doActivateExtension tonybaloney.vscode-pets, startup: false, activationEvent: 'onView:petsView'
2024-10-21 22:42:41.232 [info] Extension host with pid 27595 exiting with code 0
2024-10-21 22:42:41.371 [info] ExtensionService#_doActivateExtension vscode.git, startup: true, activationEvent: '*'
2024-10-21 22:42:41.430 [info] ExtensionService#_doActivateExtension vscode.github, startup: true, activationEvent: '*'
2024-10-21 22:42:41.548 [info] Eager extensions activated
2024-10-21 22:42:41.584 [info] ExtensionService#_doActivateExtension vscode.debug-auto-launch, startup: false, activationEvent: 'onStartupFinished'
2024-10-21 22:42:41.585 [info] ExtensionService#_doActivateExtension vscode.merge-conflict, startup: false, activationEvent: 'onStartupFinished'
2024-10-21 22:42:41.598 [info] ExtensionService#_doActivateExtension atommaterial.a-file-icon-vscode, startup: false, activationEvent: 'onStartupFinished'
2024-10-21 22:42:41.637 [info] ExtensionService#_doActivateExtension bradlc.vscode-tailwindcss, startup: false, activationEvent: 'onStartupFinished'
2024-10-21 22:42:41.672 [info] ExtensionService#_doActivateExtension dsznajder.es7-react-js-snippets, startup: false, activationEvent: 'onStartupFinished'
2024-10-21 22:42:42.011 [info] ExtensionService#_doActivateExtension eamodio.gitlens, startup: false, activationEvent: 'onStartupFinished'
2024-10-21 22:42:42.125 [info] ExtensionService#_doActivateExtension esbenp.prettier-vscode, startup: false, activationEvent: 'onStartupFinished'
2024-10-21 22:42:42.179 [info] ExtensionService#_doActivateExtension formulahendry.code-runner, startup: false, activationEvent: 'onStartupFinished'
2024-10-21 22:42:42.190 [info] ExtensionService#_doActivateExtension ritwickdey.LiveServer, startup: false, activationEvent: 'onStartupFinished'
2024-10-21 22:42:42.194 [info] ExtensionService#_doActivateExtension vscodevim.vim, startup: false, activationEvent: 'onStartupFinished'
2024-10-21 22:42:52.101 [info] ExtensionService#_doActivateExtension christian-kohler.npm-intellisense, startup: false, activationEvent: 'onLanguage:javascript'
2024-10-21 22:42:52.119 [info] ExtensionService#_doActivateExtension VisualStudioExptTeam.intellicode-api-usage-examples, startup: false, activationEvent: 'onLanguage:javascript'
2024-10-21 22:42:52.241 [info] ExtensionService#_doActivateExtension VisualStudioExptTeam.vscodeintellicode, startup: false, activationEvent: 'onLanguage:javascript'
2024-10-21 22:42:52.780 [warning] TextEditor is closed/disposed
2024-10-21 22:50:54.222 [info] ExtensionService#_doActivateExtension adam-bender.commit-message-editor, startup: false, activationEvent: 'onCommand:commitMessageEditor.openSettingsPage'
2024-10-21 22:51:06.841 [warning] TextEditor is closed/disposed
2024-10-21 22:51:51.466 [info] ExtensionService#_doActivateExtension vscode.media-preview, startup: false, activationEvent: 'onCustomEditor:imagePreview.previewEditor'
2024-10-21 22:51:52.828 [info] Extension host terminating: renderer closed the MessagePort
2024-10-21 22:51:52.868 [error] An error occurred when deactivating the extension 'rafamel.subtle-brackets':
2024-10-21 22:51:52.868 [error] TypeError: Cannot read properties of undefined (reading 'subscriptions')
    at Object.deactivate (/home/hplat/.vscode/extensions/rafamel.subtle-brackets-3.0.0/out/extension.js:42:13)
    at hB.eb (file:///opt/visual-studio-code/resources/app/out/vs/workbench/api/node/extensionHostProcess.js:118:11727)
    at file:///opt/visual-studio-code/resources/app/out/vs/workbench/api/node/extensionHostProcess.js:118:9877
    at Array.map (<anonymous>)
    at hB.$ (file:///opt/visual-studio-code/resources/app/out/vs/workbench/api/node/extensionHostProcess.js:118:9865)
    at hB.terminate (file:///opt/visual-studio-code/resources/app/out/vs/workbench/api/node/extensionHostProcess.js:118:10108)
    at M3.terminate (file:///opt/visual-studio-code/resources/app/out/vs/workbench/api/node/extensionHostProcess.js:119:1424)
    at ps (file:///opt/visual-studio-code/resources/app/out/vs/workbench/api/node/extensionHostProcess.js:174:15058)
    at MessagePortMain.<anonymous> (file:///opt/visual-studio-code/resources/app/out/vs/workbench/api/node/extensionHostProcess.js:174:11603)
    at MessagePortMain.emit (node:events:519:28)
    at MessagePortMain.emit (node:domain:488:12)
    at Object.MessagePortMain._internalPort.emit (node:electron/js2c/utility_init:2:2619)
2024-10-21 22:51:52.882 [error] Canceled: Canceled
    at new eA (file:///opt/visual-studio-code/resources/app/out/vs/workbench/api/node/extensionHostProcess.js:31:109321)
    at Zb.U (file:///opt/visual-studio-code/resources/app/out/vs/workbench/api/node/extensionHostProcess.js:31:113933)
    at Proxy.s.<computed>.n.charCodeAt.s.<computed> (file:///opt/visual-studio-code/resources/app/out/vs/workbench/api/node/extensionHostProcess.js:31:111427)
    at T0.g (file:///opt/visual-studio-code/resources/app/out/vs/workbench/api/node/extensionHostProcess.js:114:32325)
    at T0.executeCommand (file:///opt/visual-studio-code/resources/app/out/vs/workbench/api/node/extensionHostProcess.js:114:31826)
    at r.registerCommand.description (file:///opt/visual-studio-code/resources/app/out/vs/workbench/api/node/extensionHostProcess.js:114:31156)
    at T0.h (file:///opt/visual-studio-code/resources/app/out/vs/workbench/api/node/extensionHostProcess.js:114:32845)
    at T0.g (file:///opt/visual-studio-code/resources/app/out/vs/workbench/api/node/extensionHostProcess.js:114:31919)
    at T0.executeCommand (file:///opt/visual-studio-code/resources/app/out/vs/workbench/api/node/extensionHostProcess.js:114:31826)
    at Object.executeCommand (file:///opt/visual-studio-code/resources/app/out/vs/workbench/api/node/extensionHostProcess.js:156:37049)
    at f (/home/hplat/.vscode/extensions/eamodio.gitlens-15.6.2/dist/gitlens.js:1492:13980)
    at c (/home/hplat/.vscode/extensions/eamodio.gitlens-15.6.2/dist/gitlens.js:1492:18539)
    at ActionRunners._updateContextKeys (/home/hplat/.vscode/extensions/eamodio.gitlens-15.6.2/dist/gitlens.js:1107:65658)
    at s (/home/hplat/.vscode/extensions/eamodio.gitlens-15.6.2/dist/gitlens.js:1107:64102)
    at RegisteredActionRunner.unregister (/home/hplat/.vscode/extensions/eamodio.gitlens-15.6.2/dist/gitlens.js:1107:64245)
    at RegisteredActionRunner.dispose (/home/hplat/.vscode/extensions/eamodio.gitlens-15.6.2/dist/gitlens.js:1107:62899)
    at ActionRunners.dispose (/home/hplat/.vscode/extensions/eamodio.gitlens-15.6.2/dist/gitlens.js:1107:63685)
    at /home/hplat/.vscode/extensions/eamodio.gitlens-15.6.2/dist/gitlens.js:1448:19218
    at Array.forEach (<anonymous>)
    at Object.dispose (/home/hplat/.vscode/extensions/eamodio.gitlens-15.6.2/dist/gitlens.js:1448:19200)
    at Si (file:///opt/visual-studio-code/resources/app/out/vs/workbench/api/node/extensionHostProcess.js:24:701)
    at file:///opt/visual-studio-code/resources/app/out/vs/workbench/api/node/extensionHostProcess.js:118:14995
    at file:///opt/visual-studio-code/resources/app/out/vs/workbench/api/node/extensionHostProcess.js:24:1011
    at Object.dispose (file:///opt/visual-studio-code/resources/app/out/vs/workbench/api/node/extensionHostProcess.js:7:2146)
    at hB.eb (file:///opt/visual-studio-code/resources/app/out/vs/workbench/api/node/extensionHostProcess.js:118:11922)
    at file:///opt/visual-studio-code/resources/app/out/vs/workbench/api/node/extensionHostProcess.js:118:9877
    at Array.map (<anonymous>)
    at hB.$ (file:///opt/visual-studio-code/resources/app/out/vs/workbench/api/node/extensionHostProcess.js:118:9865)
    at hB.terminate (file:///opt/visual-studio-code/resources/app/out/vs/workbench/api/node/extensionHostProcess.js:118:10108)
    at M3.terminate (file:///opt/visual-studio-code/resources/app/out/vs/workbench/api/node/extensionHostProcess.js:119:1424)
    at ps (file:///opt/visual-studio-code/resources/app/out/vs/workbench/api/node/extensionHostProcess.js:174:15058)
    at MessagePortMain.<anonymous> (file:///opt/visual-studio-code/resources/app/out/vs/workbench/api/node/extensionHostProcess.js:174:11603)
    at MessagePortMain.emit (node:events:519:28)
    at MessagePortMain.emit (node:domain:488:12)
    at Object.MessagePortMain._internalPort.emit (node:electron/js2c/utility_init:2:2619) setContext undefined
2024-10-21 22:51:52.883 [error] Canceled: Canceled
    at new eA (file:///opt/visual-studio-code/resources/app/out/vs/workbench/api/node/extensionHostProcess.js:31:109321)
    at Zb.U (file:///opt/visual-studio-code/resources/app/out/vs/workbench/api/node/extensionHostProcess.js:31:113933)
    at Proxy.s.<computed>.n.charCodeAt.s.<computed> (file:///opt/visual-studio-code/resources/app/out/vs/workbench/api/node/extensionHostProcess.js:31:111427)
    at T0.g (file:///opt/visual-studio-code/resources/app/out/vs/workbench/api/node/extensionHostProcess.js:114:32325)
    at T0.executeCommand (file:///opt/visual-studio-code/resources/app/out/vs/workbench/api/node/extensionHostProcess.js:114:31826)
    at r.registerCommand.description (file:///opt/visual-studio-code/resources/app/out/vs/workbench/api/node/extensionHostProcess.js:114:31156)
    at T0.h (file:///opt/visual-studio-code/resources/app/out/vs/workbench/api/node/extensionHostProcess.js:114:32845)
    at T0.g (file:///opt/visual-studio-code/resources/app/out/vs/workbench/api/node/extensionHostProcess.js:114:31919)
    at T0.executeCommand (file:///opt/visual-studio-code/resources/app/out/vs/workbench/api/node/extensionHostProcess.js:114:31826)
    at Object.executeCommand (file:///opt/visual-studio-code/resources/app/out/vs/workbench/api/node/extensionHostProcess.js:156:37049)
    at f (/home/hplat/.vscode/extensions/eamodio.gitlens-15.6.2/dist/gitlens.js:1492:13980)
    at c (/home/hplat/.vscode/extensions/eamodio.gitlens-15.6.2/dist/gitlens.js:1492:18539)
    at ActionRunners._updateContextKeys (/home/hplat/.vscode/extensions/eamodio.gitlens-15.6.2/dist/gitlens.js:1107:65658)
    at s (/home/hplat/.vscode/extensions/eamodio.gitlens-15.6.2/dist/gitlens.js:1107:64102)
    at RegisteredActionRunner.unregister (/home/hplat/.vscode/extensions/eamodio.gitlens-15.6.2/dist/gitlens.js:1107:64245)
    at RegisteredActionRunner.dispose (/home/hplat/.vscode/extensions/eamodio.gitlens-15.6.2/dist/gitlens.js:1107:62899)
    at ActionRunners.dispose (/home/hplat/.vscode/extensions/eamodio.gitlens-15.6.2/dist/gitlens.js:1107:63685)
    at /home/hplat/.vscode/extensions/eamodio.gitlens-15.6.2/dist/gitlens.js:1448:19218
    at Array.forEach (<anonymous>)
    at Object.dispose (/home/hplat/.vscode/extensions/eamodio.gitlens-15.6.2/dist/gitlens.js:1448:19200)
    at Si (file:///opt/visual-studio-code/resources/app/out/vs/workbench/api/node/extensionHostProcess.js:24:701)
    at file:///opt/visual-studio-code/resources/app/out/vs/workbench/api/node/extensionHostProcess.js:118:14995
    at file:///opt/visual-studio-code/resources/app/out/vs/workbench/api/node/extensionHostProcess.js:24:1011
    at Object.dispose (file:///opt/visual-studio-code/resources/app/out/vs/workbench/api/node/extensionHostProcess.js:7:2146)
    at hB.eb (file:///opt/visual-studio-code/resources/app/out/vs/workbench/api/node/extensionHostProcess.js:118:11922)
    at file:///opt/visual-studio-code/resources/app/out/vs/workbench/api/node/extensionHostProcess.js:118:9877
    at Array.map (<anonymous>)
    at hB.$ (file:///opt/visual-studio-code/resources/app/out/vs/workbench/api/node/extensionHostProcess.js:118:9865)
    at hB.terminate (file:///opt/visual-studio-code/resources/app/out/vs/workbench/api/node/extensionHostProcess.js:118:10108)
    at M3.terminate (file:///opt/visual-studio-code/resources/app/out/vs/workbench/api/node/extensionHostProcess.js:119:1424)
    at ps (file:///opt/visual-studio-code/resources/app/out/vs/workbench/api/node/extensionHostProcess.js:174:15058)
    at MessagePortMain.<anonymous> (file:///opt/visual-studio-code/resources/app/out/vs/workbench/api/node/extensionHostProcess.js:174:11603)
    at MessagePortMain.emit (node:events:519:28)
    at MessagePortMain.emit (node:domain:488:12)
    at Object.MessagePortMain._internalPort.emit (node:electron/js2c/utility_init:2:2619) setContext undefined
2024-10-21 22:51:52.883 [error] Canceled: Canceled
    at new eA (file:///opt/visual-studio-code/resources/app/out/vs/workbench/api/node/extensionHostProcess.js:31:109321)
    at Zb.U (file:///opt/visual-studio-code/resources/app/out/vs/workbench/api/node/extensionHostProcess.js:31:113933)
    at Proxy.s.<computed>.n.charCodeAt.s.<computed> (file:///opt/visual-studio-code/resources/app/out/vs/workbench/api/node/extensionHostProcess.js:31:111427)
    at T0.g (file:///opt/visual-studio-code/resources/app/out/vs/workbench/api/node/extensionHostProcess.js:114:32325)
    at T0.executeCommand (file:///opt/visual-studio-code/resources/app/out/vs/workbench/api/node/extensionHostProcess.js:114:31826)
    at r.registerCommand.description (file:///opt/visual-studio-code/resources/app/out/vs/workbench/api/node/extensionHostProcess.js:114:31156)
    at T0.h (file:///opt/visual-studio-code/resources/app/out/vs/workbench/api/node/extensionHostProcess.js:114:32845)
    at T0.g (file:///opt/visual-studio-code/resources/app/out/vs/workbench/api/node/extensionHostProcess.js:114:31919)
    at T0.executeCommand (file:///opt/visual-studio-code/resources/app/out/vs/workbench/api/node/extensionHostProcess.js:114:31826)
    at Object.executeCommand (file:///opt/visual-studio-code/resources/app/out/vs/workbench/api/node/extensionHostProcess.js:156:37049)
    at f (/home/hplat/.vscode/extensions/eamodio.gitlens-15.6.2/dist/gitlens.js:1492:13980)
    at c (/home/hplat/.vscode/extensions/eamodio.gitlens-15.6.2/dist/gitlens.js:1492:18539)
    at ActionRunners._updateContextKeys (/home/hplat/.vscode/extensions/eamodio.gitlens-15.6.2/dist/gitlens.js:1107:65658)
    at s (/home/hplat/.vscode/extensions/eamodio.gitlens-15.6.2/dist/gitlens.js:1107:64102)
    at RegisteredActionRunner.unregister (/home/hplat/.vscode/extensions/eamodio.gitlens-15.6.2/dist/gitlens.js:1107:64245)
    at RegisteredActionRunner.dispose (/home/hplat/.vscode/extensions/eamodio.gitlens-15.6.2/dist/gitlens.js:1107:62899)
    at ActionRunners.dispose (/home/hplat/.vscode/extensions/eamodio.gitlens-15.6.2/dist/gitlens.js:1107:63685)
    at /home/hplat/.vscode/extensions/eamodio.gitlens-15.6.2/dist/gitlens.js:1448:19218
    at Array.forEach (<anonymous>)
    at Object.dispose (/home/hplat/.vscode/extensions/eamodio.gitlens-15.6.2/dist/gitlens.js:1448:19200)
    at Si (file:///opt/visual-studio-code/resources/app/out/vs/workbench/api/node/extensionHostProcess.js:24:701)
    at file:///opt/visual-studio-code/resources/app/out/vs/workbench/api/node/extensionHostProcess.js:118:14995
    at file:///opt/visual-studio-code/resources/app/out/vs/workbench/api/node/extensionHostProcess.js:24:1011
    at Object.dispose (file:///opt/visual-studio-code/resources/app/out/vs/workbench/api/node/extensionHostProcess.js:7:2146)
    at hB.eb (file:///opt/visual-studio-code/resources/app/out/vs/workbench/api/node/extensionHostProcess.js:118:11922)
    at file:///opt/visual-studio-code/resources/app/out/vs/workbench/api/node/extensionHostProcess.js:118:9877
    at Array.map (<anonymous>)
    at hB.$ (file:///opt/visual-studio-code/resources/app/out/vs/workbench/api/node/extensionHostProcess.js:118:9865)
    at hB.terminate (file:///opt/visual-studio-code/resources/app/out/vs/workbench/api/node/extensionHostProcess.js:118:10108)
    at M3.terminate (file:///opt/visual-studio-code/resources/app/out/vs/workbench/api/node/extensionHostProcess.js:119:1424)
    at ps (file:///opt/visual-studio-code/resources/app/out/vs/workbench/api/node/extensionHostProcess.js:174:15058)
    at MessagePortMain.<anonymous> (file:///opt/visual-studio-code/resources/app/out/vs/workbench/api/node/extensionHostProcess.js:174:11603)
    at MessagePortMain.emit (node:events:519:28)
    at MessagePortMain.emit (node:domain:488:12)
    at Object.MessagePortMain._internalPort.emit (node:electron/js2c/utility_init:2:2619) setContext undefined
2024-10-21 22:51:52.900 [error] Canceled: Canceled
    at new eA (file:///opt/visual-studio-code/resources/app/out/vs/workbench/api/node/extensionHostProcess.js:31:109321)
    at Zb.U (file:///opt/visual-studio-code/resources/app/out/vs/workbench/api/node/extensionHostProcess.js:31:113933)
    at Proxy.s.<computed>.n.charCodeAt.s.<computed> (file:///opt/visual-studio-code/resources/app/out/vs/workbench/api/node/extensionHostProcess.js:31:111427)
    at T0.g (file:///opt/visual-studio-code/resources/app/out/vs/workbench/api/node/extensionHostProcess.js:114:32325)
    at T0.executeCommand (file:///opt/visual-studio-code/resources/app/out/vs/workbench/api/node/extensionHostProcess.js:114:31826)
    at r.registerCommand.description (file:///opt/visual-studio-code/resources/app/out/vs/workbench/api/node/extensionHostProcess.js:114:31156)
    at T0.h (file:///opt/visual-studio-code/resources/app/out/vs/workbench/api/node/extensionHostProcess.js:114:32845)
    at T0.g (file:///opt/visual-studio-code/resources/app/out/vs/workbench/api/node/extensionHostProcess.js:114:31919)
    at T0.executeCommand (file:///opt/visual-studio-code/resources/app/out/vs/workbench/api/node/extensionHostProcess.js:114:31826)
    at Object.executeCommand (file:///opt/visual-studio-code/resources/app/out/vs/workbench/api/node/extensionHostProcess.js:156:37049)
    at pE (/home/hplat/.vscode/extensions/bradlc.vscode-tailwindcss-0.12.11/dist/extension.js:40:8772)
    at Ne (/home/hplat/.vscode/extensions/bradlc.vscode-tailwindcss-0.12.11/dist/extension.js:4:1357)
    at me (/home/hplat/.vscode/extensions/bradlc.vscode-tailwindcss-0.12.11/dist/extension.js:3:6845)
    at Immediate.<anonymous> (/home/hplat/.vscode/extensions/bradlc.vscode-tailwindcss-0.12.11/dist/extension.js:3:6723)
    at processImmediate (node:internal/timers:483:21) setContext undefined
2024-10-21 22:51:52.903 [info] Extension host with pid 27898 exiting with code 0
