2024-10-17 20:54:43.422 [info] /home/hplat/.config/Code/User/profiles/-2382b5f8/settings.json closed
2024-10-17 20:54:43.479 [info] /home/hplat/.config/Code/User/profiles/-2382b5f8/settings.json closed
2024-10-17 20:54:43.496 [info] /home/hplat/.config/Code/User/profiles/-2382b5f8/settings.json closed
2024-10-17 20:54:55.871 [info] Executing :w
2024-10-17 20:55:20.976 [info] Executing :w
2024-10-17 20:56:01.993 [info] Executing :w
2024-10-17 20:57:44.044 [info] /embeded.embeddedhtml closed
2024-10-17 20:57:57.622 [info] Executing :w
2024-10-17 20:58:15.227 [info] Executing :w
2024-10-17 20:59:52.340 [info] Executing :w
2024-10-17 20:59:56.709 [info] Executing :w
2024-10-17 21:00:53.601 [info] /embeded.embeddedhtml closed
2024-10-17 21:08:48.347 [info] Executing :w
2024-10-17 21:08:51.461 [info] Executing :w
2024-10-17 21:08:59.258 [info] Executing :w
2024-10-17 21:09:07.107 [info] Executing :w
2024-10-17 21:09:10.889 [info] Executing :w
2024-10-17 21:09:13.654 [info] Executing :w
2024-10-17 21:11:11.770 [info] Executing :w
2024-10-17 21:11:18.850 [info] Executing :w
2024-10-17 21:11:25.658 [info] Executing :w
2024-10-17 21:11:32.977 [info] Executing :w
2024-10-17 21:11:36.454 [info] Executing :w
2024-10-17 21:11:37.596 [info] /embeded.embeddedhtml closed
2024-10-17 21:11:38.300 [info] Executing :w
2024-10-17 21:11:41.598 [info] Executing :w
2024-10-17 21:14:37.891 [info] /embeded.embeddedhtml closed
2024-10-17 21:27:02.400 [info] Executing :w
2024-10-17 21:27:11.587 [info] Executing :w
2024-10-17 21:27:17.139 [info] Executing :w
2024-10-17 21:27:18.985 [info] Executing :w
2024-10-17 21:27:21.530 [info] Executing :w
2024-10-17 21:27:36.527 [info] Active editor: file:///opt/lampp/htdocs/web1/index.php
2024-10-17 21:29:51.412 [info] /embeded.embeddedhtml closed
2024-10-17 21:36:05.687 [info] /embeded.embeddedhtml closed
2024-10-17 21:38:08.054 [info] Active editor: file:///opt/lampp/htdocs/web1/chuyen.php
2024-10-17 21:38:08.433 [info] Active editor: file:///opt/lampp/htdocs/web1/index.php
2024-10-17 21:38:10.441 [info] Active editor: file:///opt/lampp/htdocs/web1/chuyen.php
2024-10-17 21:38:30.797 [info] Executing :w
2024-10-17 21:39:07.466 [info] Executing :w
2024-10-17 21:41:08.256 [info] /embeded.embeddedhtml closed
2024-10-17 21:41:08.636 [info] /embeded.embeddedhtml closed
2024-10-17 21:42:42.778 [info] Executing :w
2024-10-17 21:42:49.344 [info] Executing :w
2024-10-17 21:42:56.162 [info] Executing :w
2024-10-17 21:42:59.552 [info] Executing :w
2024-10-17 21:43:08.955 [info] Executing :w
2024-10-17 21:43:13.857 [info] Executing :w
2024-10-17 21:43:26.786 [info] Executing :w
2024-10-17 21:43:49.084 [info] Executing :w
2024-10-17 21:44:04.424 [info] Executing :w
2024-10-17 21:44:20.634 [info] Executing :w
2024-10-17 21:44:28.625 [info] Executing :w
2024-10-17 21:45:37.489 [info] /embeded.embeddedhtml closed
2024-10-17 21:49:31.295 [info] Executing :w
2024-10-17 21:49:57.056 [info] Executing :w
2024-10-17 21:50:06.062 [info] Executing :w
2024-10-17 21:50:09.696 [info] Executing :w
2024-10-17 21:50:24.113 [info] Executing :w
2024-10-17 21:51:16.521 [info] Executing :w
2024-10-17 21:51:38.794 [info] Executing :w
2024-10-17 21:51:51.884 [info] /embeded.embeddedhtml closed
2024-10-17 21:52:35.453 [info] Executing :w
2024-10-17 21:52:57.104 [info] Executing :w
2024-10-17 21:54:51.909 [info] /embeded.embeddedhtml closed
2024-10-17 22:19:20.996 [info] Active editor: file:///opt/lampp/htdocs/web1/index.php
2024-10-17 22:19:21.388 [info] Active editor: file:///opt/lampp/htdocs/web1/chuyen.php
2024-10-17 22:19:49.334 [info] Executing :w
2024-10-17 22:19:58.618 [info] Executing :w
2024-10-17 22:22:19.500 [info] /embeded.embeddedhtml closed
2024-10-17 22:22:21.175 [info] /embeded.embeddedhtml closed
2024-10-17 22:24:45.463 [info] /home/hplat/.vscode/extensions/bmewburn.vscode-intelephense-client-1.12.6/node_modules/intelephense/lib/stub/superglobals/_superglobals.php closed
2024-10-17 22:24:51.326 [info] Executing :w
2024-10-17 22:25:29.811 [info] Executing :w
2024-10-17 22:26:06.104 [info] Executing :w
2024-10-17 22:27:08.673 [info] Active editor: file:///opt/lampp/htdocs/web1/index.php
2024-10-17 22:27:09.579 [warning] invalid cursor position. [[3, 2] | [3, 2]].
2024-10-17 22:27:44.961 [info] /embeded.embeddedhtml closed
2024-10-17 22:27:48.793 [info] Executing :w
2024-10-17 22:27:56.279 [info] Executing :w
2024-10-17 22:28:36.117 [info] Executing :w
2024-10-17 22:28:37.202 [info] Active editor: file:///opt/lampp/htdocs/web1/chuyen.php
2024-10-17 22:28:40.725 [info] Executing :w
2024-10-17 22:28:41.865 [info] Active editor: file:///opt/lampp/htdocs/web1/index.php
2024-10-17 22:28:51.051 [info] Executing :w
2024-10-17 22:29:02.826 [info] Active editor: file:///opt/lampp/htdocs/web1/chuyen.php
2024-10-17 22:29:03.303 [info] Active editor: file:///opt/lampp/htdocs/web1/index.php
2024-10-17 22:29:06.648 [info] Active editor: file:///opt/lampp/htdocs/web1/chuyen.php
2024-10-17 22:29:36.276 [info] Executing :w
2024-10-17 22:29:44.407 [info] Active editor: file:///opt/lampp/htdocs/web1/index.php
2024-10-17 22:29:54.955 [info] Executing :w
2024-10-17 22:29:55.351 [info] Active editor: file:///opt/lampp/htdocs/web1/chuyen.php
2024-10-17 22:30:04.803 [info] Executing :w
2024-10-17 22:30:08.894 [info] /embeded.embeddedhtml closed
2024-10-17 22:30:14.982 [info] Executing :w
2024-10-17 22:30:33.081 [info] Executing :w
2024-10-17 22:31:37.287 [info] /embeded.embeddedhtml closed
2024-10-17 22:37:38.126 [info] Active editor: file:///opt/lampp/htdocs/web1/index.php
2024-10-17 22:38:05.262 [info] Executing :w
2024-10-17 22:38:24.590 [info] Executing :w
2024-10-17 22:38:51.339 [info] Executing :w
2024-10-17 22:39:22.435 [info] Executing :w
2024-10-17 22:39:27.274 [info] Executing :w
2024-10-17 22:40:38.217 [info] /embeded.embeddedhtml closed
2024-10-17 22:40:51.595 [info] Executing :w
2024-10-17 22:41:55.748 [info] Executing :w
2024-10-17 22:42:32.901 [info] Executing :w
2024-10-17 22:43:39.182 [info] /embeded.embeddedhtml closed
2024-10-17 22:45:47.663 [info] Active editor: file:///opt/lampp/htdocs/web1/chuyen.php
2024-10-17 22:46:08.647 [info] Executing :w
2024-10-17 22:46:21.160 [info] Active editor: file:///opt/lampp/htdocs/web1/index.php
2024-10-17 22:46:31.075 [info] Executing :w
2024-10-17 22:48:19.657 [info] Active editor: file:///opt/lampp/htdocs/web1/chuyen.php
2024-10-17 22:48:41.322 [info] /embeded.embeddedhtml closed
2024-10-17 22:48:41.974 [info] Executing :w
2024-10-17 22:48:44.367 [info] Active editor: file:///opt/lampp/htdocs/web1/index.php
2024-10-17 22:48:45.798 [info] Active editor: file:///opt/lampp/htdocs/web1/chuyen.php
2024-10-17 22:48:47.747 [info] /embeded.embeddedhtml closed
2024-10-17 22:48:52.882 [info] Executing :w
2024-10-17 22:51:44.427 [info] /embeded.embeddedhtml closed
2024-10-17 22:51:51.711 [info] /embeded.embeddedhtml closed
2024-10-17 23:03:11.364 [info] Executing :w
2024-10-17 23:03:28.704 [info] Executing :w
2024-10-17 23:05:58.340 [info] /embeded.embeddedhtml closed
2024-10-17 23:10:19.445 [info] Active editor: file:///opt/lampp/htdocs/web1/index.php
2024-10-17 23:10:22.071 [info] Active editor: file:///opt/lampp/htdocs/web1/chuyen.php
2024-10-17 23:10:27.776 [info] Executing :w
2024-10-17 23:13:06.063 [info] /embeded.embeddedhtml closed
2024-10-17 23:13:19.504 [info] /embeded.embeddedhtml closed
2024-10-18 06:14:44.376 [info] Executing :w
2024-10-18 06:15:18.390 [info] /embeded.embeddedhtml closed
2024-10-18 06:15:27.161 [info] Executing :w
2024-10-18 06:15:56.279 [info] Executing :w
2024-10-18 06:16:02.695 [info] Executing :w
2024-10-18 06:17:57.464 [info] Executing :w
2024-10-18 06:18:18.431 [info] /embeded.embeddedhtml closed
2024-10-18 06:18:18.470 [info] Executing :w
2024-10-18 06:18:49.310 [info] Executing :w
2024-10-18 06:18:56.776 [info] Executing :w
2024-10-18 06:19:08.453 [info] Active editor: file:///opt/lampp/htdocs/web1/index.php
2024-10-18 06:19:09.122 [info] Active editor: file:///opt/lampp/htdocs/web1/chuyen.php
2024-10-18 06:19:12.087 [info] Active editor: file:///opt/lampp/htdocs/ktra/chuyen.php
2024-10-18 06:19:22.780 [info] Active editor: file:///opt/lampp/htdocs/web1/chuyen.php
2024-10-18 06:19:27.506 [info] Active editor: file:///opt/lampp/htdocs/ktra/chuyen.php
2024-10-18 06:19:29.105 [info] Executing :w
2024-10-18 06:19:34.999 [info] Executing :w
2024-10-18 06:19:35.493 [info] Active editor: file:///opt/lampp/htdocs/web1/chuyen.php
2024-10-18 06:19:36.382 [info] Executing :w
2024-10-18 06:19:37.490 [info] Active editor: file:///opt/lampp/htdocs/ktra/chuyen.php
2024-10-18 06:19:40.173 [info] Active editor: file:///opt/lampp/htdocs/web1/chuyen.php
2024-10-18 06:19:40.670 [info] Active editor: file:///opt/lampp/htdocs/ktra/chuyen.php
2024-10-18 06:20:02.481 [info] Executing :w
2024-10-18 06:20:38.347 [info] Executing :w
2024-10-18 06:20:50.044 [info] Executing :w
2024-10-18 06:21:03.421 [info] Executing :w
2024-10-18 06:21:12.776 [info] Executing :w
2024-10-18 06:21:18.500 [info] /embeded.embeddedhtml closed
2024-10-18 06:22:03.057 [info] Executing :w
2024-10-18 06:22:08.651 [info] /embeded.embeddedhtml closed
2024-10-18 06:22:12.153 [info] /embeded.embeddedhtml closed
2024-10-18 06:24:04.278 [info] Executing :w
2024-10-18 06:25:29.431 [info] Executing :w
2024-10-18 06:26:02.269 [info] /embeded.embeddedhtml closed
2024-10-18 06:26:07.412 [info] Executing :w
2024-10-18 06:27:57.848 [info] Executing :w
2024-10-18 06:29:02.844 [info] /embeded.embeddedhtml closed
2024-10-18 06:31:45.777 [info] Executing :w
2024-10-18 06:31:55.131 [info] Executing :w
2024-10-18 06:32:07.470 [info] Executing :w
2024-10-18 06:32:14.887 [info] Executing :w
2024-10-18 06:32:30.608 [info] Executing :w
2024-10-18 06:32:54.367 [info] Active editor: file:///opt/lampp/htdocs/ktra/src/styles.css
2024-10-18 06:32:54.795 [info] /opt/lampp/htdocs/ktra/src/styles.css closed
2024-10-18 06:32:54.814 [info] Active editor: file:///opt/lampp/htdocs/ktra/src/style.css
2024-10-18 06:32:57.667 [info] /opt/lampp/htdocs/ktra/src/style.css closed
2024-10-18 06:32:57.685 [info] Active editor: file:///opt/lampp/htdocs/ktra/src/styles.css
2024-10-18 06:32:59.766 [info] Active editor: file:///opt/lampp/htdocs/ktra/chuyen.php
2024-10-18 06:33:00.989 [info] Active editor: file:///opt/lampp/htdocs/ktra/src/styles.css
2024-10-18 06:33:02.023 [info] Active editor: file:///opt/lampp/htdocs/ktra/chuyen.php
2024-10-18 06:33:03.000 [info] /opt/lampp/htdocs/ktra/src/styles.css closed
2024-10-18 06:33:03.019 [info] Active editor: file:///opt/lampp/htdocs/ktra/src/style.css
2024-10-18 06:33:08.581 [info] /opt/lampp/htdocs/ktra/src/style.css closed
2024-10-18 06:33:08.600 [info] Active editor: file:///opt/lampp/htdocs/ktra/src/styles.css
2024-10-18 06:33:10.685 [info] Executing :w
2024-10-18 06:33:12.305 [info] Active editor: file:///opt/lampp/htdocs/ktra/chuyen.php
2024-10-18 06:33:13.086 [info] Active editor: file:///opt/lampp/htdocs/ktra/src/styles.css
2024-10-18 06:33:13.430 [info] Active editor: file:///opt/lampp/htdocs/ktra/src/style.css
2024-10-18 06:34:42.132 [info] /embeded.embeddedhtml closed
2024-10-18 06:36:38.693 [info] /opt/lampp/htdocs/web1/chuyen.php closed
2024-10-18 06:36:39.162 [info] Active editor: file:///opt/lampp/htdocs/ktra/chuyen.php
2024-10-18 06:36:51.797 [info] Executing :w
2024-10-18 06:37:39.709 [info] Executing :w
2024-10-18 06:37:45.661 [info] Executing :w
2024-10-18 06:37:49.697 [info] /opt/lampp/htdocs/ktra/src/style.css closed
2024-10-18 06:37:49.720 [info] Active editor: file:///opt/lampp/htdocs/ktra/style.css
2024-10-18 06:37:50.416 [info] /opt/lampp/htdocs/ktra/style.css closed
2024-10-18 06:37:50.513 [info] Active editor: file:///opt/lampp/htdocs/ktra/postcss.config.js
2024-10-18 06:37:50.784 [info] /opt/lampp/htdocs/ktra/postcss.config.js closed
2024-10-18 06:37:50.805 [info] Active editor: file:///opt/lampp/htdocs/ktra/tailwind.config.js
2024-10-18 06:37:53.038 [info] /opt/lampp/htdocs/ktra/tailwind.config.js closed
2024-10-18 06:37:53.056 [info] Active editor: file:///opt/lampp/htdocs/ktra/style.css
2024-10-18 06:37:53.553 [info] /opt/lampp/htdocs/ktra/style.css closed
2024-10-18 06:37:53.570 [info] Active editor: file:///opt/lampp/htdocs/ktra/postcss.config.js
2024-10-18 06:37:55.923 [info] /opt/lampp/htdocs/ktra/postcss.config.js closed
2024-10-18 06:37:55.940 [info] Active editor: file:///opt/lampp/htdocs/ktra/package.json
2024-10-18 06:37:56.494 [info] /opt/lampp/htdocs/ktra/package.json closed
2024-10-18 06:37:56.518 [info] Active editor: file:///opt/lampp/htdocs/ktra/package-lock.json
2024-10-18 06:37:56.887 [info] /opt/lampp/htdocs/ktra/package-lock.json closed
2024-10-18 06:37:56.904 [info] Active editor: file:///opt/lampp/htdocs/ktra/input.css
2024-10-18 06:37:57.241 [info] Active editor: file:///opt/lampp/htdocs/ktra/chuyen.php
2024-10-18 06:37:57.733 [info] Active editor: file:///opt/lampp/htdocs/ktra/src/styles.css
2024-10-18 06:37:58.197 [info] /opt/lampp/htdocs/ktra/input.css closed
2024-10-18 06:37:58.214 [info] Active editor: file:///opt/lampp/htdocs/ktra/src/style.css
2024-10-18 06:38:03.053 [info] /opt/lampp/htdocs/ktra/src/styles.css closed
2024-10-18 06:38:03.054 [info] /opt/lampp/htdocs/ktra/src/style.css closed
2024-10-18 06:38:03.073 [info] Active editor: file:///opt/lampp/htdocs/ktra/chuyen.php
2024-10-18 06:38:03.932 [info] Active editor: file:///opt/lampp/htdocs/ktra/input.css
2024-10-18 06:38:04.390 [info] /opt/lampp/htdocs/ktra/input.css closed
2024-10-18 06:38:04.414 [info] Active editor: file:///opt/lampp/htdocs/ktra/package-lock.json
2024-10-18 06:38:06.430 [info] /opt/lampp/htdocs/ktra/package-lock.json closed
2024-10-18 06:38:06.436 [info] Active editor: file:///opt/lampp/htdocs/ktra/package.json
2024-10-18 06:39:28.492 [info] Executing :w
2024-10-18 06:39:39.244 [info] /embeded.embeddedhtml closed
2024-10-18 06:39:52.791 [info] Active editor: file:///opt/lampp/htdocs/ktra/style.css
2024-10-18 06:39:54.696 [info] Active editor: file:///opt/lampp/htdocs/ktra/chuyen.php
2024-10-18 06:40:02.479 [info] Executing :w
2024-10-18 06:40:09.662 [info] Executing :w
2024-10-18 06:40:23.146 [info] /opt/lampp/htdocs/ktra/style.css closed
2024-10-18 06:40:23.166 [info] Active editor: file:///opt/lampp/htdocs/ktra/input.css
2024-10-18 06:40:23.532 [info] /opt/lampp/htdocs/ktra/input.css closed
2024-10-18 06:40:23.557 [info] Active editor: file:///opt/lampp/htdocs/ktra/package-lock.json
2024-10-18 06:40:24.420 [info] Active editor: file:///opt/lampp/htdocs/ktra/package.json
2024-10-18 06:40:31.749 [info] Active editor: file:///opt/lampp/htdocs/ktra/package-lock.json
2024-10-18 06:40:33.050 [info] Active editor: file:///opt/lampp/htdocs/ktra/chuyen.php
2024-10-18 06:40:41.922 [info] Executing :w
2024-10-18 06:41:28.181 [info] /opt/lampp/htdocs/ktra/package-lock.json closed
2024-10-18 06:41:28.228 [info] Active editor: file:///opt/lampp/htdocs/ktra/style.css
2024-10-18 06:41:29.103 [info] /opt/lampp/htdocs/ktra/style.css closed
2024-10-18 06:41:29.123 [info] Active editor: file:///opt/lampp/htdocs/ktra/postcss.config.js
2024-10-18 06:41:29.536 [info] Active editor: file:///opt/lampp/htdocs/ktra/package.json
2024-10-18 06:41:29.938 [info] Active editor: file:///opt/lampp/htdocs/ktra/postcss.config.js
2024-10-18 06:41:30.230 [info] /opt/lampp/htdocs/ktra/postcss.config.js closed
2024-10-18 06:41:30.252 [info] Active editor: file:///opt/lampp/htdocs/ktra/style.css
2024-10-18 06:41:30.566 [info] /opt/lampp/htdocs/ktra/style.css closed
2024-10-18 06:41:30.581 [info] Active editor: file:///opt/lampp/htdocs/ktra/tailwind.config.js
2024-10-18 06:41:31.185 [info] /opt/lampp/htdocs/ktra/tailwind.config.js closed
2024-10-18 06:41:31.205 [info] Active editor: file:///opt/lampp/htdocs/ktra/style.css
2024-10-18 06:41:31.787 [info] /opt/lampp/htdocs/ktra/style.css closed
2024-10-18 06:41:31.804 [info] Active editor: file:///opt/lampp/htdocs/ktra/postcss.config.js
2024-10-18 06:41:32.160 [info] Active editor: file:///opt/lampp/htdocs/ktra/package.json
2024-10-18 06:41:33.238 [info] /opt/lampp/htdocs/ktra/postcss.config.js closed
2024-10-18 06:41:33.256 [info] Active editor: file:///opt/lampp/htdocs/ktra/tailwind.config.js
2024-10-18 06:41:33.747 [info] /opt/lampp/htdocs/ktra/tailwind.config.js closed
2024-10-18 06:41:33.766 [info] Active editor: file:///opt/lampp/htdocs/ktra/style.css
2024-10-18 06:41:34.168 [info] /opt/lampp/htdocs/ktra/style.css closed
2024-10-18 06:41:34.185 [info] Active editor: file:///opt/lampp/htdocs/ktra/postcss.config.js
2024-10-18 06:41:34.592 [info] /opt/lampp/htdocs/ktra/postcss.config.js closed
2024-10-18 06:41:34.610 [info] Active editor: file:///opt/lampp/htdocs/ktra/tailwind.config.js
2024-10-18 06:42:31.064 [info] Executing :w
2024-10-18 06:42:54.796 [info] /embeded.embeddedhtml closed
2024-10-18 06:43:07.225 [info] Active editor: file:///opt/lampp/htdocs/ktra/package.json
2024-10-18 06:43:07.765 [info] /opt/lampp/htdocs/ktra/package.json closed
2024-10-18 06:43:07.771 [info] Active editor: file:///opt/lampp/htdocs/ktra/tailwind.config.js
2024-10-18 06:43:08.615 [info] /opt/lampp/htdocs/ktra/tailwind.config.js closed
2024-10-18 06:43:08.620 [info] Active editor: file:///opt/lampp/htdocs/ktra/chuyen.php
2024-10-18 06:43:11.770 [info] Executing :w
2024-10-18 06:45:13.165 [info] Executing :w
2024-10-18 06:45:17.795 [info] Executing :w
2024-10-18 06:45:44.222 [info] Executing :w
2024-10-18 06:46:03.214 [info] Executing :w
2024-10-18 06:46:04.026 [info] Executing :w
2024-10-18 06:46:08.690 [info] /embeded.embeddedhtml closed
2024-10-18 06:46:09.468 [info] Executing :w
2024-10-18 06:46:22.715 [info] Executing ::w
2024-10-18 06:48:17.593 [info] Executing :w
2024-10-18 06:48:37.493 [info] Executing :w
2024-10-18 06:49:09.058 [info] /embeded.embeddedhtml closed
2024-10-18 06:55:26.319 [info] Active editor: file:///opt/lampp/htdocs/ktra/input.css
2024-10-18 06:55:26.700 [info] Active editor: file:///opt/lampp/htdocs/ktra/chuyen.php
2024-10-18 06:55:36.430 [info] /opt/lampp/htdocs/ktra/input.css closed
2024-10-18 06:55:36.451 [info] Active editor: file:///opt/lampp/htdocs/ktra/tailwind.config.js
2024-10-18 06:55:49.036 [info] Executing :w
2024-10-18 06:55:55.346 [info] /opt/lampp/htdocs/ktra/chuyen.php closed
2024-10-18 06:55:56.844 [info] Active editor: file:///opt/lampp/htdocs/ktra/src/chuyen.php
2024-10-18 06:56:31.608 [info] Active editor: file:///opt/lampp/htdocs/ktra/tailwind.config.js
2024-10-18 06:57:09.300 [info] Executing :w
2024-10-18 06:57:19.265 [info] Active editor: file:///opt/lampp/htdocs/ktra/src/chuyen.php
2024-10-18 06:57:33.730 [info] Executing :w
2024-10-18 06:57:43.800 [info] Active editor: file:///opt/lampp/htdocs/ktra/src/create.php
2024-10-18 06:57:49.057 [info] Active editor: file:///opt/lampp/htdocs/ktra/src/chuyen.php
2024-10-18 06:57:55.178 [info] /opt/lampp/htdocs/ktra/src/chuyen.php closed
2024-10-18 06:57:55.224 [info] Active editor: file:///opt/lampp/htdocs/ktra/src/index.php
2024-10-18 06:58:26.769 [info] /embeded.embeddedhtml closed
2024-10-18 06:58:37.421 [info] Executing :w
2024-10-18 06:58:45.786 [info] Executing :w
2024-10-18 06:58:56.943 [info] /embeded.embeddedhtml closed
2024-10-18 06:59:14.586 [info] Executing :w
2024-10-18 06:59:25.283 [info] Executing :w
2024-10-18 06:59:35.270 [info] Executing :w
2024-10-18 06:59:43.371 [info] Executing :w
2024-10-18 06:59:46.918 [info] Executing :w
2024-10-18 07:00:44.001 [info] /embeded.embeddedhtml closed
2024-10-18 07:00:52.880 [info] Executing :w
2024-10-18 07:00:55.309 [info] /embeded.embeddedhtml closed
2024-10-18 07:01:11.924 [info] Executing :w
2024-10-18 07:01:48.947 [info] Executing :w
2024-10-18 07:01:56.313 [info] Active editor: file:///opt/lampp/htdocs/ktra/src/create.php
2024-10-18 07:02:23.581 [info] Active editor: file:///opt/lampp/htdocs/ktra/src/index.php
2024-10-18 07:03:11.980 [info] Active editor: file:///opt/lampp/htdocs/ktra/src/create.php
2024-10-18 07:04:02.406 [info] /embeded.embeddedhtml closed
2024-10-18 07:04:11.149 [info] Active editor: file:///opt/lampp/htdocs/ktra/src/edit.php
2024-10-18 07:04:13.683 [info] Active editor: file:///opt/lampp/htdocs/ktra/src/delete.php
2024-10-18 07:04:56.439 [info] /embeded.embeddedhtml closed
2024-10-18 07:06:42.722 [info] Active editor: file:///opt/lampp/htdocs/ktra/src/create.php
2024-10-18 07:06:44.686 [info] Executing :w
2024-10-18 07:06:45.788 [info] Active editor: file:///opt/lampp/htdocs/ktra/src/index.php
2024-10-18 07:06:50.393 [info] Active editor: output:extension-output-esbenp.prettier-vscode-%231-Prettier
2024-10-18 07:06:54.924 [info] Active editor: file:///opt/lampp/htdocs/ktra/src/index.php
2024-10-18 07:06:54.943 [info] extension-output-esbenp.prettier-vscode-#1-Prettier closed
2024-10-18 07:06:58.834 [info] Active editor: file:///opt/lampp/htdocs/ktra/package.json
2024-10-18 07:07:01.763 [info] /opt/lampp/htdocs/ktra/package.json closed
2024-10-18 07:07:01.769 [info] Active editor: file:///opt/lampp/htdocs/ktra/src/index.php
2024-10-18 07:07:11.351 [info] /embeded.embeddedhtml closed
2024-10-18 07:07:13.885 [info] /embeded.embeddedhtml closed
2024-10-18 07:07:18.873 [info] /home/hplat/.config/Code/User/profiles/-2382b5f8/settings.json closed
2024-10-18 07:07:18.911 [info] Configuration changed
2024-10-18 07:09:05.961 [info] Executing :w
2024-10-18 07:09:23.662 [info] Executing :w
2024-10-18 07:09:42.781 [info] /embeded.embeddedhtml closed
2024-10-18 07:09:45.906 [info] /embeded.embeddedhtml closed
2024-10-18 07:10:05.797 [info] Executing :w
2024-10-18 07:11:54.131 [info] Executing :w
2024-10-18 07:12:08.906 [info] Executing :w
2024-10-18 07:12:50.289 [info] Executing :w
2024-10-18 07:12:54.725 [info] Executing :w
2024-10-18 07:13:04.682 [info] /embeded.embeddedhtml closed
2024-10-18 07:15:12.137 [info] Executing :w
2024-10-18 07:15:39.051 [info] Executing :w
2024-10-18 07:16:58.847 [info] Executing :w
2024-10-18 07:17:14.297 [info] /embeded.embeddedhtml closed
2024-10-18 07:18:36.380 [info] Executing :w
2024-10-18 07:19:10.912 [info] Executing :w
2024-10-18 07:19:17.657 [info] Executing :w
2024-10-18 07:19:23.075 [info] Executing :w
2024-10-18 07:19:39.744 [info] Executing :w
2024-10-18 07:19:59.938 [info] Executing :w
2024-10-18 07:20:06.458 [info] Executing :w
2024-10-18 07:20:14.192 [info] Executing :w
2024-10-18 07:20:15.943 [info] Executing :w
2024-10-18 07:20:17.954 [info] /embeded.embeddedhtml closed
2024-10-18 07:20:59.793 [info] Active editor: file:///opt/lampp/htdocs/ktra/src/create.php
2024-10-18 07:22:48.027 [info] Executing :w
2024-10-18 07:23:02.942 [info] Executing :w
2024-10-18 07:23:35.852 [info] Executing :w
2024-10-18 07:23:59.902 [info] /embeded.embeddedhtml closed
2024-10-18 07:24:23.745 [info] Executing :w
2024-10-18 07:24:49.055 [info] Executing :w
2024-10-18 07:24:56.236 [info] Executing :w
2024-10-18 07:26:59.930 [info] /embeded.embeddedhtml closed
