2024-10-17 20:42:47.492 [info] Reading sessions from keychain...
2024-10-17 20:42:47.492 [info] Getting sessions for all scopes...
2024-10-17 20:42:47.492 [info] Getting sessions for all scopes...
2024-10-17 20:42:47.492 [info] Got stored sessions!
2024-10-17 20:42:47.492 [info] Got 1 verified sessions.
2024-10-17 20:42:47.492 [info] Got 1 sessions for ...
2024-10-17 20:42:47.492 [info] Got 1 sessions for ...
2024-10-17 20:42:47.492 [info] Getting sessions for user:email...
2024-10-17 20:42:47.492 [info] Got 1 sessions for user:email...
2024-10-17 20:42:47.492 [info] Getting sessions for read:user,repo,user:email...
2024-10-17 20:42:47.492 [info] Got 0 sessions for read:user,repo,user:email...
2024-10-17 20:47:51.150 [info] Reading sessions from keychain...
2024-10-17 20:47:51.150 [info] Getting sessions for all scopes...
2024-10-17 20:47:51.150 [info] Getting sessions for all scopes...
2024-10-17 20:47:51.150 [info] Getting sessions for user:email...
2024-10-17 20:47:51.150 [info] Got stored sessions!
2024-10-17 20:47:51.150 [info] Got 1 verified sessions.
2024-10-17 20:47:51.150 [info] Got 1 sessions for ...
2024-10-17 20:47:51.150 [info] Got 1 sessions for ...
2024-10-17 20:47:51.151 [info] Got 1 sessions for user:email...
2024-10-17 20:47:59.877 [info] Getting sessions for read:user,repo,user:email...
2024-10-17 20:47:59.877 [info] Got 0 sessions for read:user,repo,user:email...
2024-10-17 20:47:59.877 [info] Getting sessions for read:user,repo,user:email,workflow...
2024-10-17 20:47:59.877 [info] Got 0 sessions for read:user,repo,user:email,workflow...
2024-10-17 20:47:59.877 [info] Getting sessions for all scopes...
2024-10-17 20:47:59.877 [info] Got 1 sessions for ...
2024-10-17 20:47:59.877 [info] Getting sessions for all scopes...
2024-10-17 20:47:59.877 [info] Got 1 sessions for ...
2024-10-17 20:48:00.036 [info] Getting sessions for read:user...
2024-10-17 20:48:00.036 [info] Got 0 sessions for read:user...
2024-10-17 20:48:00.036 [info] Getting sessions for read:user,repo,user:email,workflow...
2024-10-17 20:48:00.036 [info] Got 0 sessions for read:user,repo,user:email,workflow...
2024-10-17 20:48:00.044 [info] Getting sessions for user:email...
2024-10-17 20:48:00.044 [info] Got 1 sessions for user:email...
2024-10-17 20:48:00.044 [info] Getting sessions for user:email...
2024-10-17 20:48:00.044 [info] Got 1 sessions for user:email...
2024-10-17 20:48:00.062 [info] Getting sessions for all scopes...
2024-10-17 20:48:00.062 [info] Got 1 sessions for ...
2024-10-17 20:48:01.043 [info] Getting sessions for read:user,repo,user:email,workflow...
2024-10-17 20:48:01.043 [info] Got 0 sessions for read:user,repo,user:email,workflow...
2024-10-17 20:48:01.094 [info] Getting sessions for user:email...
2024-10-17 20:48:01.094 [info] Got 1 sessions for user:email...
2024-10-17 20:48:01.096 [info] Getting sessions for all scopes...
2024-10-17 20:48:01.096 [info] Got 1 sessions for ...
2024-10-17 20:48:01.100 [info] Getting sessions for read:user,repo,user:email,workflow...
2024-10-17 20:48:01.100 [info] Got 0 sessions for read:user,repo,user:email,workflow...
2024-10-17 20:48:01.102 [info] Getting sessions for user:email...
2024-10-17 20:48:01.102 [info] Got 1 sessions for user:email...
2024-10-17 20:48:01.169 [info] Getting sessions for all scopes...
2024-10-17 20:48:01.169 [info] Got 1 sessions for ...
2024-10-17 20:48:01.170 [info] Getting sessions for read:user,repo,user:email,workflow...
2024-10-17 20:48:01.170 [info] Got 0 sessions for read:user,repo,user:email,workflow...
2024-10-17 20:48:01.171 [info] Getting sessions for user:email...
2024-10-17 20:48:01.171 [info] Got 1 sessions for user:email...
2024-10-17 20:48:01.928 [info] Getting sessions for all scopes...
2024-10-17 20:48:01.928 [info] Got 1 sessions for ...
2024-10-17 20:48:01.930 [info] Getting sessions for read:user,repo,user:email,workflow...
2024-10-17 20:48:01.930 [info] Got 0 sessions for read:user,repo,user:email,workflow...
2024-10-17 20:48:01.931 [info] Getting sessions for user:email...
2024-10-17 20:48:01.931 [info] Got 1 sessions for user:email...
2024-10-17 20:48:01.933 [info] Getting sessions for all scopes...
2024-10-17 20:48:01.933 [info] Got 1 sessions for ...
2024-10-17 20:48:01.934 [info] Getting sessions for read:user,repo,user:email,workflow...
2024-10-17 20:48:01.934 [info] Got 0 sessions for read:user,repo,user:email,workflow...
2024-10-17 20:48:01.935 [info] Getting sessions for user:email...
2024-10-17 20:48:01.935 [info] Got 1 sessions for user:email...
2024-10-17 20:49:18.048 [info] Reading sessions from keychain...
2024-10-17 20:49:18.048 [info] Getting sessions for all scopes...
2024-10-17 20:49:18.048 [info] Getting sessions for all scopes...
2024-10-17 20:49:18.048 [info] Getting sessions for user:email...
2024-10-17 20:49:18.048 [info] Got stored sessions!
2024-10-17 20:49:18.048 [info] Got 1 verified sessions.
2024-10-17 20:49:18.048 [info] Got 1 sessions for ...
2024-10-17 20:49:18.048 [info] Got 1 sessions for ...
2024-10-17 20:49:18.048 [info] Got 1 sessions for user:email...
2024-10-17 20:49:19.508 [info] Getting sessions for read:user,repo,user:email...
2024-10-17 20:49:19.508 [info] Got 0 sessions for read:user,repo,user:email...
2024-10-17 20:49:34.738 [info] Reading sessions from keychain...
2024-10-17 20:49:34.744 [info] Got stored sessions!
2024-10-17 20:49:34.744 [info] Got 1 verified sessions.
2024-10-17 20:49:34.744 [info] Getting sessions for all scopes...
2024-10-17 20:49:34.744 [info] Got 1 sessions for ...
2024-10-17 20:49:34.744 [info] Getting sessions for all scopes...
2024-10-17 20:49:34.744 [info] Got 1 sessions for ...
2024-10-17 20:49:34.744 [info] Getting sessions for user:email...
2024-10-17 20:49:34.744 [info] Got 1 sessions for user:email...
2024-10-17 20:49:36.002 [info] Getting sessions for read:user,repo,user:email...
2024-10-17 20:49:36.002 [info] Got 0 sessions for read:user,repo,user:email...
