2024-10-17 20:42:52.586 [info] [main] Log level: Info
2024-10-17 20:42:52.586 [info] [main] Validating found git in: "git"
2024-10-17 20:42:52.586 [info] [main] Using git "2.47.0" from "git"
2024-10-17 20:42:52.586 [info] [Model][doInitialScan] Initial repository scan started
2024-10-17 20:42:52.586 [info] > git rev-parse --show-toplevel [10ms]
2024-10-17 20:42:52.586 [info] fatal: not a git repository (or any of the parent directories): .git
2024-10-17 20:42:52.586 [info] > git rev-parse --show-toplevel [9ms]
2024-10-17 20:42:52.586 [info] fatal: not a git repository (or any of the parent directories): .git
2024-10-17 20:42:52.586 [info] [Model][doInitialScan] Initial repository scan completed - repositories (0), closed repositories (0), parent repositories (0), unsafe repositories (0)
2024-10-17 20:42:52.965 [info] > git rev-parse --show-toplevel [5ms]
2024-10-17 20:42:52.965 [info] fatal: not a git repository (or any of the parent directories): .git
2024-10-17 20:46:11.210 [info] > git rev-parse --show-toplevel [4ms]
2024-10-17 20:46:11.210 [info] fatal: not a git repository (or any of the parent directories): .git
2024-10-17 20:46:23.290 [info] > git rev-parse --show-toplevel [7ms]
2024-10-17 20:46:23.290 [info] fatal: not a git repository (or any of the parent directories): .git
2024-10-17 20:47:36.913 [info] > git rev-parse --show-toplevel [11ms]
2024-10-17 20:47:36.913 [info] fatal: not a git repository (or any of the parent directories): .git
2024-10-17 20:47:49.211 [info] > git rev-parse --show-toplevel [2ms]
2024-10-17 20:47:49.211 [info] fatal: not a git repository (or any of the parent directories): .git
2024-10-17 20:47:51.580 [info] [main] Log level: Info
2024-10-17 20:47:51.580 [info] [main] Validating found git in: "git"
2024-10-17 20:47:51.580 [info] [main] Using git "2.47.0" from "git"
2024-10-17 20:47:51.580 [info] [Model][doInitialScan] Initial repository scan started
2024-10-17 20:47:51.580 [info] > git rev-parse --show-toplevel [46ms]
2024-10-17 20:47:51.580 [info] fatal: not a git repository (or any of the parent directories): .git
2024-10-17 20:47:51.581 [info] > git rev-parse --show-toplevel [1ms]
2024-10-17 20:47:51.581 [info] fatal: not a git repository (or any of the parent directories): .git
2024-10-17 20:47:51.583 [info] [Model][doInitialScan] Initial repository scan completed - repositories (0), closed repositories (0), parent repositories (0), unsafe repositories (0)
2024-10-17 20:48:01.042 [info] > git rev-parse --show-toplevel [8ms]
2024-10-17 20:48:01.042 [info] fatal: not a git repository (or any of the parent directories): .git
2024-10-17 20:48:17.980 [info] > git rev-parse --show-toplevel [1ms]
2024-10-17 20:48:17.980 [info] fatal: not a git repository (or any of the parent directories): .git
2024-10-17 20:48:23.346 [info] > git rev-parse --show-toplevel [7ms]
2024-10-17 20:48:23.346 [info] fatal: not a git repository (or any of the parent directories): .git
2024-10-17 20:49:04.644 [info] > git rev-parse --show-toplevel [4ms]
2024-10-17 20:49:04.644 [info] fatal: not a git repository (or any of the parent directories): .git
2024-10-17 20:49:18.148 [info] [main] Log level: Info
2024-10-17 20:49:18.148 [info] [main] Validating found git in: "git"
2024-10-17 20:49:18.148 [info] [main] Using git "2.47.0" from "git"
2024-10-17 20:49:18.148 [info] [Model][doInitialScan] Initial repository scan started
2024-10-17 20:49:18.148 [info] > git rev-parse --show-toplevel [32ms]
2024-10-17 20:49:18.148 [info] fatal: not a git repository (or any of the parent directories): .git
2024-10-17 20:49:18.230 [info] > git rev-parse --show-toplevel [72ms]
2024-10-17 20:49:18.230 [info] fatal: not a git repository (or any of the parent directories): .git
2024-10-17 20:49:18.232 [info] [Model][doInitialScan] Initial repository scan completed - repositories (0), closed repositories (0), parent repositories (0), unsafe repositories (0)
2024-10-17 20:49:26.999 [info] > git rev-parse --show-toplevel [1ms]
2024-10-17 20:49:26.999 [info] fatal: not a git repository (or any of the parent directories): .git
2024-10-17 20:49:34.855 [info] [main] Log level: Info
2024-10-17 20:49:34.855 [info] [main] Validating found git in: "git"
2024-10-17 20:49:34.855 [info] [main] Using git "2.47.0" from "git"
2024-10-17 20:49:34.855 [info] [Model][doInitialScan] Initial repository scan started
2024-10-17 20:49:34.855 [info] > git rev-parse --show-toplevel [18ms]
2024-10-17 20:49:34.855 [info] fatal: not a git repository (or any of the parent directories): .git
2024-10-17 20:49:34.948 [info] > git rev-parse --show-toplevel [82ms]
2024-10-17 20:49:34.948 [info] fatal: not a git repository (or any of the parent directories): .git
2024-10-17 20:49:34.951 [info] [Model][doInitialScan] Initial repository scan completed - repositories (0), closed repositories (0), parent repositories (0), unsafe repositories (0)
2024-10-17 20:49:42.415 [info] > git rev-parse --show-toplevel [3ms]
2024-10-17 20:49:42.415 [info] fatal: not a git repository (or any of the parent directories): .git
2024-10-17 20:49:44.252 [info] > git rev-parse --show-toplevel [8ms]
2024-10-17 20:49:44.252 [info] fatal: not a git repository (or any of the parent directories): .git
2024-10-17 20:50:48.565 [info] > git rev-parse --show-toplevel [4ms]
2024-10-17 20:50:48.565 [info] fatal: not a git repository (or any of the parent directories): .git
2024-10-17 20:50:50.086 [info] > git rev-parse --show-toplevel [3ms]
2024-10-17 20:50:50.086 [info] fatal: not a git repository (or any of the parent directories): .git
2024-10-17 20:50:59.935 [info] > git rev-parse --show-toplevel [5ms]
2024-10-17 20:50:59.935 [info] fatal: not a git repository (or any of the parent directories): .git
2024-10-17 20:51:10.434 [info] > git rev-parse --show-toplevel [2ms]
2024-10-17 20:51:10.434 [info] fatal: not a git repository (or any of the parent directories): .git
2024-10-17 20:51:12.230 [info] > git rev-parse --show-toplevel [1ms]
2024-10-17 20:51:12.230 [info] fatal: not a git repository (or any of the parent directories): .git
2024-10-17 20:51:14.420 [info] > git rev-parse --show-toplevel [3ms]
2024-10-17 20:51:14.420 [info] fatal: not a git repository (or any of the parent directories): .git
2024-10-17 20:51:16.998 [info] > git rev-parse --show-toplevel [1ms]
2024-10-17 20:51:16.998 [info] fatal: not a git repository (or any of the parent directories): .git
2024-10-17 20:51:18.235 [info] > git rev-parse --show-toplevel [5ms]
2024-10-17 20:51:18.235 [info] fatal: not a git repository (or any of the parent directories): .git
