2024-10-17 20:54:43.292 [info] [main] Log level: Info
2024-10-17 20:54:43.292 [info] [main] Validating found git in: "git"
2024-10-17 20:54:43.292 [info] [main] Using git "2.47.0" from "git"
2024-10-17 20:54:43.292 [info] [Model][doInitialScan] Initial repository scan started
2024-10-17 20:54:43.292 [info] > git rev-parse --show-toplevel [811ms]
2024-10-17 20:54:43.292 [info] fatal: not a git repository (or any of the parent directories): .git
2024-10-17 20:54:43.292 [info] > git rev-parse --show-toplevel [145ms]
2024-10-17 20:54:43.292 [info] fatal: not a git repository (or any of the parent directories): .git
2024-10-17 20:54:43.302 [info] > git rev-parse --show-toplevel [44ms]
2024-10-17 20:54:43.302 [info] fatal: not a git repository (or any of the parent directories): .git
2024-10-17 20:54:43.331 [info] > git rev-parse --show-toplevel [9ms]
2024-10-17 20:54:43.331 [info] fatal: not a git repository (or any of the parent directories): .git
2024-10-17 20:54:43.333 [info] [Model][doInitialScan] Initial repository scan completed - repositories (0), closed repositories (0), parent repositories (0), unsafe repositories (0)
2024-10-17 20:54:43.381 [info] > git rev-parse --show-toplevel [9ms]
2024-10-17 20:54:43.381 [info] fatal: not a git repository (or any of the parent directories): .git
2024-10-17 20:54:43.442 [info] > git rev-parse --show-toplevel [43ms]
2024-10-17 20:54:43.442 [info] fatal: not a git repository (or any of the parent directories): .git
2024-10-17 21:27:36.543 [info] > git rev-parse --show-toplevel [4ms]
2024-10-17 21:27:36.543 [info] fatal: not a git repository (or any of the parent directories): .git
2024-10-17 21:38:08.069 [info] > git rev-parse --show-toplevel [2ms]
2024-10-17 21:38:08.069 [info] fatal: not a git repository (or any of the parent directories): .git
2024-10-17 21:38:08.448 [info] > git rev-parse --show-toplevel [2ms]
2024-10-17 21:38:08.448 [info] fatal: not a git repository (or any of the parent directories): .git
2024-10-17 21:38:10.456 [info] > git rev-parse --show-toplevel [2ms]
2024-10-17 21:38:10.456 [info] fatal: not a git repository (or any of the parent directories): .git
2024-10-17 22:19:21.017 [info] > git rev-parse --show-toplevel [3ms]
2024-10-17 22:19:21.017 [info] fatal: not a git repository (or any of the parent directories): .git
2024-10-17 22:19:21.405 [info] > git rev-parse --show-toplevel [3ms]
2024-10-17 22:19:21.405 [info] fatal: not a git repository (or any of the parent directories): .git
2024-10-17 22:27:08.687 [info] > git rev-parse --show-toplevel [3ms]
2024-10-17 22:27:08.687 [info] fatal: not a git repository (or any of the parent directories): .git
2024-10-17 22:28:37.217 [info] > git rev-parse --show-toplevel [3ms]
2024-10-17 22:28:37.217 [info] fatal: not a git repository (or any of the parent directories): .git
2024-10-17 22:28:41.878 [info] > git rev-parse --show-toplevel [3ms]
2024-10-17 22:28:41.878 [info] fatal: not a git repository (or any of the parent directories): .git
2024-10-17 22:29:02.841 [info] > git rev-parse --show-toplevel [2ms]
2024-10-17 22:29:02.841 [info] fatal: not a git repository (or any of the parent directories): .git
2024-10-17 22:29:03.317 [info] > git rev-parse --show-toplevel [3ms]
2024-10-17 22:29:03.317 [info] fatal: not a git repository (or any of the parent directories): .git
2024-10-17 22:29:06.661 [info] > git rev-parse --show-toplevel [2ms]
2024-10-17 22:29:06.661 [info] fatal: not a git repository (or any of the parent directories): .git
2024-10-17 22:29:44.422 [info] > git rev-parse --show-toplevel [3ms]
2024-10-17 22:29:44.422 [info] fatal: not a git repository (or any of the parent directories): .git
2024-10-17 22:29:55.370 [info] > git rev-parse --show-toplevel [4ms]
2024-10-17 22:29:55.370 [info] fatal: not a git repository (or any of the parent directories): .git
2024-10-17 22:37:38.140 [info] > git rev-parse --show-toplevel [3ms]
2024-10-17 22:37:38.151 [info] fatal: not a git repository (or any of the parent directories): .git
2024-10-17 22:45:47.678 [info] > git rev-parse --show-toplevel [3ms]
2024-10-17 22:45:47.678 [info] fatal: not a git repository (or any of the parent directories): .git
2024-10-17 22:46:21.174 [info] > git rev-parse --show-toplevel [2ms]
2024-10-17 22:46:21.174 [info] fatal: not a git repository (or any of the parent directories): .git
2024-10-17 22:48:19.673 [info] > git rev-parse --show-toplevel [2ms]
2024-10-17 22:48:19.673 [info] fatal: not a git repository (or any of the parent directories): .git
2024-10-17 22:48:44.381 [info] > git rev-parse --show-toplevel [2ms]
2024-10-17 22:48:44.381 [info] fatal: not a git repository (or any of the parent directories): .git
2024-10-17 22:48:45.811 [info] > git rev-parse --show-toplevel [2ms]
2024-10-17 22:48:45.811 [info] fatal: not a git repository (or any of the parent directories): .git
2024-10-17 23:10:19.466 [info] > git rev-parse --show-toplevel [5ms]
2024-10-17 23:10:19.466 [info] fatal: not a git repository (or any of the parent directories): .git
2024-10-17 23:10:22.086 [info] > git rev-parse --show-toplevel [3ms]
2024-10-17 23:10:22.086 [info] fatal: not a git repository (or any of the parent directories): .git
2024-10-18 06:16:31.459 [info] > git rev-parse --show-toplevel [2ms]
2024-10-18 06:16:31.459 [info] fatal: not a git repository (or any of the parent directories): .git
2024-10-18 06:16:31.472 [info] > git rev-parse --show-toplevel [1ms]
2024-10-18 06:16:31.472 [info] fatal: not a git repository (or any of the parent directories): .git
2024-10-18 06:16:31.485 [info] > git rev-parse --show-toplevel [1ms]
2024-10-18 06:16:31.485 [info] fatal: not a git repository (or any of the parent directories): .git
2024-10-18 06:16:31.498 [info] > git rev-parse --show-toplevel [1ms]
2024-10-18 06:16:31.498 [info] fatal: not a git repository (or any of the parent directories): .git
2024-10-18 06:16:31.510 [info] > git rev-parse --show-toplevel [1ms]
2024-10-18 06:16:31.510 [info] fatal: not a git repository (or any of the parent directories): .git
2024-10-18 06:16:31.522 [info] > git rev-parse --show-toplevel [1ms]
2024-10-18 06:16:31.522 [info] fatal: not a git repository (or any of the parent directories): .git
2024-10-18 06:16:31.535 [info] > git rev-parse --show-toplevel [1ms]
2024-10-18 06:16:31.535 [info] fatal: not a git repository (or any of the parent directories): .git
2024-10-18 06:16:31.547 [info] > git rev-parse --show-toplevel [1ms]
2024-10-18 06:16:31.547 [info] fatal: not a git repository (or any of the parent directories): .git
2024-10-18 06:16:31.558 [info] > git rev-parse --show-toplevel [1ms]
2024-10-18 06:16:31.558 [info] fatal: not a git repository (or any of the parent directories): .git
2024-10-18 06:19:08.475 [info] > git rev-parse --show-toplevel [4ms]
2024-10-18 06:19:08.475 [info] fatal: not a git repository (or any of the parent directories): .git
2024-10-18 06:19:09.138 [info] > git rev-parse --show-toplevel [3ms]
2024-10-18 06:19:09.138 [info] fatal: not a git repository (or any of the parent directories): .git
2024-10-18 06:19:12.102 [info] > git rev-parse --show-toplevel [3ms]
2024-10-18 06:19:12.102 [info] fatal: not a git repository (or any of the parent directories): .git
2024-10-18 06:19:22.794 [info] > git rev-parse --show-toplevel [3ms]
2024-10-18 06:19:22.794 [info] fatal: not a git repository (or any of the parent directories): .git
2024-10-18 06:19:27.522 [info] > git rev-parse --show-toplevel [2ms]
2024-10-18 06:19:27.522 [info] fatal: not a git repository (or any of the parent directories): .git
2024-10-18 06:19:35.510 [info] > git rev-parse --show-toplevel [2ms]
2024-10-18 06:19:35.511 [info] fatal: not a git repository (or any of the parent directories): .git
2024-10-18 06:19:37.505 [info] > git rev-parse --show-toplevel [3ms]
2024-10-18 06:19:37.505 [info] fatal: not a git repository (or any of the parent directories): .git
2024-10-18 06:19:40.187 [info] > git rev-parse --show-toplevel [2ms]
2024-10-18 06:19:40.187 [info] fatal: not a git repository (or any of the parent directories): .git
2024-10-18 06:19:40.683 [info] > git rev-parse --show-toplevel [2ms]
2024-10-18 06:19:40.683 [info] fatal: not a git repository (or any of the parent directories): .git
2024-10-18 06:32:54.385 [info] > git rev-parse --show-toplevel [3ms]
2024-10-18 06:32:54.385 [info] fatal: not a git repository (or any of the parent directories): .git
2024-10-18 06:32:54.830 [info] > git rev-parse --show-toplevel [5ms]
2024-10-18 06:32:54.830 [info] fatal: not a git repository (or any of the parent directories): .git
2024-10-18 06:32:57.701 [info] > git rev-parse --show-toplevel [3ms]
2024-10-18 06:32:57.701 [info] fatal: not a git repository (or any of the parent directories): .git
2024-10-18 06:32:59.781 [info] > git rev-parse --show-toplevel [4ms]
2024-10-18 06:32:59.781 [info] fatal: not a git repository (or any of the parent directories): .git
2024-10-18 06:33:01.006 [info] > git rev-parse --show-toplevel [3ms]
2024-10-18 06:33:01.006 [info] fatal: not a git repository (or any of the parent directories): .git
2024-10-18 06:33:02.039 [info] > git rev-parse --show-toplevel [3ms]
2024-10-18 06:33:02.039 [info] fatal: not a git repository (or any of the parent directories): .git
2024-10-18 06:33:03.037 [info] > git rev-parse --show-toplevel [3ms]
2024-10-18 06:33:03.037 [info] fatal: not a git repository (or any of the parent directories): .git
2024-10-18 06:33:08.613 [info] > git rev-parse --show-toplevel [1ms]
2024-10-18 06:33:08.614 [info] fatal: not a git repository (or any of the parent directories): .git
2024-10-18 06:33:12.320 [info] > git rev-parse --show-toplevel [3ms]
2024-10-18 06:33:12.320 [info] fatal: not a git repository (or any of the parent directories): .git
2024-10-18 06:33:13.102 [info] > git rev-parse --show-toplevel [3ms]
2024-10-18 06:33:13.102 [info] fatal: not a git repository (or any of the parent directories): .git
2024-10-18 06:33:13.447 [info] > git rev-parse --show-toplevel [4ms]
2024-10-18 06:33:13.447 [info] fatal: not a git repository (or any of the parent directories): .git
2024-10-18 06:36:39.177 [info] > git rev-parse --show-toplevel [2ms]
2024-10-18 06:36:39.177 [info] fatal: not a git repository (or any of the parent directories): .git
2024-10-18 06:37:49.735 [info] > git rev-parse --show-toplevel [2ms]
2024-10-18 06:37:49.735 [info] fatal: not a git repository (or any of the parent directories): .git
2024-10-18 06:37:50.543 [info] > git rev-parse --show-toplevel [14ms]
2024-10-18 06:37:50.543 [info] fatal: not a git repository (or any of the parent directories): .git
2024-10-18 06:37:50.828 [info] > git rev-parse --show-toplevel [2ms]
2024-10-18 06:37:50.828 [info] fatal: not a git repository (or any of the parent directories): .git
2024-10-18 06:37:53.072 [info] > git rev-parse --show-toplevel [2ms]
2024-10-18 06:37:53.072 [info] fatal: not a git repository (or any of the parent directories): .git
2024-10-18 06:37:53.586 [info] > git rev-parse --show-toplevel [4ms]
2024-10-18 06:37:53.586 [info] fatal: not a git repository (or any of the parent directories): .git
2024-10-18 06:37:55.961 [info] > git rev-parse --show-toplevel [9ms]
2024-10-18 06:37:55.961 [info] fatal: not a git repository (or any of the parent directories): .git
2024-10-18 06:37:56.535 [info] > git rev-parse --show-toplevel [4ms]
2024-10-18 06:37:56.535 [info] fatal: not a git repository (or any of the parent directories): .git
2024-10-18 06:37:56.918 [info] > git rev-parse --show-toplevel [2ms]
2024-10-18 06:37:56.918 [info] fatal: not a git repository (or any of the parent directories): .git
2024-10-18 06:37:57.256 [info] > git rev-parse --show-toplevel [2ms]
2024-10-18 06:37:57.257 [info] fatal: not a git repository (or any of the parent directories): .git
2024-10-18 06:37:57.756 [info] > git rev-parse --show-toplevel [11ms]
2024-10-18 06:37:57.756 [info] fatal: not a git repository (or any of the parent directories): .git
2024-10-18 06:37:58.228 [info] > git rev-parse --show-toplevel [2ms]
2024-10-18 06:37:58.228 [info] fatal: not a git repository (or any of the parent directories): .git
2024-10-18 06:38:03.089 [info] > git rev-parse --show-toplevel [3ms]
2024-10-18 06:38:03.090 [info] fatal: not a git repository (or any of the parent directories): .git
2024-10-18 06:38:03.952 [info] > git rev-parse --show-toplevel [3ms]
2024-10-18 06:38:03.953 [info] fatal: not a git repository (or any of the parent directories): .git
2024-10-18 06:38:04.429 [info] > git rev-parse --show-toplevel [3ms]
2024-10-18 06:38:04.429 [info] fatal: not a git repository (or any of the parent directories): .git
2024-10-18 06:38:06.451 [info] > git rev-parse --show-toplevel [3ms]
2024-10-18 06:38:06.451 [info] fatal: not a git repository (or any of the parent directories): .git
2024-10-18 06:39:52.807 [info] > git rev-parse --show-toplevel [2ms]
2024-10-18 06:39:52.807 [info] fatal: not a git repository (or any of the parent directories): .git
2024-10-18 06:39:54.712 [info] > git rev-parse --show-toplevel [4ms]
2024-10-18 06:39:54.712 [info] fatal: not a git repository (or any of the parent directories): .git
2024-10-18 06:40:23.180 [info] > git rev-parse --show-toplevel [2ms]
2024-10-18 06:40:23.180 [info] fatal: not a git repository (or any of the parent directories): .git
2024-10-18 06:40:23.572 [info] > git rev-parse --show-toplevel [1ms]
2024-10-18 06:40:23.573 [info] fatal: not a git repository (or any of the parent directories): .git
2024-10-18 06:40:24.439 [info] > git rev-parse --show-toplevel [4ms]
2024-10-18 06:40:24.439 [info] fatal: not a git repository (or any of the parent directories): .git
2024-10-18 06:40:31.763 [info] > git rev-parse --show-toplevel [2ms]
2024-10-18 06:40:31.763 [info] fatal: not a git repository (or any of the parent directories): .git
2024-10-18 06:40:33.064 [info] > git rev-parse --show-toplevel [2ms]
2024-10-18 06:40:33.064 [info] fatal: not a git repository (or any of the parent directories): .git
2024-10-18 06:41:28.242 [info] > git rev-parse --show-toplevel [3ms]
2024-10-18 06:41:28.242 [info] fatal: not a git repository (or any of the parent directories): .git
2024-10-18 06:41:29.147 [info] > git rev-parse --show-toplevel [8ms]
2024-10-18 06:41:29.147 [info] fatal: not a git repository (or any of the parent directories): .git
2024-10-18 06:41:29.551 [info] > git rev-parse --show-toplevel [2ms]
2024-10-18 06:41:29.551 [info] fatal: not a git repository (or any of the parent directories): .git
2024-10-18 06:41:29.955 [info] > git rev-parse --show-toplevel [3ms]
2024-10-18 06:41:29.955 [info] fatal: not a git repository (or any of the parent directories): .git
2024-10-18 06:41:30.268 [info] > git rev-parse --show-toplevel [3ms]
2024-10-18 06:41:30.268 [info] fatal: not a git repository (or any of the parent directories): .git
2024-10-18 06:41:30.597 [info] > git rev-parse --show-toplevel [4ms]
2024-10-18 06:41:30.597 [info] fatal: not a git repository (or any of the parent directories): .git
2024-10-18 06:41:31.223 [info] > git rev-parse --show-toplevel [3ms]
2024-10-18 06:41:31.223 [info] fatal: not a git repository (or any of the parent directories): .git
2024-10-18 06:41:31.821 [info] > git rev-parse --show-toplevel [4ms]
2024-10-18 06:41:31.821 [info] fatal: not a git repository (or any of the parent directories): .git
2024-10-18 06:41:32.175 [info] > git rev-parse --show-toplevel [2ms]
2024-10-18 06:41:32.175 [info] fatal: not a git repository (or any of the parent directories): .git
2024-10-18 06:41:33.271 [info] > git rev-parse --show-toplevel [3ms]
2024-10-18 06:41:33.271 [info] fatal: not a git repository (or any of the parent directories): .git
2024-10-18 06:41:33.781 [info] > git rev-parse --show-toplevel [2ms]
2024-10-18 06:41:33.781 [info] fatal: not a git repository (or any of the parent directories): .git
2024-10-18 06:41:34.205 [info] > git rev-parse --show-toplevel [6ms]
2024-10-18 06:41:34.205 [info] fatal: not a git repository (or any of the parent directories): .git
2024-10-18 06:41:34.629 [info] > git rev-parse --show-toplevel [5ms]
2024-10-18 06:41:34.629 [info] fatal: not a git repository (or any of the parent directories): .git
2024-10-18 06:43:07.241 [info] > git rev-parse --show-toplevel [3ms]
2024-10-18 06:43:07.241 [info] fatal: not a git repository (or any of the parent directories): .git
2024-10-18 06:43:07.786 [info] > git rev-parse --show-toplevel [4ms]
2024-10-18 06:43:07.787 [info] fatal: not a git repository (or any of the parent directories): .git
2024-10-18 06:43:08.637 [info] > git rev-parse --show-toplevel [4ms]
2024-10-18 06:43:08.637 [info] fatal: not a git repository (or any of the parent directories): .git
2024-10-18 06:55:26.333 [info] > git rev-parse --show-toplevel [2ms]
2024-10-18 06:55:26.333 [info] fatal: not a git repository (or any of the parent directories): .git
2024-10-18 06:55:26.717 [info] > git rev-parse --show-toplevel [4ms]
2024-10-18 06:55:26.717 [info] fatal: not a git repository (or any of the parent directories): .git
2024-10-18 06:55:36.467 [info] > git rev-parse --show-toplevel [5ms]
2024-10-18 06:55:36.467 [info] fatal: not a git repository (or any of the parent directories): .git
2024-10-18 06:55:56.860 [info] > git rev-parse --show-toplevel [4ms]
2024-10-18 06:55:56.860 [info] fatal: not a git repository (or any of the parent directories): .git
2024-10-18 06:56:31.626 [info] > git rev-parse --show-toplevel [5ms]
2024-10-18 06:56:31.626 [info] fatal: not a git repository (or any of the parent directories): .git
2024-10-18 06:57:19.282 [info] > git rev-parse --show-toplevel [3ms]
2024-10-18 06:57:19.282 [info] fatal: not a git repository (or any of the parent directories): .git
2024-10-18 06:57:43.813 [info] > git rev-parse --show-toplevel [2ms]
2024-10-18 06:57:43.813 [info] fatal: not a git repository (or any of the parent directories): .git
2024-10-18 06:57:49.072 [info] > git rev-parse --show-toplevel [3ms]
2024-10-18 06:57:49.072 [info] fatal: not a git repository (or any of the parent directories): .git
2024-10-18 06:57:55.239 [info] > git rev-parse --show-toplevel [3ms]
2024-10-18 06:57:55.239 [info] fatal: not a git repository (or any of the parent directories): .git
2024-10-18 07:01:56.330 [info] > git rev-parse --show-toplevel [3ms]
2024-10-18 07:01:56.330 [info] fatal: not a git repository (or any of the parent directories): .git
2024-10-18 07:02:23.596 [info] > git rev-parse --show-toplevel [3ms]
2024-10-18 07:02:23.596 [info] fatal: not a git repository (or any of the parent directories): .git
2024-10-18 07:03:11.997 [info] > git rev-parse --show-toplevel [3ms]
2024-10-18 07:03:11.997 [info] fatal: not a git repository (or any of the parent directories): .git
2024-10-18 07:04:11.163 [info] > git rev-parse --show-toplevel [2ms]
2024-10-18 07:04:11.163 [info] fatal: not a git repository (or any of the parent directories): .git
2024-10-18 07:04:13.698 [info] > git rev-parse --show-toplevel [3ms]
2024-10-18 07:04:13.698 [info] fatal: not a git repository (or any of the parent directories): .git
2024-10-18 07:06:42.737 [info] > git rev-parse --show-toplevel [2ms]
2024-10-18 07:06:42.737 [info] fatal: not a git repository (or any of the parent directories): .git
2024-10-18 07:06:45.803 [info] > git rev-parse --show-toplevel [3ms]
2024-10-18 07:06:45.803 [info] fatal: not a git repository (or any of the parent directories): .git
2024-10-18 07:06:50.394 [info] > git rev-parse --show-toplevel [3ms]
2024-10-18 07:06:50.394 [info] fatal: not a git repository (or any of the parent directories): .git
2024-10-18 07:06:54.939 [info] > git rev-parse --show-toplevel [2ms]
2024-10-18 07:06:54.939 [info] fatal: not a git repository (or any of the parent directories): .git
2024-10-18 07:06:58.848 [info] > git rev-parse --show-toplevel [2ms]
2024-10-18 07:06:58.848 [info] fatal: not a git repository (or any of the parent directories): .git
2024-10-18 07:07:01.785 [info] > git rev-parse --show-toplevel [5ms]
2024-10-18 07:07:01.785 [info] fatal: not a git repository (or any of the parent directories): .git
2024-10-18 07:07:18.927 [info] > git rev-parse --show-toplevel [1ms]
2024-10-18 07:07:18.927 [info] fatal: not a git repository (or any of the parent directories): .git
2024-10-18 07:20:59.811 [info] > git rev-parse --show-toplevel [2ms]
2024-10-18 07:20:59.811 [info] fatal: not a git repository (or any of the parent directories): .git
